<?xml version="1.0" encoding="UTF-8"?>
<testsuite name="TestSuite" time="30.571" tests="18" errors="0" skipped="0" failures="4">
  <properties>
    <property name="java.runtime.name" value="Java(TM) SE Runtime Environment"/>
    <property name="sun.boot.library.path" value="C:\Program Files\Java\jdk1.8.0_121\jre\bin"/>
    <property name="java.vm.version" value="25.121-b13"/>
    <property name="java.vm.vendor" value="Oracle Corporation"/>
    <property name="maven.multiModuleProjectDirectory" value="D:\interviewer\Interviewer\QAauto"/>
    <property name="java.vendor.url" value="http://java.oracle.com/"/>
    <property name="path.separator" value=";"/>
    <property name="guice.disable.misplaced.annotation.check" value="true"/>
    <property name="java.vm.name" value="Java HotSpot(TM) 64-Bit Server VM"/>
    <property name="file.encoding.pkg" value="sun.io"/>
    <property name="user.script" value=""/>
    <property name="user.country" value="RU"/>
    <property name="sun.java.launcher" value="SUN_STANDARD"/>
    <property name="sun.os.patch.level" value=""/>
    <property name="java.vm.specification.name" value="Java Virtual Machine Specification"/>
    <property name="user.dir" value="D:\interviewer\Interviewer\QAauto"/>
    <property name="java.runtime.version" value="1.8.0_121-b13"/>
    <property name="java.awt.graphicsenv" value="sun.awt.Win32GraphicsEnvironment"/>
    <property name="java.endorsed.dirs" value="C:\Program Files\Java\jdk1.8.0_121\jre\lib\endorsed"/>
    <property name="os.arch" value="amd64"/>
    <property name="java.io.tmpdir" value="C:\Users\3671~1\AppData\Local\Temp\"/>
    <property name="line.separator" value="&#10;"/>
    <property name="java.vm.specification.vendor" value="Oracle Corporation"/>
    <property name="user.variant" value=""/>
    <property name="os.name" value="Windows 10"/>
    <property name="classworlds.conf" value="C:\maven\apache-maven-3.3.9\bin\m2.conf"/>
    <property name="sun.jnu.encoding" value="Cp1251"/>
    <property name="java.library.path" value="C:\Program Files\Java\jdk1.8.0_121\bin;C:\WINDOWS\Sun\Java\bin;C:\WINDOWS\system32;C:\WINDOWS;C:\ProgramData\Oracle\Java\javapath;C:\WINDOWS\system32;C:\WINDOWS;C:\WINDOWS\System32\Wbem;C:\WINDOWS\System32\WindowsPowerShell\v1.0\;C:\Program Files\Git\cmd;C:\WINDOWS\system32\config\systemprofile\.dnx\bin;C:\Program Files\Microsoft DNX\Dnvm\;C:\Program Files\Microsoft SQL Server\130\Tools\Binn\;C:\Program Files\Java\jdk1.8.0_121\bin;C:\maven\apache-maven-3.3.9;C:\Program Files (x86)\Skype\Phone\;C:\maven\apache-maven-3.3.9\bin;C:\Program Files\nodejs\;C:\Users\Оксана\AppData\Local\Microsoft\WindowsApps;C:\Program Files\Java\jdk1.8.0_121\bin;C:\maven\apache-maven-3.3.9\bin;;D:\AutoQA\enviropment\tools;D:\AutoQA\enviropment\platform-tools;D:\AutoQA\enviropment\build-tools;C:\Users\Оксана\AppData\Roaming\npm;."/>
    <property name="java.specification.name" value="Java Platform API Specification"/>
    <property name="java.class.version" value="52.0"/>
    <property name="sun.management.compiler" value="HotSpot 64-Bit Tiered Compilers"/>
    <property name="os.version" value="10.0"/>
    <property name="user.home" value="C:\Users\Оксана"/>
    <property name="user.timezone" value="Europe/Helsinki"/>
    <property name="java.awt.printerjob" value="sun.awt.windows.WPrinterJob"/>
    <property name="java.specification.version" value="1.8"/>
    <property name="file.encoding" value="Cp1251"/>
    <property name="user.name" value="Оксана"/>
    <property name="java.class.path" value="C:\maven\apache-maven-3.3.9\boot\plexus-classworlds-2.5.2.jar"/>
    <property name="java.vm.specification.version" value="1.8"/>
    <property name="sun.arch.data.model" value="64"/>
    <property name="java.home" value="C:\Program Files\Java\jdk1.8.0_121\jre"/>
    <property name="sun.java.command" value="org.codehaus.plexus.classworlds.launcher.Launcher clean test"/>
    <property name="java.specification.vendor" value="Oracle Corporation"/>
    <property name="user.language" value="ru"/>
    <property name="awt.toolkit" value="sun.awt.windows.WToolkit"/>
    <property name="java.vm.info" value="mixed mode"/>
    <property name="java.version" value="1.8.0_121"/>
    <property name="java.ext.dirs" value="C:\Program Files\Java\jdk1.8.0_121\jre\lib\ext;C:\WINDOWS\Sun\Java\lib\ext"/>
    <property name="sun.boot.class.path" value="C:\Program Files\Java\jdk1.8.0_121\jre\lib\resources.jar;C:\Program Files\Java\jdk1.8.0_121\jre\lib\rt.jar;C:\Program Files\Java\jdk1.8.0_121\jre\lib\sunrsasign.jar;C:\Program Files\Java\jdk1.8.0_121\jre\lib\jsse.jar;C:\Program Files\Java\jdk1.8.0_121\jre\lib\jce.jar;C:\Program Files\Java\jdk1.8.0_121\jre\lib\charsets.jar;C:\Program Files\Java\jdk1.8.0_121\jre\lib\jfr.jar;C:\Program Files\Java\jdk1.8.0_121\jre\classes"/>
    <property name="sun.stderr.encoding" value="cp866"/>
    <property name="java.vendor" value="Oracle Corporation"/>
    <property name="maven.home" value="C:\maven\apache-maven-3.3.9"/>
    <property name="file.separator" value="\"/>
    <property name="java.vendor.url.bug" value="http://bugreport.sun.com/bugreport/"/>
    <property name="sun.cpu.endian" value="little"/>
    <property name="sun.io.unicode.encoding" value="UnicodeLittle"/>
    <property name="sun.stdout.encoding" value="cp866"/>
    <property name="sun.desktop" value="windows"/>
    <property name="sun.cpu.isalist" value="amd64"/>
  </properties>
  <testcase name="asserHideMenu" classname="SideMenu" time="8.748">
    <failure message="expected [true] but found [false]" type="java.lang.AssertionError">java.lang.AssertionError: expected [true] but found [false]
	at org.testng.Assert.fail(Assert.java:93)
	at org.testng.Assert.failNotEquals(Assert.java:512)
	at org.testng.Assert.assertTrue(Assert.java:41)
	at org.testng.Assert.assertTrue(Assert.java:51)
	at SideMenu.asserHideMenu(SideMenu.java:48)
</failure>
    <system-out><![CDATA[2017-09-03 15:50:07 DEBUG RequestAddCookies:123 - CookieSpec selected: default
2017-09-03 15:50:07 DEBUG RequestAddCookies:123 - CookieSpec selected: default
2017-09-03 15:50:07 DEBUG RequestAuthCache:77 - Auth cache not set in the context
2017-09-03 15:50:07 DEBUG RequestAuthCache:77 - Auth cache not set in the context
2017-09-03 15:50:07 DEBUG PoolingHttpClientConnectionManager:255 - Connection request: [route: {}->http://localhost:39114][total kept alive: 0; route allocated: 0 of 2000; total allocated: 0 of 2000]
2017-09-03 15:50:07 DEBUG PoolingHttpClientConnectionManager:255 - Connection request: [route: {}->http://localhost:23620][total kept alive: 0; route allocated: 0 of 2000; total allocated: 0 of 2000]
2017-09-03 15:50:07 DEBUG PoolingHttpClientConnectionManager:288 - Connection leased: [id: 1][route: {}->http://localhost:23620][total kept alive: 0; route allocated: 1 of 2000; total allocated: 2 of 2000]
2017-09-03 15:50:07 DEBUG PoolingHttpClientConnectionManager:288 - Connection leased: [id: 0][route: {}->http://localhost:39114][total kept alive: 0; route allocated: 1 of 2000; total allocated: 2 of 2000]
2017-09-03 15:50:07 DEBUG MainClientExec:235 - Opening connection {}->http://localhost:23620
2017-09-03 15:50:07 DEBUG MainClientExec:235 - Opening connection {}->http://localhost:39114
2017-09-03 15:50:07 DEBUG DefaultHttpClientConnectionOperator:139 - Connecting to localhost/127.0.0.1:39114
2017-09-03 15:50:07 DEBUG DefaultHttpClientConnectionOperator:139 - Connecting to localhost/127.0.0.1:23620
2017-09-03 15:50:07 DEBUG DefaultHttpClientConnectionOperator:146 - Connection established 127.0.0.1:54583<->127.0.0.1:23620
2017-09-03 15:50:07 DEBUG DefaultHttpClientConnectionOperator:146 - Connection established 127.0.0.1:54582<->127.0.0.1:39114
2017-09-03 15:50:07 DEBUG DefaultManagedHttpClientConnection:88 - http-outgoing-1: set socket timeout to 10800000
2017-09-03 15:50:07 DEBUG DefaultManagedHttpClientConnection:88 - http-outgoing-0: set socket timeout to 10800000
2017-09-03 15:50:07 DEBUG MainClientExec:256 - Executing request POST /session HTTP/1.1
2017-09-03 15:50:07 DEBUG MainClientExec:261 - Target auth state: UNCHALLENGED
2017-09-03 15:50:07 DEBUG MainClientExec:267 - Proxy auth state: UNCHALLENGED
2017-09-03 15:50:07 DEBUG headers:133 - http-outgoing-1 >> POST /session HTTP/1.1
2017-09-03 15:50:07 DEBUG headers:136 - http-outgoing-1 >> Content-Type: application/json; charset=utf-8
2017-09-03 15:50:07 DEBUG headers:136 - http-outgoing-1 >> Content-Length: 400
2017-09-03 15:50:07 DEBUG headers:136 - http-outgoing-1 >> Host: localhost:23620
2017-09-03 15:50:07 DEBUG headers:136 - http-outgoing-1 >> Connection: Keep-Alive
2017-09-03 15:50:07 DEBUG headers:136 - http-outgoing-1 >> User-Agent: Apache-HttpClient/4.5.3 (Java/1.8.0_121)
2017-09-03 15:50:07 DEBUG headers:136 - http-outgoing-1 >> Accept-Encoding: gzip,deflate
2017-09-03 15:50:07 DEBUG wire:73 - http-outgoing-1 >> "POST /session HTTP/1.1[\r][\n]"
2017-09-03 15:50:07 DEBUG wire:73 - http-outgoing-1 >> "Content-Type: application/json; charset=utf-8[\r][\n]"
2017-09-03 15:50:07 DEBUG wire:73 - http-outgoing-1 >> "Content-Length: 400[\r][\n]"
2017-09-03 15:50:07 DEBUG wire:73 - http-outgoing-1 >> "Host: localhost:23620[\r][\n]"
2017-09-03 15:50:07 DEBUG wire:73 - http-outgoing-1 >> "Connection: Keep-Alive[\r][\n]"
2017-09-03 15:50:07 DEBUG wire:73 - http-outgoing-1 >> "User-Agent: Apache-HttpClient/4.5.3 (Java/1.8.0_121)[\r][\n]"
2017-09-03 15:50:07 DEBUG wire:73 - http-outgoing-1 >> "Accept-Encoding: gzip,deflate[\r][\n]"
2017-09-03 15:50:07 DEBUG wire:73 - http-outgoing-1 >> "[\r][\n]"
2017-09-03 15:50:07 DEBUG wire:73 - http-outgoing-1 >> "{[\n]"
2017-09-03 15:50:07 DEBUG wire:73 - http-outgoing-1 >> "  "desiredCapabilities": {[\n]"
2017-09-03 15:50:07 DEBUG wire:73 - http-outgoing-1 >> "    "browserName": "chrome",[\n]"
2017-09-03 15:50:07 DEBUG MainClientExec:256 - Executing request POST /session HTTP/1.1
2017-09-03 15:50:07 DEBUG wire:73 - http-outgoing-1 >> "    "version": "",[\n]"
2017-09-03 15:50:07 DEBUG wire:73 - http-outgoing-1 >> "    "platform": "ANY"[\n]"
2017-09-03 15:50:07 DEBUG wire:73 - http-outgoing-1 >> "  },[\n]"
2017-09-03 15:50:07 DEBUG MainClientExec:261 - Target auth state: UNCHALLENGED
2017-09-03 15:50:07 DEBUG wire:73 - http-outgoing-1 >> "  "requiredCapabilities": {},[\n]"
2017-09-03 15:50:07 DEBUG MainClientExec:267 - Proxy auth state: UNCHALLENGED
2017-09-03 15:50:07 DEBUG wire:73 - http-outgoing-1 >> "  "capabilities": {[\n]"
2017-09-03 15:50:07 DEBUG wire:73 - http-outgoing-1 >> "    "desiredCapabilities": {[\n]"
2017-09-03 15:50:07 DEBUG wire:73 - http-outgoing-1 >> "      "browserName": "chrome",[\n]"
2017-09-03 15:50:07 DEBUG wire:73 - http-outgoing-1 >> "      "version": "",[\n]"
2017-09-03 15:50:07 DEBUG wire:73 - http-outgoing-1 >> "      "platform": "ANY"[\n]"
2017-09-03 15:50:07 DEBUG headers:133 - http-outgoing-0 >> POST /session HTTP/1.1
2017-09-03 15:50:07 DEBUG wire:73 - http-outgoing-1 >> "    },[\n]"
2017-09-03 15:50:07 DEBUG headers:136 - http-outgoing-0 >> Content-Type: application/json; charset=utf-8
2017-09-03 15:50:07 DEBUG wire:73 - http-outgoing-1 >> "    "requiredCapabilities": {},[\n]"
2017-09-03 15:50:07 DEBUG headers:136 - http-outgoing-0 >> Content-Length: 400
2017-09-03 15:50:07 DEBUG headers:136 - http-outgoing-0 >> Host: localhost:39114
2017-09-03 15:50:07 DEBUG wire:73 - http-outgoing-1 >> "    "alwaysMatch": {},[\n]"
2017-09-03 15:50:07 DEBUG headers:136 - http-outgoing-0 >> Connection: Keep-Alive
2017-09-03 15:50:07 DEBUG wire:73 - http-outgoing-1 >> "    "firstMatch": [[\n]"
2017-09-03 15:50:07 DEBUG headers:136 - http-outgoing-0 >> User-Agent: Apache-HttpClient/4.5.3 (Java/1.8.0_121)
2017-09-03 15:50:07 DEBUG wire:73 - http-outgoing-1 >> "      {[\n]"
2017-09-03 15:50:07 DEBUG headers:136 - http-outgoing-0 >> Accept-Encoding: gzip,deflate
2017-09-03 15:50:07 DEBUG wire:73 - http-outgoing-1 >> "        "browserName": "chrome"[\n]"
2017-09-03 15:50:07 DEBUG wire:73 - http-outgoing-0 >> "POST /session HTTP/1.1[\r][\n]"
2017-09-03 15:50:07 DEBUG wire:73 - http-outgoing-0 >> "Content-Type: application/json; charset=utf-8[\r][\n]"
2017-09-03 15:50:07 DEBUG wire:73 - http-outgoing-1 >> "      }[\n]"
2017-09-03 15:50:07 DEBUG wire:73 - http-outgoing-0 >> "Content-Length: 400[\r][\n]"
2017-09-03 15:50:07 DEBUG wire:73 - http-outgoing-1 >> "    ][\n]"
2017-09-03 15:50:07 DEBUG wire:73 - http-outgoing-0 >> "Host: localhost:39114[\r][\n]"
2017-09-03 15:50:07 DEBUG wire:73 - http-outgoing-1 >> "  }[\n]"
2017-09-03 15:50:07 DEBUG wire:73 - http-outgoing-0 >> "Connection: Keep-Alive[\r][\n]"
2017-09-03 15:50:07 DEBUG wire:87 - http-outgoing-1 >> "}"
2017-09-03 15:50:07 DEBUG wire:73 - http-outgoing-0 >> "User-Agent: Apache-HttpClient/4.5.3 (Java/1.8.0_121)[\r][\n]"
2017-09-03 15:50:07 DEBUG wire:73 - http-outgoing-0 >> "Accept-Encoding: gzip,deflate[\r][\n]"
2017-09-03 15:50:07 DEBUG wire:73 - http-outgoing-0 >> "[\r][\n]"
2017-09-03 15:50:07 DEBUG wire:73 - http-outgoing-0 >> "{[\n]"
2017-09-03 15:50:07 DEBUG wire:73 - http-outgoing-0 >> "  "desiredCapabilities": {[\n]"
2017-09-03 15:50:07 DEBUG wire:73 - http-outgoing-0 >> "    "browserName": "chrome",[\n]"
2017-09-03 15:50:07 DEBUG wire:73 - http-outgoing-0 >> "    "version": "",[\n]"
2017-09-03 15:50:07 DEBUG wire:73 - http-outgoing-0 >> "    "platform": "ANY"[\n]"
2017-09-03 15:50:07 DEBUG wire:73 - http-outgoing-0 >> "  },[\n]"
2017-09-03 15:50:07 DEBUG wire:73 - http-outgoing-0 >> "  "requiredCapabilities": {},[\n]"
2017-09-03 15:50:07 DEBUG wire:73 - http-outgoing-0 >> "  "capabilities": {[\n]"
2017-09-03 15:50:07 DEBUG wire:73 - http-outgoing-0 >> "    "desiredCapabilities": {[\n]"
2017-09-03 15:50:07 DEBUG wire:73 - http-outgoing-0 >> "      "browserName": "chrome",[\n]"
2017-09-03 15:50:07 DEBUG wire:73 - http-outgoing-0 >> "      "version": "",[\n]"
2017-09-03 15:50:07 DEBUG wire:73 - http-outgoing-0 >> "      "platform": "ANY"[\n]"
2017-09-03 15:50:07 DEBUG wire:73 - http-outgoing-0 >> "    },[\n]"
2017-09-03 15:50:07 DEBUG wire:73 - http-outgoing-0 >> "    "requiredCapabilities": {},[\n]"
2017-09-03 15:50:07 DEBUG wire:73 - http-outgoing-0 >> "    "alwaysMatch": {},[\n]"
2017-09-03 15:50:07 DEBUG wire:73 - http-outgoing-0 >> "    "firstMatch": [[\n]"
2017-09-03 15:50:07 DEBUG wire:73 - http-outgoing-0 >> "      {[\n]"
2017-09-03 15:50:07 DEBUG wire:73 - http-outgoing-0 >> "        "browserName": "chrome"[\n]"
2017-09-03 15:50:07 DEBUG wire:73 - http-outgoing-0 >> "      }[\n]"
2017-09-03 15:50:07 DEBUG wire:73 - http-outgoing-0 >> "    ][\n]"
2017-09-03 15:50:07 DEBUG wire:73 - http-outgoing-0 >> "  }[\n]"
2017-09-03 15:50:07 DEBUG wire:87 - http-outgoing-0 >> "}"
2017-09-03 15:50:10 DEBUG wire:73 - http-outgoing-1 << "HTTP/1.1 200 OK[\r][\n]"
2017-09-03 15:50:10 DEBUG wire:73 - http-outgoing-1 << "Content-Length:779[\r][\n]"
2017-09-03 15:50:10 DEBUG wire:73 - http-outgoing-1 << "Content-Type:application/json; charset=utf-8[\r][\n]"
2017-09-03 15:50:10 DEBUG wire:73 - http-outgoing-1 << "Connection:close[\r][\n]"
2017-09-03 15:50:10 DEBUG wire:73 - http-outgoing-1 << "[\r][\n]"
2017-09-03 15:50:10 DEBUG wire:87 - http-outgoing-1 << "{"sessionId":"843ad67b75bd65450a6241580f4e9ef1","status":0,"value":{"acceptSslCerts":true,"applicationCacheEnabled":false,"browserConnectionEnabled":false,"browserName":"chrome","chrome":{"chromedriverVersion":"2.29.461591 (62ebf098771772160f391d75e589dc567915b233)","userDataDir":"C:\\Users\\3671~1\\AppData\\Local\\Temp\\scoped_dir5456_8461"},"cssSelectorsEnabled":true,"databaseEnabled":false,"handlesAlerts":true,"hasTouchScreen":false,"javascriptEnabled":true,"locationContextEnabled":true,"mobileEmulationEnabled":false,"nativeEvents":true,"networkConnectionEnabled":false,"pageLoadStrategy":"normal","platform":"Windows NT","rotatable":false,"takesHeapSnapshot":true,"takesScreenshot":true,"unexpectedAlertBehaviour":"","version":"60.0.3112.113","webStorageEnabled":true}}"
2017-09-03 15:50:10 DEBUG headers:122 - http-outgoing-1 << HTTP/1.1 200 OK
2017-09-03 15:50:10 DEBUG headers:125 - http-outgoing-1 << Content-Length:779
2017-09-03 15:50:10 DEBUG headers:125 - http-outgoing-1 << Content-Type:application/json; charset=utf-8
2017-09-03 15:50:10 DEBUG headers:125 - http-outgoing-1 << Connection:close
2017-09-03 15:50:10 DEBUG DefaultManagedHttpClientConnection:79 - http-outgoing-1: Close connection
2017-09-03 15:50:10 DEBUG MainClientExec:104 - Connection discarded
2017-09-03 15:50:10 DEBUG PoolingHttpClientConnectionManager:326 - Connection released: [id: 1][route: {}->http://localhost:23620][total kept alive: 0; route allocated: 0 of 2000; total allocated: 1 of 2000]
2017-09-03 15:50:10 DEBUG wire:73 - http-outgoing-0 << "HTTP/1.1 200 OK[\r][\n]"
2017-09-03 15:50:10 DEBUG wire:73 - http-outgoing-0 << "Content-Length:780[\r][\n]"
2017-09-03 15:50:10 DEBUG wire:73 - http-outgoing-0 << "Content-Type:application/json; charset=utf-8[\r][\n]"
2017-09-03 15:50:10 DEBUG wire:73 - http-outgoing-0 << "Connection:close[\r][\n]"
2017-09-03 15:50:10 DEBUG wire:73 - http-outgoing-0 << "[\r][\n]"
2017-09-03 15:50:10 DEBUG wire:87 - http-outgoing-0 << "{"sessionId":"d281c973f803d7f478962ac88341d7c6","status":0,"value":{"acceptSslCerts":true,"applicationCacheEnabled":false,"browserConnectionEnabled":false,"browserName":"chrome","chrome":{"chromedriverVersion":"2.29.461591 (62ebf098771772160f391d75e589dc567915b233)","userDataDir":"C:\\Users\\3671~1\\AppData\\Local\\Temp\\scoped_dir6504_18298"},"cssSelectorsEnabled":true,"databaseEnabled":false,"handlesAlerts":true,"hasTouchScreen":false,"javascriptEnabled":true,"locationContextEnabled":true,"mobileEmulationEnabled":false,"nativeEvents":true,"networkConnectionEnabled":false,"pageLoadStrategy":"normal","platform":"Windows NT","rotatable":false,"takesHeapSnapshot":true,"takesScreenshot":true,"unexpectedAlertBehaviour":"","version":"60.0.3112.113","webStorageEnabled":true}}"
2017-09-03 15:50:10 DEBUG headers:122 - http-outgoing-0 << HTTP/1.1 200 OK
2017-09-03 15:50:10 DEBUG headers:125 - http-outgoing-0 << Content-Length:780
2017-09-03 15:50:10 DEBUG headers:125 - http-outgoing-0 << Content-Type:application/json; charset=utf-8
2017-09-03 15:50:10 DEBUG headers:125 - http-outgoing-0 << Connection:close
2017-09-03 15:50:10 DEBUG DefaultManagedHttpClientConnection:79 - http-outgoing-0: Close connection
2017-09-03 15:50:10 DEBUG MainClientExec:104 - Connection discarded
2017-09-03 15:50:10 DEBUG PoolingHttpClientConnectionManager:326 - Connection released: [id: 0][route: {}->http://localhost:39114][total kept alive: 0; route allocated: 0 of 2000; total allocated: 0 of 2000]
2017-09-03 15:50:10 DEBUG RequestAddCookies:123 - CookieSpec selected: default
2017-09-03 15:50:10 DEBUG RequestAuthCache:77 - Auth cache not set in the context
2017-09-03 15:50:10 DEBUG RequestAddCookies:123 - CookieSpec selected: default
2017-09-03 15:50:10 DEBUG PoolingHttpClientConnectionManager:255 - Connection request: [route: {}->http://localhost:39114][total kept alive: 0; route allocated: 0 of 2000; total allocated: 0 of 2000]
2017-09-03 15:50:10 DEBUG RequestAuthCache:77 - Auth cache not set in the context
2017-09-03 15:50:10 DEBUG PoolingHttpClientConnectionManager:288 - Connection leased: [id: 2][route: {}->http://localhost:39114][total kept alive: 0; route allocated: 1 of 2000; total allocated: 1 of 2000]
2017-09-03 15:50:10 DEBUG PoolingHttpClientConnectionManager:255 - Connection request: [route: {}->http://localhost:23620][total kept alive: 0; route allocated: 0 of 2000; total allocated: 1 of 2000]
2017-09-03 15:50:10 DEBUG MainClientExec:235 - Opening connection {}->http://localhost:39114
2017-09-03 15:50:10 DEBUG PoolingHttpClientConnectionManager:288 - Connection leased: [id: 3][route: {}->http://localhost:23620][total kept alive: 0; route allocated: 1 of 2000; total allocated: 2 of 2000]
2017-09-03 15:50:10 DEBUG DefaultHttpClientConnectionOperator:139 - Connecting to localhost/127.0.0.1:39114
2017-09-03 15:50:10 DEBUG MainClientExec:235 - Opening connection {}->http://localhost:23620
2017-09-03 15:50:10 DEBUG DefaultHttpClientConnectionOperator:139 - Connecting to localhost/127.0.0.1:23620
2017-09-03 15:50:10 DEBUG DefaultHttpClientConnectionOperator:146 - Connection established 127.0.0.1:54601<->127.0.0.1:39114
2017-09-03 15:50:10 DEBUG DefaultManagedHttpClientConnection:88 - http-outgoing-2: set socket timeout to 10800000
2017-09-03 15:50:10 DEBUG DefaultHttpClientConnectionOperator:146 - Connection established 127.0.0.1:54602<->127.0.0.1:23620
2017-09-03 15:50:10 DEBUG MainClientExec:256 - Executing request POST /session/d281c973f803d7f478962ac88341d7c6/timeouts HTTP/1.1
2017-09-03 15:50:10 DEBUG DefaultManagedHttpClientConnection:88 - http-outgoing-3: set socket timeout to 10800000
2017-09-03 15:50:10 DEBUG MainClientExec:261 - Target auth state: UNCHALLENGED
2017-09-03 15:50:10 DEBUG MainClientExec:256 - Executing request POST /session/843ad67b75bd65450a6241580f4e9ef1/timeouts HTTP/1.1
2017-09-03 15:50:10 DEBUG MainClientExec:267 - Proxy auth state: UNCHALLENGED
2017-09-03 15:50:10 DEBUG MainClientExec:261 - Target auth state: UNCHALLENGED
2017-09-03 15:50:10 DEBUG headers:133 - http-outgoing-2 >> POST /session/d281c973f803d7f478962ac88341d7c6/timeouts HTTP/1.1
2017-09-03 15:50:10 DEBUG MainClientExec:267 - Proxy auth state: UNCHALLENGED
2017-09-03 15:50:10 DEBUG headers:136 - http-outgoing-2 >> Content-Type: application/json; charset=utf-8
2017-09-03 15:50:10 DEBUG headers:133 - http-outgoing-3 >> POST /session/843ad67b75bd65450a6241580f4e9ef1/timeouts HTTP/1.1
2017-09-03 15:50:10 DEBUG headers:136 - http-outgoing-2 >> Content-Length: 32
2017-09-03 15:50:10 DEBUG headers:136 - http-outgoing-3 >> Content-Type: application/json; charset=utf-8
2017-09-03 15:50:10 DEBUG headers:136 - http-outgoing-2 >> Host: localhost:39114
2017-09-03 15:50:10 DEBUG headers:136 - http-outgoing-3 >> Content-Length: 32
2017-09-03 15:50:10 DEBUG headers:136 - http-outgoing-2 >> Connection: Keep-Alive
2017-09-03 15:50:10 DEBUG headers:136 - http-outgoing-3 >> Host: localhost:23620
2017-09-03 15:50:10 DEBUG headers:136 - http-outgoing-2 >> User-Agent: Apache-HttpClient/4.5.3 (Java/1.8.0_121)
2017-09-03 15:50:10 DEBUG headers:136 - http-outgoing-3 >> Connection: Keep-Alive
2017-09-03 15:50:10 DEBUG headers:136 - http-outgoing-3 >> User-Agent: Apache-HttpClient/4.5.3 (Java/1.8.0_121)
2017-09-03 15:50:10 DEBUG headers:136 - http-outgoing-2 >> Accept-Encoding: gzip,deflate
2017-09-03 15:50:10 DEBUG headers:136 - http-outgoing-3 >> Accept-Encoding: gzip,deflate
2017-09-03 15:50:10 DEBUG wire:73 - http-outgoing-2 >> "POST /session/d281c973f803d7f478962ac88341d7c6/timeouts HTTP/1.1[\r][\n]"
2017-09-03 15:50:10 DEBUG wire:73 - http-outgoing-3 >> "POST /session/843ad67b75bd65450a6241580f4e9ef1/timeouts HTTP/1.1[\r][\n]"
2017-09-03 15:50:10 DEBUG wire:73 - http-outgoing-2 >> "Content-Type: application/json; charset=utf-8[\r][\n]"
2017-09-03 15:50:10 DEBUG wire:73 - http-outgoing-3 >> "Content-Type: application/json; charset=utf-8[\r][\n]"
2017-09-03 15:50:10 DEBUG wire:73 - http-outgoing-2 >> "Content-Length: 32[\r][\n]"
2017-09-03 15:50:10 DEBUG wire:73 - http-outgoing-3 >> "Content-Length: 32[\r][\n]"
2017-09-03 15:50:10 DEBUG wire:73 - http-outgoing-2 >> "Host: localhost:39114[\r][\n]"
2017-09-03 15:50:10 DEBUG wire:73 - http-outgoing-3 >> "Host: localhost:23620[\r][\n]"
2017-09-03 15:50:10 DEBUG wire:73 - http-outgoing-2 >> "Connection: Keep-Alive[\r][\n]"
2017-09-03 15:50:10 DEBUG wire:73 - http-outgoing-3 >> "Connection: Keep-Alive[\r][\n]"
2017-09-03 15:50:10 DEBUG wire:73 - http-outgoing-2 >> "User-Agent: Apache-HttpClient/4.5.3 (Java/1.8.0_121)[\r][\n]"
2017-09-03 15:50:10 DEBUG wire:73 - http-outgoing-3 >> "User-Agent: Apache-HttpClient/4.5.3 (Java/1.8.0_121)[\r][\n]"
2017-09-03 15:50:10 DEBUG wire:73 - http-outgoing-2 >> "Accept-Encoding: gzip,deflate[\r][\n]"
2017-09-03 15:50:10 DEBUG wire:73 - http-outgoing-3 >> "Accept-Encoding: gzip,deflate[\r][\n]"
2017-09-03 15:50:10 DEBUG wire:73 - http-outgoing-2 >> "[\r][\n]"
2017-09-03 15:50:10 DEBUG wire:73 - http-outgoing-3 >> "[\r][\n]"
2017-09-03 15:50:10 DEBUG wire:87 - http-outgoing-2 >> "{"type":"implicit","ms":1000000}"
2017-09-03 15:50:10 DEBUG wire:87 - http-outgoing-3 >> "{"type":"implicit","ms":1000000}"
2017-09-03 15:50:10 DEBUG wire:73 - http-outgoing-3 << "HTTP/1.1 200 OK[\r][\n]"
2017-09-03 15:50:10 DEBUG wire:73 - http-outgoing-3 << "Content-Length:72[\r][\n]"
2017-09-03 15:50:10 DEBUG wire:73 - http-outgoing-3 << "Content-Type:application/json; charset=utf-8[\r][\n]"
2017-09-03 15:50:10 DEBUG wire:73 - http-outgoing-3 << "Connection:close[\r][\n]"
2017-09-03 15:50:10 DEBUG wire:73 - http-outgoing-3 << "[\r][\n]"
2017-09-03 15:50:10 DEBUG wire:87 - http-outgoing-3 << "{"sessionId":"843ad67b75bd65450a6241580f4e9ef1","status":0,"value":null}"
2017-09-03 15:50:10 DEBUG headers:122 - http-outgoing-3 << HTTP/1.1 200 OK
2017-09-03 15:50:10 DEBUG headers:125 - http-outgoing-3 << Content-Length:72
2017-09-03 15:50:10 DEBUG headers:125 - http-outgoing-3 << Content-Type:application/json; charset=utf-8
2017-09-03 15:50:10 DEBUG headers:125 - http-outgoing-3 << Connection:close
2017-09-03 15:50:10 DEBUG DefaultManagedHttpClientConnection:79 - http-outgoing-3: Close connection
2017-09-03 15:50:10 DEBUG MainClientExec:104 - Connection discarded
2017-09-03 15:50:10 DEBUG PoolingHttpClientConnectionManager:326 - Connection released: [id: 3][route: {}->http://localhost:23620][total kept alive: 0; route allocated: 0 of 2000; total allocated: 1 of 2000]
2017-09-03 15:50:10 DEBUG RequestAddCookies:123 - CookieSpec selected: default
2017-09-03 15:50:10 DEBUG RequestAuthCache:77 - Auth cache not set in the context
2017-09-03 15:50:10 DEBUG PoolingHttpClientConnectionManager:255 - Connection request: [route: {}->http://localhost:23620][total kept alive: 0; route allocated: 0 of 2000; total allocated: 1 of 2000]
2017-09-03 15:50:10 DEBUG wire:73 - http-outgoing-2 << "HTTP/1.1 200 OK[\r][\n]"
2017-09-03 15:50:10 DEBUG PoolingHttpClientConnectionManager:288 - Connection leased: [id: 4][route: {}->http://localhost:23620][total kept alive: 0; route allocated: 1 of 2000; total allocated: 2 of 2000]
2017-09-03 15:50:10 DEBUG wire:73 - http-outgoing-2 << "Content-Length:72[\r][\n]"
2017-09-03 15:50:10 DEBUG MainClientExec:235 - Opening connection {}->http://localhost:23620
2017-09-03 15:50:10 DEBUG wire:73 - http-outgoing-2 << "Content-Type:application/json; charset=utf-8[\r][\n]"
2017-09-03 15:50:10 DEBUG wire:73 - http-outgoing-2 << "Connection:close[\r][\n]"
2017-09-03 15:50:10 DEBUG wire:73 - http-outgoing-2 << "[\r][\n]"
2017-09-03 15:50:10 DEBUG DefaultHttpClientConnectionOperator:139 - Connecting to localhost/127.0.0.1:23620
2017-09-03 15:50:10 DEBUG wire:87 - http-outgoing-2 << "{"sessionId":"d281c973f803d7f478962ac88341d7c6","status":0,"value":null}"
2017-09-03 15:50:10 DEBUG headers:122 - http-outgoing-2 << HTTP/1.1 200 OK
2017-09-03 15:50:10 DEBUG headers:125 - http-outgoing-2 << Content-Length:72
2017-09-03 15:50:10 DEBUG headers:125 - http-outgoing-2 << Content-Type:application/json; charset=utf-8
2017-09-03 15:50:10 DEBUG DefaultHttpClientConnectionOperator:146 - Connection established 127.0.0.1:54603<->127.0.0.1:23620
2017-09-03 15:50:10 DEBUG headers:125 - http-outgoing-2 << Connection:close
2017-09-03 15:50:10 DEBUG DefaultManagedHttpClientConnection:88 - http-outgoing-4: set socket timeout to 10800000
2017-09-03 15:50:10 DEBUG DefaultManagedHttpClientConnection:79 - http-outgoing-2: Close connection
2017-09-03 15:50:10 DEBUG MainClientExec:256 - Executing request POST /session/843ad67b75bd65450a6241580f4e9ef1/url HTTP/1.1
2017-09-03 15:50:10 DEBUG MainClientExec:104 - Connection discarded
2017-09-03 15:50:10 DEBUG MainClientExec:261 - Target auth state: UNCHALLENGED
2017-09-03 15:50:10 DEBUG PoolingHttpClientConnectionManager:326 - Connection released: [id: 2][route: {}->http://localhost:39114][total kept alive: 0; route allocated: 0 of 2000; total allocated: 1 of 2000]
2017-09-03 15:50:10 DEBUG MainClientExec:267 - Proxy auth state: UNCHALLENGED
2017-09-03 15:50:10 DEBUG headers:133 - http-outgoing-4 >> POST /session/843ad67b75bd65450a6241580f4e9ef1/url HTTP/1.1
2017-09-03 15:50:10 DEBUG headers:136 - http-outgoing-4 >> Content-Type: application/json; charset=utf-8
2017-09-03 15:50:10 DEBUG headers:136 - http-outgoing-4 >> Content-Length: 46
2017-09-03 15:50:10 DEBUG headers:136 - http-outgoing-4 >> Host: localhost:23620
2017-09-03 15:50:10 DEBUG headers:136 - http-outgoing-4 >> Connection: Keep-Alive
2017-09-03 15:50:10 DEBUG headers:136 - http-outgoing-4 >> User-Agent: Apache-HttpClient/4.5.3 (Java/1.8.0_121)
2017-09-03 15:50:10 DEBUG headers:136 - http-outgoing-4 >> Accept-Encoding: gzip,deflate
2017-09-03 15:50:10 DEBUG wire:73 - http-outgoing-4 >> "POST /session/843ad67b75bd65450a6241580f4e9ef1/url HTTP/1.1[\r][\n]"
2017-09-03 15:50:10 DEBUG wire:73 - http-outgoing-4 >> "Content-Type: application/json; charset=utf-8[\r][\n]"
2017-09-03 15:50:10 DEBUG wire:73 - http-outgoing-4 >> "Content-Length: 46[\r][\n]"
2017-09-03 15:50:10 DEBUG wire:73 - http-outgoing-4 >> "Host: localhost:23620[\r][\n]"
2017-09-03 15:50:10 DEBUG wire:73 - http-outgoing-4 >> "Connection: Keep-Alive[\r][\n]"
2017-09-03 15:50:10 DEBUG wire:73 - http-outgoing-4 >> "User-Agent: Apache-HttpClient/4.5.3 (Java/1.8.0_121)[\r][\n]"
2017-09-03 15:50:10 DEBUG wire:73 - http-outgoing-4 >> "Accept-Encoding: gzip,deflate[\r][\n]"
2017-09-03 15:50:10 DEBUG wire:73 - http-outgoing-4 >> "[\r][\n]"
2017-09-03 15:50:10 DEBUG wire:87 - http-outgoing-4 >> "{"url":"https://qa-interviewer.herokuapp.com"}"
2017-09-03 15:50:11 DEBUG RequestAddCookies:123 - CookieSpec selected: default
2017-09-03 15:50:11 DEBUG RequestAuthCache:77 - Auth cache not set in the context
2017-09-03 15:50:11 DEBUG PoolingHttpClientConnectionManager:255 - Connection request: [route: {}->http://localhost:39114][total kept alive: 0; route allocated: 0 of 2000; total allocated: 1 of 2000]
2017-09-03 15:50:11 DEBUG PoolingHttpClientConnectionManager:288 - Connection leased: [id: 5][route: {}->http://localhost:39114][total kept alive: 0; route allocated: 1 of 2000; total allocated: 2 of 2000]
2017-09-03 15:50:11 DEBUG MainClientExec:235 - Opening connection {}->http://localhost:39114
2017-09-03 15:50:11 DEBUG DefaultHttpClientConnectionOperator:139 - Connecting to localhost/127.0.0.1:39114
2017-09-03 15:50:11 DEBUG DefaultHttpClientConnectionOperator:146 - Connection established 127.0.0.1:54604<->127.0.0.1:39114
2017-09-03 15:50:11 DEBUG DefaultManagedHttpClientConnection:88 - http-outgoing-5: set socket timeout to 10800000
2017-09-03 15:50:11 DEBUG MainClientExec:256 - Executing request POST /session/d281c973f803d7f478962ac88341d7c6/url HTTP/1.1
2017-09-03 15:50:11 DEBUG MainClientExec:261 - Target auth state: UNCHALLENGED
2017-09-03 15:50:11 DEBUG MainClientExec:267 - Proxy auth state: UNCHALLENGED
2017-09-03 15:50:11 DEBUG headers:133 - http-outgoing-5 >> POST /session/d281c973f803d7f478962ac88341d7c6/url HTTP/1.1
2017-09-03 15:50:11 DEBUG headers:136 - http-outgoing-5 >> Content-Type: application/json; charset=utf-8
2017-09-03 15:50:11 DEBUG headers:136 - http-outgoing-5 >> Content-Length: 46
2017-09-03 15:50:11 DEBUG headers:136 - http-outgoing-5 >> Host: localhost:39114
2017-09-03 15:50:11 DEBUG headers:136 - http-outgoing-5 >> Connection: Keep-Alive
2017-09-03 15:50:11 DEBUG headers:136 - http-outgoing-5 >> User-Agent: Apache-HttpClient/4.5.3 (Java/1.8.0_121)
2017-09-03 15:50:11 DEBUG headers:136 - http-outgoing-5 >> Accept-Encoding: gzip,deflate
2017-09-03 15:50:11 DEBUG wire:73 - http-outgoing-5 >> "POST /session/d281c973f803d7f478962ac88341d7c6/url HTTP/1.1[\r][\n]"
2017-09-03 15:50:11 DEBUG wire:73 - http-outgoing-5 >> "Content-Type: application/json; charset=utf-8[\r][\n]"
2017-09-03 15:50:11 DEBUG wire:73 - http-outgoing-5 >> "Content-Length: 46[\r][\n]"
2017-09-03 15:50:11 DEBUG wire:73 - http-outgoing-5 >> "Host: localhost:39114[\r][\n]"
2017-09-03 15:50:11 DEBUG wire:73 - http-outgoing-5 >> "Connection: Keep-Alive[\r][\n]"
2017-09-03 15:50:11 DEBUG wire:73 - http-outgoing-5 >> "User-Agent: Apache-HttpClient/4.5.3 (Java/1.8.0_121)[\r][\n]"
2017-09-03 15:50:11 DEBUG wire:73 - http-outgoing-5 >> "Accept-Encoding: gzip,deflate[\r][\n]"
2017-09-03 15:50:11 DEBUG wire:73 - http-outgoing-5 >> "[\r][\n]"
2017-09-03 15:50:11 DEBUG wire:87 - http-outgoing-5 >> "{"url":"https://qa-interviewer.herokuapp.com"}"
2017-09-03 15:50:45 DEBUG wire:73 - http-outgoing-5 << "HTTP/1.1 200 OK[\r][\n]"
2017-09-03 15:50:45 DEBUG wire:73 - http-outgoing-5 << "Content-Length:72[\r][\n]"
2017-09-03 15:50:45 DEBUG wire:73 - http-outgoing-5 << "Content-Type:application/json; charset=utf-8[\r][\n]"
2017-09-03 15:50:45 DEBUG wire:73 - http-outgoing-5 << "Connection:close[\r][\n]"
2017-09-03 15:50:45 DEBUG wire:73 - http-outgoing-5 << "[\r][\n]"
2017-09-03 15:50:45 DEBUG wire:87 - http-outgoing-5 << "{"sessionId":"d281c973f803d7f478962ac88341d7c6","status":0,"value":null}"
2017-09-03 15:50:45 DEBUG headers:122 - http-outgoing-5 << HTTP/1.1 200 OK
2017-09-03 15:50:45 DEBUG headers:125 - http-outgoing-5 << Content-Length:72
2017-09-03 15:50:45 DEBUG headers:125 - http-outgoing-5 << Content-Type:application/json; charset=utf-8
2017-09-03 15:50:45 DEBUG headers:125 - http-outgoing-5 << Connection:close
2017-09-03 15:50:45 DEBUG DefaultManagedHttpClientConnection:79 - http-outgoing-5: Close connection
2017-09-03 15:50:45 DEBUG MainClientExec:104 - Connection discarded
2017-09-03 15:50:45 DEBUG PoolingHttpClientConnectionManager:326 - Connection released: [id: 5][route: {}->http://localhost:39114][total kept alive: 0; route allocated: 0 of 2000; total allocated: 1 of 2000]
2017-09-03 15:50:45 DEBUG RequestAddCookies:123 - CookieSpec selected: default
2017-09-03 15:50:45 DEBUG RequestAuthCache:77 - Auth cache not set in the context
2017-09-03 15:50:45 DEBUG PoolingHttpClientConnectionManager:255 - Connection request: [route: {}->http://localhost:39114][total kept alive: 0; route allocated: 0 of 2000; total allocated: 1 of 2000]
2017-09-03 15:50:45 DEBUG PoolingHttpClientConnectionManager:288 - Connection leased: [id: 6][route: {}->http://localhost:39114][total kept alive: 0; route allocated: 1 of 2000; total allocated: 2 of 2000]
2017-09-03 15:50:45 DEBUG MainClientExec:235 - Opening connection {}->http://localhost:39114
2017-09-03 15:50:45 DEBUG DefaultHttpClientConnectionOperator:139 - Connecting to localhost/127.0.0.1:39114
2017-09-03 15:50:45 DEBUG DefaultHttpClientConnectionOperator:146 - Connection established 127.0.0.1:54618<->127.0.0.1:39114
2017-09-03 15:50:45 DEBUG DefaultManagedHttpClientConnection:88 - http-outgoing-6: set socket timeout to 10800000
2017-09-03 15:50:45 DEBUG MainClientExec:256 - Executing request POST /session/d281c973f803d7f478962ac88341d7c6/element HTTP/1.1
2017-09-03 15:50:45 DEBUG MainClientExec:261 - Target auth state: UNCHALLENGED
2017-09-03 15:50:45 DEBUG MainClientExec:267 - Proxy auth state: UNCHALLENGED
2017-09-03 15:50:45 DEBUG headers:133 - http-outgoing-6 >> POST /session/d281c973f803d7f478962ac88341d7c6/element HTTP/1.1
2017-09-03 15:50:45 DEBUG headers:136 - http-outgoing-6 >> Content-Type: application/json; charset=utf-8
2017-09-03 15:50:45 DEBUG headers:136 - http-outgoing-6 >> Content-Length: 38
2017-09-03 15:50:45 DEBUG headers:136 - http-outgoing-6 >> Host: localhost:39114
2017-09-03 15:50:45 DEBUG headers:136 - http-outgoing-6 >> Connection: Keep-Alive
2017-09-03 15:50:45 DEBUG headers:136 - http-outgoing-6 >> User-Agent: Apache-HttpClient/4.5.3 (Java/1.8.0_121)
2017-09-03 15:50:45 DEBUG headers:136 - http-outgoing-6 >> Accept-Encoding: gzip,deflate
2017-09-03 15:50:45 DEBUG wire:73 - http-outgoing-6 >> "POST /session/d281c973f803d7f478962ac88341d7c6/element HTTP/1.1[\r][\n]"
2017-09-03 15:50:45 DEBUG wire:73 - http-outgoing-6 >> "Content-Type: application/json; charset=utf-8[\r][\n]"
2017-09-03 15:50:45 DEBUG wire:73 - http-outgoing-6 >> "Content-Length: 38[\r][\n]"
2017-09-03 15:50:45 DEBUG wire:73 - http-outgoing-6 >> "Host: localhost:39114[\r][\n]"
2017-09-03 15:50:45 DEBUG wire:73 - http-outgoing-6 >> "Connection: Keep-Alive[\r][\n]"
2017-09-03 15:50:45 DEBUG wire:73 - http-outgoing-6 >> "User-Agent: Apache-HttpClient/4.5.3 (Java/1.8.0_121)[\r][\n]"
2017-09-03 15:50:45 DEBUG wire:73 - http-outgoing-6 >> "Accept-Encoding: gzip,deflate[\r][\n]"
2017-09-03 15:50:45 DEBUG wire:73 - http-outgoing-6 >> "[\r][\n]"
2017-09-03 15:50:45 DEBUG wire:87 - http-outgoing-6 >> "{"using":"link text","value":"Log in"}"
2017-09-03 15:50:46 DEBUG wire:73 - http-outgoing-6 << "HTTP/1.1 200 OK[\r][\n]"
2017-09-03 15:50:46 DEBUG wire:73 - http-outgoing-6 << "Content-Length:102[\r][\n]"
2017-09-03 15:50:46 DEBUG wire:73 - http-outgoing-6 << "Content-Type:application/json; charset=utf-8[\r][\n]"
2017-09-03 15:50:46 DEBUG wire:73 - http-outgoing-6 << "Connection:close[\r][\n]"
2017-09-03 15:50:46 DEBUG wire:73 - http-outgoing-6 << "[\r][\n]"
2017-09-03 15:50:46 DEBUG wire:87 - http-outgoing-6 << "{"sessionId":"d281c973f803d7f478962ac88341d7c6","status":0,"value":{"ELEMENT":"0.7849725074789544-1"}}"
2017-09-03 15:50:46 DEBUG headers:122 - http-outgoing-6 << HTTP/1.1 200 OK
2017-09-03 15:50:46 DEBUG headers:125 - http-outgoing-6 << Content-Length:102
2017-09-03 15:50:46 DEBUG headers:125 - http-outgoing-6 << Content-Type:application/json; charset=utf-8
2017-09-03 15:50:46 DEBUG headers:125 - http-outgoing-6 << Connection:close
2017-09-03 15:50:46 DEBUG DefaultManagedHttpClientConnection:79 - http-outgoing-6: Close connection
2017-09-03 15:50:46 DEBUG MainClientExec:104 - Connection discarded
2017-09-03 15:50:46 DEBUG PoolingHttpClientConnectionManager:326 - Connection released: [id: 6][route: {}->http://localhost:39114][total kept alive: 0; route allocated: 0 of 2000; total allocated: 1 of 2000]
2017-09-03 15:50:46 DEBUG RequestAddCookies:123 - CookieSpec selected: default
2017-09-03 15:50:46 DEBUG RequestAuthCache:77 - Auth cache not set in the context
2017-09-03 15:50:46 DEBUG PoolingHttpClientConnectionManager:255 - Connection request: [route: {}->http://localhost:39114][total kept alive: 0; route allocated: 0 of 2000; total allocated: 1 of 2000]
2017-09-03 15:50:46 DEBUG PoolingHttpClientConnectionManager:288 - Connection leased: [id: 7][route: {}->http://localhost:39114][total kept alive: 0; route allocated: 1 of 2000; total allocated: 2 of 2000]
2017-09-03 15:50:46 DEBUG MainClientExec:235 - Opening connection {}->http://localhost:39114
2017-09-03 15:50:46 DEBUG DefaultHttpClientConnectionOperator:139 - Connecting to localhost/127.0.0.1:39114
2017-09-03 15:50:46 DEBUG DefaultHttpClientConnectionOperator:146 - Connection established 127.0.0.1:54619<->127.0.0.1:39114
2017-09-03 15:50:46 DEBUG DefaultManagedHttpClientConnection:88 - http-outgoing-7: set socket timeout to 10800000
2017-09-03 15:50:46 DEBUG MainClientExec:256 - Executing request POST /session/d281c973f803d7f478962ac88341d7c6/element/0.7849725074789544-1/click HTTP/1.1
2017-09-03 15:50:46 DEBUG MainClientExec:261 - Target auth state: UNCHALLENGED
2017-09-03 15:50:46 DEBUG MainClientExec:267 - Proxy auth state: UNCHALLENGED
2017-09-03 15:50:46 DEBUG headers:133 - http-outgoing-7 >> POST /session/d281c973f803d7f478962ac88341d7c6/element/0.7849725074789544-1/click HTTP/1.1
2017-09-03 15:50:46 DEBUG headers:136 - http-outgoing-7 >> Content-Type: application/json; charset=utf-8
2017-09-03 15:50:46 DEBUG headers:136 - http-outgoing-7 >> Content-Length: 29
2017-09-03 15:50:46 DEBUG headers:136 - http-outgoing-7 >> Host: localhost:39114
2017-09-03 15:50:46 DEBUG headers:136 - http-outgoing-7 >> Connection: Keep-Alive
2017-09-03 15:50:46 DEBUG headers:136 - http-outgoing-7 >> User-Agent: Apache-HttpClient/4.5.3 (Java/1.8.0_121)
2017-09-03 15:50:46 DEBUG headers:136 - http-outgoing-7 >> Accept-Encoding: gzip,deflate
2017-09-03 15:50:46 DEBUG wire:73 - http-outgoing-7 >> "POST /session/d281c973f803d7f478962ac88341d7c6/element/0.7849725074789544-1/click HTTP/1.1[\r][\n]"
2017-09-03 15:50:46 DEBUG wire:73 - http-outgoing-7 >> "Content-Type: application/json; charset=utf-8[\r][\n]"
2017-09-03 15:50:46 DEBUG wire:73 - http-outgoing-7 >> "Content-Length: 29[\r][\n]"
2017-09-03 15:50:46 DEBUG wire:73 - http-outgoing-7 >> "Host: localhost:39114[\r][\n]"
2017-09-03 15:50:46 DEBUG wire:73 - http-outgoing-7 >> "Connection: Keep-Alive[\r][\n]"
2017-09-03 15:50:46 DEBUG wire:73 - http-outgoing-7 >> "User-Agent: Apache-HttpClient/4.5.3 (Java/1.8.0_121)[\r][\n]"
2017-09-03 15:50:46 DEBUG wire:73 - http-outgoing-7 >> "Accept-Encoding: gzip,deflate[\r][\n]"
2017-09-03 15:50:46 DEBUG wire:73 - http-outgoing-7 >> "[\r][\n]"
2017-09-03 15:50:46 DEBUG wire:87 - http-outgoing-7 >> "{"id":"0.7849725074789544-1"}"
2017-09-03 15:50:46 DEBUG wire:73 - http-outgoing-7 << "HTTP/1.1 200 OK[\r][\n]"
2017-09-03 15:50:46 DEBUG wire:73 - http-outgoing-7 << "Content-Length:72[\r][\n]"
2017-09-03 15:50:46 DEBUG wire:73 - http-outgoing-7 << "Content-Type:application/json; charset=utf-8[\r][\n]"
2017-09-03 15:50:46 DEBUG wire:73 - http-outgoing-7 << "Connection:close[\r][\n]"
2017-09-03 15:50:46 DEBUG wire:73 - http-outgoing-7 << "[\r][\n]"
2017-09-03 15:50:46 DEBUG wire:87 - http-outgoing-7 << "{"sessionId":"d281c973f803d7f478962ac88341d7c6","status":0,"value":null}"
2017-09-03 15:50:46 DEBUG headers:122 - http-outgoing-7 << HTTP/1.1 200 OK
2017-09-03 15:50:46 DEBUG headers:125 - http-outgoing-7 << Content-Length:72
2017-09-03 15:50:46 DEBUG headers:125 - http-outgoing-7 << Content-Type:application/json; charset=utf-8
2017-09-03 15:50:46 DEBUG headers:125 - http-outgoing-7 << Connection:close
2017-09-03 15:50:46 DEBUG DefaultManagedHttpClientConnection:79 - http-outgoing-7: Close connection
2017-09-03 15:50:46 DEBUG MainClientExec:104 - Connection discarded
2017-09-03 15:50:46 DEBUG PoolingHttpClientConnectionManager:326 - Connection released: [id: 7][route: {}->http://localhost:39114][total kept alive: 0; route allocated: 0 of 2000; total allocated: 1 of 2000]
2017-09-03 15:50:46 DEBUG RequestAddCookies:123 - CookieSpec selected: default
2017-09-03 15:50:46 DEBUG RequestAuthCache:77 - Auth cache not set in the context
2017-09-03 15:50:46 DEBUG PoolingHttpClientConnectionManager:255 - Connection request: [route: {}->http://localhost:39114][total kept alive: 0; route allocated: 0 of 2000; total allocated: 1 of 2000]
2017-09-03 15:50:46 DEBUG PoolingHttpClientConnectionManager:288 - Connection leased: [id: 8][route: {}->http://localhost:39114][total kept alive: 0; route allocated: 1 of 2000; total allocated: 2 of 2000]
2017-09-03 15:50:46 DEBUG MainClientExec:235 - Opening connection {}->http://localhost:39114
2017-09-03 15:50:46 DEBUG DefaultHttpClientConnectionOperator:139 - Connecting to localhost/127.0.0.1:39114
2017-09-03 15:50:46 DEBUG DefaultHttpClientConnectionOperator:146 - Connection established 127.0.0.1:54620<->127.0.0.1:39114
2017-09-03 15:50:46 DEBUG DefaultManagedHttpClientConnection:88 - http-outgoing-8: set socket timeout to 10800000
2017-09-03 15:50:46 DEBUG MainClientExec:256 - Executing request POST /session/d281c973f803d7f478962ac88341d7c6/element HTTP/1.1
2017-09-03 15:50:46 DEBUG MainClientExec:261 - Target auth state: UNCHALLENGED
2017-09-03 15:50:46 DEBUG MainClientExec:267 - Proxy auth state: UNCHALLENGED
2017-09-03 15:50:46 DEBUG headers:133 - http-outgoing-8 >> POST /session/d281c973f803d7f478962ac88341d7c6/element HTTP/1.1
2017-09-03 15:50:46 DEBUG headers:136 - http-outgoing-8 >> Content-Type: application/json; charset=utf-8
2017-09-03 15:50:46 DEBUG headers:136 - http-outgoing-8 >> Content-Length: 33
2017-09-03 15:50:46 DEBUG headers:136 - http-outgoing-8 >> Host: localhost:39114
2017-09-03 15:50:46 DEBUG headers:136 - http-outgoing-8 >> Connection: Keep-Alive
2017-09-03 15:50:46 DEBUG headers:136 - http-outgoing-8 >> User-Agent: Apache-HttpClient/4.5.3 (Java/1.8.0_121)
2017-09-03 15:50:46 DEBUG headers:136 - http-outgoing-8 >> Accept-Encoding: gzip,deflate
2017-09-03 15:50:46 DEBUG wire:73 - http-outgoing-8 >> "POST /session/d281c973f803d7f478962ac88341d7c6/element HTTP/1.1[\r][\n]"
2017-09-03 15:50:46 DEBUG wire:73 - http-outgoing-8 >> "Content-Type: application/json; charset=utf-8[\r][\n]"
2017-09-03 15:50:46 DEBUG wire:73 - http-outgoing-8 >> "Content-Length: 33[\r][\n]"
2017-09-03 15:50:46 DEBUG wire:73 - http-outgoing-8 >> "Host: localhost:39114[\r][\n]"
2017-09-03 15:50:46 DEBUG wire:73 - http-outgoing-8 >> "Connection: Keep-Alive[\r][\n]"
2017-09-03 15:50:46 DEBUG wire:73 - http-outgoing-8 >> "User-Agent: Apache-HttpClient/4.5.3 (Java/1.8.0_121)[\r][\n]"
2017-09-03 15:50:46 DEBUG wire:73 - http-outgoing-8 >> "Accept-Encoding: gzip,deflate[\r][\n]"
2017-09-03 15:50:46 DEBUG wire:73 - http-outgoing-8 >> "[\r][\n]"
2017-09-03 15:50:46 DEBUG wire:87 - http-outgoing-8 >> "{"using":"id","value":"username"}"
2017-09-03 15:50:47 DEBUG wire:73 - http-outgoing-8 << "HTTP/1.1 200 OK[\r][\n]"
2017-09-03 15:50:47 DEBUG wire:73 - http-outgoing-8 << "Content-Length:102[\r][\n]"
2017-09-03 15:50:47 DEBUG wire:73 - http-outgoing-8 << "Content-Type:application/json; charset=utf-8[\r][\n]"
2017-09-03 15:50:47 DEBUG wire:73 - http-outgoing-8 << "Connection:close[\r][\n]"
2017-09-03 15:50:47 DEBUG wire:73 - http-outgoing-8 << "[\r][\n]"
2017-09-03 15:50:47 DEBUG wire:87 - http-outgoing-8 << "{"sessionId":"d281c973f803d7f478962ac88341d7c6","status":0,"value":{"ELEMENT":"0.7849725074789544-2"}}"
2017-09-03 15:50:47 DEBUG headers:122 - http-outgoing-8 << HTTP/1.1 200 OK
2017-09-03 15:50:47 DEBUG headers:125 - http-outgoing-8 << Content-Length:102
2017-09-03 15:50:47 DEBUG headers:125 - http-outgoing-8 << Content-Type:application/json; charset=utf-8
2017-09-03 15:50:47 DEBUG headers:125 - http-outgoing-8 << Connection:close
2017-09-03 15:50:47 DEBUG DefaultManagedHttpClientConnection:79 - http-outgoing-8: Close connection
2017-09-03 15:50:47 DEBUG MainClientExec:104 - Connection discarded
2017-09-03 15:50:47 DEBUG PoolingHttpClientConnectionManager:326 - Connection released: [id: 8][route: {}->http://localhost:39114][total kept alive: 0; route allocated: 0 of 2000; total allocated: 1 of 2000]
2017-09-03 15:50:47 DEBUG RequestAddCookies:123 - CookieSpec selected: default
2017-09-03 15:50:47 DEBUG RequestAuthCache:77 - Auth cache not set in the context
2017-09-03 15:50:47 DEBUG PoolingHttpClientConnectionManager:255 - Connection request: [route: {}->http://localhost:39114][total kept alive: 0; route allocated: 0 of 2000; total allocated: 1 of 2000]
2017-09-03 15:50:47 DEBUG PoolingHttpClientConnectionManager:288 - Connection leased: [id: 9][route: {}->http://localhost:39114][total kept alive: 0; route allocated: 1 of 2000; total allocated: 2 of 2000]
2017-09-03 15:50:47 DEBUG MainClientExec:235 - Opening connection {}->http://localhost:39114
2017-09-03 15:50:47 DEBUG DefaultHttpClientConnectionOperator:139 - Connecting to localhost/127.0.0.1:39114
2017-09-03 15:50:47 DEBUG DefaultHttpClientConnectionOperator:146 - Connection established 127.0.0.1:54621<->127.0.0.1:39114
2017-09-03 15:50:47 DEBUG DefaultManagedHttpClientConnection:88 - http-outgoing-9: set socket timeout to 10800000
2017-09-03 15:50:47 DEBUG MainClientExec:256 - Executing request GET /session/d281c973f803d7f478962ac88341d7c6/element/0.7849725074789544-2/displayed HTTP/1.1
2017-09-03 15:50:47 DEBUG MainClientExec:261 - Target auth state: UNCHALLENGED
2017-09-03 15:50:47 DEBUG MainClientExec:267 - Proxy auth state: UNCHALLENGED
2017-09-03 15:50:47 DEBUG headers:133 - http-outgoing-9 >> GET /session/d281c973f803d7f478962ac88341d7c6/element/0.7849725074789544-2/displayed HTTP/1.1
2017-09-03 15:50:47 DEBUG headers:136 - http-outgoing-9 >> Cache-Control: no-cache
2017-09-03 15:50:47 DEBUG headers:136 - http-outgoing-9 >> Host: localhost:39114
2017-09-03 15:50:47 DEBUG headers:136 - http-outgoing-9 >> Connection: Keep-Alive
2017-09-03 15:50:47 DEBUG headers:136 - http-outgoing-9 >> User-Agent: Apache-HttpClient/4.5.3 (Java/1.8.0_121)
2017-09-03 15:50:47 DEBUG headers:136 - http-outgoing-9 >> Accept-Encoding: gzip,deflate
2017-09-03 15:50:47 DEBUG wire:73 - http-outgoing-9 >> "GET /session/d281c973f803d7f478962ac88341d7c6/element/0.7849725074789544-2/displayed HTTP/1.1[\r][\n]"
2017-09-03 15:50:47 DEBUG wire:73 - http-outgoing-9 >> "Cache-Control: no-cache[\r][\n]"
2017-09-03 15:50:47 DEBUG wire:73 - http-outgoing-9 >> "Host: localhost:39114[\r][\n]"
2017-09-03 15:50:47 DEBUG wire:73 - http-outgoing-9 >> "Connection: Keep-Alive[\r][\n]"
2017-09-03 15:50:47 DEBUG wire:73 - http-outgoing-9 >> "User-Agent: Apache-HttpClient/4.5.3 (Java/1.8.0_121)[\r][\n]"
2017-09-03 15:50:47 DEBUG wire:73 - http-outgoing-9 >> "Accept-Encoding: gzip,deflate[\r][\n]"
2017-09-03 15:50:47 DEBUG wire:73 - http-outgoing-9 >> "[\r][\n]"
2017-09-03 15:50:47 DEBUG wire:73 - http-outgoing-9 << "HTTP/1.1 200 OK[\r][\n]"
2017-09-03 15:50:47 DEBUG wire:73 - http-outgoing-9 << "Content-Length:72[\r][\n]"
2017-09-03 15:50:47 DEBUG wire:73 - http-outgoing-9 << "Content-Type:application/json; charset=utf-8[\r][\n]"
2017-09-03 15:50:47 DEBUG wire:73 - http-outgoing-9 << "Connection:close[\r][\n]"
2017-09-03 15:50:47 DEBUG wire:73 - http-outgoing-9 << "[\r][\n]"
2017-09-03 15:50:47 DEBUG wire:87 - http-outgoing-9 << "{"sessionId":"d281c973f803d7f478962ac88341d7c6","status":0,"value":true}"
2017-09-03 15:50:47 DEBUG headers:122 - http-outgoing-9 << HTTP/1.1 200 OK
2017-09-03 15:50:47 DEBUG headers:125 - http-outgoing-9 << Content-Length:72
2017-09-03 15:50:47 DEBUG headers:125 - http-outgoing-9 << Content-Type:application/json; charset=utf-8
2017-09-03 15:50:47 DEBUG headers:125 - http-outgoing-9 << Connection:close
2017-09-03 15:50:47 DEBUG DefaultManagedHttpClientConnection:79 - http-outgoing-9: Close connection
2017-09-03 15:50:47 DEBUG MainClientExec:104 - Connection discarded
2017-09-03 15:50:47 DEBUG PoolingHttpClientConnectionManager:326 - Connection released: [id: 9][route: {}->http://localhost:39114][total kept alive: 0; route allocated: 0 of 2000; total allocated: 1 of 2000]
2017-09-03 15:50:47 DEBUG RequestAddCookies:123 - CookieSpec selected: default
2017-09-03 15:50:47 DEBUG RequestAuthCache:77 - Auth cache not set in the context
2017-09-03 15:50:47 DEBUG PoolingHttpClientConnectionManager:255 - Connection request: [route: {}->http://localhost:39114][total kept alive: 0; route allocated: 0 of 2000; total allocated: 1 of 2000]
2017-09-03 15:50:47 DEBUG PoolingHttpClientConnectionManager:288 - Connection leased: [id: 10][route: {}->http://localhost:39114][total kept alive: 0; route allocated: 1 of 2000; total allocated: 2 of 2000]
2017-09-03 15:50:47 DEBUG MainClientExec:235 - Opening connection {}->http://localhost:39114
2017-09-03 15:50:47 DEBUG DefaultHttpClientConnectionOperator:139 - Connecting to localhost/127.0.0.1:39114
2017-09-03 15:50:47 DEBUG DefaultHttpClientConnectionOperator:146 - Connection established 127.0.0.1:54622<->127.0.0.1:39114
2017-09-03 15:50:47 DEBUG DefaultManagedHttpClientConnection:88 - http-outgoing-10: set socket timeout to 10800000
2017-09-03 15:50:47 DEBUG MainClientExec:256 - Executing request POST /session/d281c973f803d7f478962ac88341d7c6/element HTTP/1.1
2017-09-03 15:50:47 DEBUG MainClientExec:261 - Target auth state: UNCHALLENGED
2017-09-03 15:50:47 DEBUG MainClientExec:267 - Proxy auth state: UNCHALLENGED
2017-09-03 15:50:47 DEBUG headers:133 - http-outgoing-10 >> POST /session/d281c973f803d7f478962ac88341d7c6/element HTTP/1.1
2017-09-03 15:50:47 DEBUG headers:136 - http-outgoing-10 >> Content-Type: application/json; charset=utf-8
2017-09-03 15:50:47 DEBUG headers:136 - http-outgoing-10 >> Content-Length: 33
2017-09-03 15:50:47 DEBUG headers:136 - http-outgoing-10 >> Host: localhost:39114
2017-09-03 15:50:47 DEBUG headers:136 - http-outgoing-10 >> Connection: Keep-Alive
2017-09-03 15:50:47 DEBUG headers:136 - http-outgoing-10 >> User-Agent: Apache-HttpClient/4.5.3 (Java/1.8.0_121)
2017-09-03 15:50:47 DEBUG headers:136 - http-outgoing-10 >> Accept-Encoding: gzip,deflate
2017-09-03 15:50:47 DEBUG wire:73 - http-outgoing-10 >> "POST /session/d281c973f803d7f478962ac88341d7c6/element HTTP/1.1[\r][\n]"
2017-09-03 15:50:47 DEBUG wire:73 - http-outgoing-10 >> "Content-Type: application/json; charset=utf-8[\r][\n]"
2017-09-03 15:50:47 DEBUG wire:73 - http-outgoing-10 >> "Content-Length: 33[\r][\n]"
2017-09-03 15:50:47 DEBUG wire:73 - http-outgoing-10 >> "Host: localhost:39114[\r][\n]"
2017-09-03 15:50:47 DEBUG wire:73 - http-outgoing-10 >> "Connection: Keep-Alive[\r][\n]"
2017-09-03 15:50:47 DEBUG wire:73 - http-outgoing-10 >> "User-Agent: Apache-HttpClient/4.5.3 (Java/1.8.0_121)[\r][\n]"
2017-09-03 15:50:47 DEBUG wire:73 - http-outgoing-10 >> "Accept-Encoding: gzip,deflate[\r][\n]"
2017-09-03 15:50:47 DEBUG wire:73 - http-outgoing-10 >> "[\r][\n]"
2017-09-03 15:50:47 DEBUG wire:87 - http-outgoing-10 >> "{"using":"id","value":"password"}"
2017-09-03 15:50:47 DEBUG wire:73 - http-outgoing-10 << "HTTP/1.1 200 OK[\r][\n]"
2017-09-03 15:50:47 DEBUG wire:73 - http-outgoing-10 << "Content-Length:102[\r][\n]"
2017-09-03 15:50:47 DEBUG wire:73 - http-outgoing-10 << "Content-Type:application/json; charset=utf-8[\r][\n]"
2017-09-03 15:50:47 DEBUG wire:73 - http-outgoing-10 << "Connection:close[\r][\n]"
2017-09-03 15:50:47 DEBUG wire:73 - http-outgoing-10 << "[\r][\n]"
2017-09-03 15:50:47 DEBUG wire:87 - http-outgoing-10 << "{"sessionId":"d281c973f803d7f478962ac88341d7c6","status":0,"value":{"ELEMENT":"0.7849725074789544-3"}}"
2017-09-03 15:50:47 DEBUG headers:122 - http-outgoing-10 << HTTP/1.1 200 OK
2017-09-03 15:50:47 DEBUG headers:125 - http-outgoing-10 << Content-Length:102
2017-09-03 15:50:47 DEBUG headers:125 - http-outgoing-10 << Content-Type:application/json; charset=utf-8
2017-09-03 15:50:47 DEBUG headers:125 - http-outgoing-10 << Connection:close
2017-09-03 15:50:47 DEBUG DefaultManagedHttpClientConnection:79 - http-outgoing-10: Close connection
2017-09-03 15:50:47 DEBUG MainClientExec:104 - Connection discarded
2017-09-03 15:50:47 DEBUG PoolingHttpClientConnectionManager:326 - Connection released: [id: 10][route: {}->http://localhost:39114][total kept alive: 0; route allocated: 0 of 2000; total allocated: 1 of 2000]
2017-09-03 15:50:47 DEBUG RequestAddCookies:123 - CookieSpec selected: default
2017-09-03 15:50:47 DEBUG RequestAuthCache:77 - Auth cache not set in the context
2017-09-03 15:50:47 DEBUG PoolingHttpClientConnectionManager:255 - Connection request: [route: {}->http://localhost:39114][total kept alive: 0; route allocated: 0 of 2000; total allocated: 1 of 2000]
2017-09-03 15:50:47 DEBUG PoolingHttpClientConnectionManager:288 - Connection leased: [id: 11][route: {}->http://localhost:39114][total kept alive: 0; route allocated: 1 of 2000; total allocated: 2 of 2000]
2017-09-03 15:50:47 DEBUG MainClientExec:235 - Opening connection {}->http://localhost:39114
2017-09-03 15:50:47 DEBUG DefaultHttpClientConnectionOperator:139 - Connecting to localhost/127.0.0.1:39114
2017-09-03 15:50:47 DEBUG DefaultHttpClientConnectionOperator:146 - Connection established 127.0.0.1:54623<->127.0.0.1:39114
2017-09-03 15:50:47 DEBUG DefaultManagedHttpClientConnection:88 - http-outgoing-11: set socket timeout to 10800000
2017-09-03 15:50:47 DEBUG MainClientExec:256 - Executing request GET /session/d281c973f803d7f478962ac88341d7c6/element/0.7849725074789544-3/displayed HTTP/1.1
2017-09-03 15:50:47 DEBUG MainClientExec:261 - Target auth state: UNCHALLENGED
2017-09-03 15:50:47 DEBUG MainClientExec:267 - Proxy auth state: UNCHALLENGED
2017-09-03 15:50:47 DEBUG headers:133 - http-outgoing-11 >> GET /session/d281c973f803d7f478962ac88341d7c6/element/0.7849725074789544-3/displayed HTTP/1.1
2017-09-03 15:50:47 DEBUG headers:136 - http-outgoing-11 >> Cache-Control: no-cache
2017-09-03 15:50:47 DEBUG headers:136 - http-outgoing-11 >> Host: localhost:39114
2017-09-03 15:50:47 DEBUG headers:136 - http-outgoing-11 >> Connection: Keep-Alive
2017-09-03 15:50:47 DEBUG headers:136 - http-outgoing-11 >> User-Agent: Apache-HttpClient/4.5.3 (Java/1.8.0_121)
2017-09-03 15:50:47 DEBUG headers:136 - http-outgoing-11 >> Accept-Encoding: gzip,deflate
2017-09-03 15:50:47 DEBUG wire:73 - http-outgoing-11 >> "GET /session/d281c973f803d7f478962ac88341d7c6/element/0.7849725074789544-3/displayed HTTP/1.1[\r][\n]"
2017-09-03 15:50:47 DEBUG wire:73 - http-outgoing-11 >> "Cache-Control: no-cache[\r][\n]"
2017-09-03 15:50:47 DEBUG wire:73 - http-outgoing-11 >> "Host: localhost:39114[\r][\n]"
2017-09-03 15:50:47 DEBUG wire:73 - http-outgoing-11 >> "Connection: Keep-Alive[\r][\n]"
2017-09-03 15:50:47 DEBUG wire:73 - http-outgoing-11 >> "User-Agent: Apache-HttpClient/4.5.3 (Java/1.8.0_121)[\r][\n]"
2017-09-03 15:50:47 DEBUG wire:73 - http-outgoing-11 >> "Accept-Encoding: gzip,deflate[\r][\n]"
2017-09-03 15:50:47 DEBUG wire:73 - http-outgoing-11 >> "[\r][\n]"
2017-09-03 15:50:47 DEBUG wire:73 - http-outgoing-11 << "HTTP/1.1 200 OK[\r][\n]"
2017-09-03 15:50:47 DEBUG wire:73 - http-outgoing-11 << "Content-Length:72[\r][\n]"
2017-09-03 15:50:47 DEBUG wire:73 - http-outgoing-11 << "Content-Type:application/json; charset=utf-8[\r][\n]"
2017-09-03 15:50:47 DEBUG wire:73 - http-outgoing-11 << "Connection:close[\r][\n]"
2017-09-03 15:50:47 DEBUG wire:73 - http-outgoing-11 << "[\r][\n]"
2017-09-03 15:50:47 DEBUG wire:87 - http-outgoing-11 << "{"sessionId":"d281c973f803d7f478962ac88341d7c6","status":0,"value":true}"
2017-09-03 15:50:47 DEBUG headers:122 - http-outgoing-11 << HTTP/1.1 200 OK
2017-09-03 15:50:47 DEBUG headers:125 - http-outgoing-11 << Content-Length:72
2017-09-03 15:50:47 DEBUG headers:125 - http-outgoing-11 << Content-Type:application/json; charset=utf-8
2017-09-03 15:50:47 DEBUG headers:125 - http-outgoing-11 << Connection:close
2017-09-03 15:50:47 DEBUG DefaultManagedHttpClientConnection:79 - http-outgoing-11: Close connection
2017-09-03 15:50:47 DEBUG MainClientExec:104 - Connection discarded
2017-09-03 15:50:47 DEBUG PoolingHttpClientConnectionManager:326 - Connection released: [id: 11][route: {}->http://localhost:39114][total kept alive: 0; route allocated: 0 of 2000; total allocated: 1 of 2000]
2017-09-03 15:50:47 DEBUG RequestAddCookies:123 - CookieSpec selected: default
2017-09-03 15:50:47 DEBUG RequestAuthCache:77 - Auth cache not set in the context
2017-09-03 15:50:47 DEBUG PoolingHttpClientConnectionManager:255 - Connection request: [route: {}->http://localhost:39114][total kept alive: 0; route allocated: 0 of 2000; total allocated: 1 of 2000]
2017-09-03 15:50:47 DEBUG PoolingHttpClientConnectionManager:288 - Connection leased: [id: 12][route: {}->http://localhost:39114][total kept alive: 0; route allocated: 1 of 2000; total allocated: 2 of 2000]
2017-09-03 15:50:47 DEBUG MainClientExec:235 - Opening connection {}->http://localhost:39114
2017-09-03 15:50:47 DEBUG DefaultHttpClientConnectionOperator:139 - Connecting to localhost/127.0.0.1:39114
2017-09-03 15:50:47 DEBUG DefaultHttpClientConnectionOperator:146 - Connection established 127.0.0.1:54624<->127.0.0.1:39114
2017-09-03 15:50:47 DEBUG DefaultManagedHttpClientConnection:88 - http-outgoing-12: set socket timeout to 10800000
2017-09-03 15:50:47 DEBUG MainClientExec:256 - Executing request POST /session/d281c973f803d7f478962ac88341d7c6/element HTTP/1.1
2017-09-03 15:50:47 DEBUG MainClientExec:261 - Target auth state: UNCHALLENGED
2017-09-03 15:50:47 DEBUG MainClientExec:267 - Proxy auth state: UNCHALLENGED
2017-09-03 15:50:47 DEBUG headers:133 - http-outgoing-12 >> POST /session/d281c973f803d7f478962ac88341d7c6/element HTTP/1.1
2017-09-03 15:50:47 DEBUG headers:136 - http-outgoing-12 >> Content-Type: application/json; charset=utf-8
2017-09-03 15:50:47 DEBUG headers:136 - http-outgoing-12 >> Content-Length: 36
2017-09-03 15:50:47 DEBUG headers:136 - http-outgoing-12 >> Host: localhost:39114
2017-09-03 15:50:47 DEBUG headers:136 - http-outgoing-12 >> Connection: Keep-Alive
2017-09-03 15:50:47 DEBUG headers:136 - http-outgoing-12 >> User-Agent: Apache-HttpClient/4.5.3 (Java/1.8.0_121)
2017-09-03 15:50:47 DEBUG headers:136 - http-outgoing-12 >> Accept-Encoding: gzip,deflate
2017-09-03 15:50:47 DEBUG wire:73 - http-outgoing-12 >> "POST /session/d281c973f803d7f478962ac88341d7c6/element HTTP/1.1[\r][\n]"
2017-09-03 15:50:47 DEBUG wire:73 - http-outgoing-12 >> "Content-Type: application/json; charset=utf-8[\r][\n]"
2017-09-03 15:50:47 DEBUG wire:73 - http-outgoing-12 >> "Content-Length: 36[\r][\n]"
2017-09-03 15:50:47 DEBUG wire:73 - http-outgoing-12 >> "Host: localhost:39114[\r][\n]"
2017-09-03 15:50:47 DEBUG wire:73 - http-outgoing-12 >> "Connection: Keep-Alive[\r][\n]"
2017-09-03 15:50:47 DEBUG wire:73 - http-outgoing-12 >> "User-Agent: Apache-HttpClient/4.5.3 (Java/1.8.0_121)[\r][\n]"
2017-09-03 15:50:47 DEBUG wire:73 - http-outgoing-12 >> "Accept-Encoding: gzip,deflate[\r][\n]"
2017-09-03 15:50:47 DEBUG wire:73 - http-outgoing-12 >> "[\r][\n]"
2017-09-03 15:50:47 DEBUG wire:87 - http-outgoing-12 >> "{"using":"id","value":"loginSubmit"}"
2017-09-03 15:50:47 DEBUG wire:73 - http-outgoing-12 << "HTTP/1.1 200 OK[\r][\n]"
2017-09-03 15:50:47 DEBUG wire:73 - http-outgoing-12 << "Content-Length:102[\r][\n]"
2017-09-03 15:50:47 DEBUG wire:73 - http-outgoing-12 << "Content-Type:application/json; charset=utf-8[\r][\n]"
2017-09-03 15:50:47 DEBUG wire:73 - http-outgoing-12 << "Connection:close[\r][\n]"
2017-09-03 15:50:47 DEBUG wire:73 - http-outgoing-12 << "[\r][\n]"
2017-09-03 15:50:47 DEBUG wire:87 - http-outgoing-12 << "{"sessionId":"d281c973f803d7f478962ac88341d7c6","status":0,"value":{"ELEMENT":"0.7849725074789544-4"}}"
2017-09-03 15:50:47 DEBUG headers:122 - http-outgoing-12 << HTTP/1.1 200 OK
2017-09-03 15:50:47 DEBUG headers:125 - http-outgoing-12 << Content-Length:102
2017-09-03 15:50:47 DEBUG headers:125 - http-outgoing-12 << Content-Type:application/json; charset=utf-8
2017-09-03 15:50:47 DEBUG headers:125 - http-outgoing-12 << Connection:close
2017-09-03 15:50:47 DEBUG DefaultManagedHttpClientConnection:79 - http-outgoing-12: Close connection
2017-09-03 15:50:47 DEBUG MainClientExec:104 - Connection discarded
2017-09-03 15:50:47 DEBUG PoolingHttpClientConnectionManager:326 - Connection released: [id: 12][route: {}->http://localhost:39114][total kept alive: 0; route allocated: 0 of 2000; total allocated: 1 of 2000]
2017-09-03 15:50:47 DEBUG RequestAddCookies:123 - CookieSpec selected: default
2017-09-03 15:50:47 DEBUG RequestAuthCache:77 - Auth cache not set in the context
2017-09-03 15:50:47 DEBUG PoolingHttpClientConnectionManager:255 - Connection request: [route: {}->http://localhost:39114][total kept alive: 0; route allocated: 0 of 2000; total allocated: 1 of 2000]
2017-09-03 15:50:47 DEBUG PoolingHttpClientConnectionManager:288 - Connection leased: [id: 13][route: {}->http://localhost:39114][total kept alive: 0; route allocated: 1 of 2000; total allocated: 2 of 2000]
2017-09-03 15:50:47 DEBUG MainClientExec:235 - Opening connection {}->http://localhost:39114
2017-09-03 15:50:47 DEBUG DefaultHttpClientConnectionOperator:139 - Connecting to localhost/127.0.0.1:39114
2017-09-03 15:50:47 DEBUG DefaultHttpClientConnectionOperator:146 - Connection established 127.0.0.1:54625<->127.0.0.1:39114
2017-09-03 15:50:47 DEBUG DefaultManagedHttpClientConnection:88 - http-outgoing-13: set socket timeout to 10800000
2017-09-03 15:50:47 DEBUG MainClientExec:256 - Executing request GET /session/d281c973f803d7f478962ac88341d7c6/element/0.7849725074789544-4/displayed HTTP/1.1
2017-09-03 15:50:47 DEBUG MainClientExec:261 - Target auth state: UNCHALLENGED
2017-09-03 15:50:47 DEBUG MainClientExec:267 - Proxy auth state: UNCHALLENGED
2017-09-03 15:50:47 DEBUG headers:133 - http-outgoing-13 >> GET /session/d281c973f803d7f478962ac88341d7c6/element/0.7849725074789544-4/displayed HTTP/1.1
2017-09-03 15:50:47 DEBUG headers:136 - http-outgoing-13 >> Cache-Control: no-cache
2017-09-03 15:50:47 DEBUG headers:136 - http-outgoing-13 >> Host: localhost:39114
2017-09-03 15:50:47 DEBUG headers:136 - http-outgoing-13 >> Connection: Keep-Alive
2017-09-03 15:50:47 DEBUG headers:136 - http-outgoing-13 >> User-Agent: Apache-HttpClient/4.5.3 (Java/1.8.0_121)
2017-09-03 15:50:47 DEBUG headers:136 - http-outgoing-13 >> Accept-Encoding: gzip,deflate
2017-09-03 15:50:47 DEBUG wire:73 - http-outgoing-13 >> "GET /session/d281c973f803d7f478962ac88341d7c6/element/0.7849725074789544-4/displayed HTTP/1.1[\r][\n]"
2017-09-03 15:50:47 DEBUG wire:73 - http-outgoing-13 >> "Cache-Control: no-cache[\r][\n]"
2017-09-03 15:50:47 DEBUG wire:73 - http-outgoing-13 >> "Host: localhost:39114[\r][\n]"
2017-09-03 15:50:47 DEBUG wire:73 - http-outgoing-13 >> "Connection: Keep-Alive[\r][\n]"
2017-09-03 15:50:47 DEBUG wire:73 - http-outgoing-13 >> "User-Agent: Apache-HttpClient/4.5.3 (Java/1.8.0_121)[\r][\n]"
2017-09-03 15:50:47 DEBUG wire:73 - http-outgoing-13 >> "Accept-Encoding: gzip,deflate[\r][\n]"
2017-09-03 15:50:47 DEBUG wire:73 - http-outgoing-13 >> "[\r][\n]"
2017-09-03 15:50:48 DEBUG wire:73 - http-outgoing-13 << "HTTP/1.1 200 OK[\r][\n]"
2017-09-03 15:50:48 DEBUG wire:73 - http-outgoing-13 << "Content-Length:72[\r][\n]"
2017-09-03 15:50:48 DEBUG wire:73 - http-outgoing-13 << "Content-Type:application/json; charset=utf-8[\r][\n]"
2017-09-03 15:50:48 DEBUG wire:73 - http-outgoing-13 << "Connection:close[\r][\n]"
2017-09-03 15:50:48 DEBUG wire:73 - http-outgoing-13 << "[\r][\n]"
2017-09-03 15:50:48 DEBUG wire:87 - http-outgoing-13 << "{"sessionId":"d281c973f803d7f478962ac88341d7c6","status":0,"value":true}"
2017-09-03 15:50:48 DEBUG headers:122 - http-outgoing-13 << HTTP/1.1 200 OK
2017-09-03 15:50:48 DEBUG headers:125 - http-outgoing-13 << Content-Length:72
2017-09-03 15:50:48 DEBUG headers:125 - http-outgoing-13 << Content-Type:application/json; charset=utf-8
2017-09-03 15:50:48 DEBUG headers:125 - http-outgoing-13 << Connection:close
2017-09-03 15:50:48 DEBUG DefaultManagedHttpClientConnection:79 - http-outgoing-13: Close connection
2017-09-03 15:50:48 DEBUG MainClientExec:104 - Connection discarded
2017-09-03 15:50:48 DEBUG PoolingHttpClientConnectionManager:326 - Connection released: [id: 13][route: {}->http://localhost:39114][total kept alive: 0; route allocated: 0 of 2000; total allocated: 1 of 2000]
2017-09-03 15:50:48 DEBUG RequestAddCookies:123 - CookieSpec selected: default
2017-09-03 15:50:48 DEBUG RequestAuthCache:77 - Auth cache not set in the context
2017-09-03 15:50:48 DEBUG PoolingHttpClientConnectionManager:255 - Connection request: [route: {}->http://localhost:39114][total kept alive: 0; route allocated: 0 of 2000; total allocated: 1 of 2000]
2017-09-03 15:50:48 DEBUG PoolingHttpClientConnectionManager:288 - Connection leased: [id: 14][route: {}->http://localhost:39114][total kept alive: 0; route allocated: 1 of 2000; total allocated: 2 of 2000]
2017-09-03 15:50:48 DEBUG MainClientExec:235 - Opening connection {}->http://localhost:39114
2017-09-03 15:50:48 DEBUG DefaultHttpClientConnectionOperator:139 - Connecting to localhost/127.0.0.1:39114
2017-09-03 15:50:48 DEBUG DefaultHttpClientConnectionOperator:146 - Connection established 127.0.0.1:54626<->127.0.0.1:39114
2017-09-03 15:50:48 DEBUG DefaultManagedHttpClientConnection:88 - http-outgoing-14: set socket timeout to 10800000
2017-09-03 15:50:48 DEBUG MainClientExec:256 - Executing request POST /session/d281c973f803d7f478962ac88341d7c6/element HTTP/1.1
2017-09-03 15:50:48 DEBUG MainClientExec:261 - Target auth state: UNCHALLENGED
2017-09-03 15:50:48 DEBUG MainClientExec:267 - Proxy auth state: UNCHALLENGED
2017-09-03 15:50:48 DEBUG headers:133 - http-outgoing-14 >> POST /session/d281c973f803d7f478962ac88341d7c6/element HTTP/1.1
2017-09-03 15:50:48 DEBUG headers:136 - http-outgoing-14 >> Content-Type: application/json; charset=utf-8
2017-09-03 15:50:48 DEBUG headers:136 - http-outgoing-14 >> Content-Length: 38
2017-09-03 15:50:48 DEBUG headers:136 - http-outgoing-14 >> Host: localhost:39114
2017-09-03 15:50:48 DEBUG headers:136 - http-outgoing-14 >> Connection: Keep-Alive
2017-09-03 15:50:48 DEBUG headers:136 - http-outgoing-14 >> User-Agent: Apache-HttpClient/4.5.3 (Java/1.8.0_121)
2017-09-03 15:50:48 DEBUG headers:136 - http-outgoing-14 >> Accept-Encoding: gzip,deflate
2017-09-03 15:50:48 DEBUG wire:73 - http-outgoing-14 >> "POST /session/d281c973f803d7f478962ac88341d7c6/element HTTP/1.1[\r][\n]"
2017-09-03 15:50:48 DEBUG wire:73 - http-outgoing-14 >> "Content-Type: application/json; charset=utf-8[\r][\n]"
2017-09-03 15:50:48 DEBUG wire:73 - http-outgoing-14 >> "Content-Length: 38[\r][\n]"
2017-09-03 15:50:48 DEBUG wire:73 - http-outgoing-14 >> "Host: localhost:39114[\r][\n]"
2017-09-03 15:50:48 DEBUG wire:73 - http-outgoing-14 >> "Connection: Keep-Alive[\r][\n]"
2017-09-03 15:50:48 DEBUG wire:73 - http-outgoing-14 >> "User-Agent: Apache-HttpClient/4.5.3 (Java/1.8.0_121)[\r][\n]"
2017-09-03 15:50:48 DEBUG wire:73 - http-outgoing-14 >> "Accept-Encoding: gzip,deflate[\r][\n]"
2017-09-03 15:50:48 DEBUG wire:73 - http-outgoing-14 >> "[\r][\n]"
2017-09-03 15:50:48 DEBUG wire:87 - http-outgoing-14 >> "{"using":"id","value":"forgotPassBtn"}"
2017-09-03 15:50:48 DEBUG wire:73 - http-outgoing-4 << "HTTP/1.1 200 OK[\r][\n]"
2017-09-03 15:50:48 DEBUG wire:73 - http-outgoing-4 << "Content-Length:72[\r][\n]"
2017-09-03 15:50:48 DEBUG wire:73 - http-outgoing-4 << "Content-Type:application/json; charset=utf-8[\r][\n]"
2017-09-03 15:50:48 DEBUG wire:73 - http-outgoing-4 << "Connection:close[\r][\n]"
2017-09-03 15:50:48 DEBUG wire:73 - http-outgoing-4 << "[\r][\n]"
2017-09-03 15:50:48 DEBUG wire:87 - http-outgoing-4 << "{"sessionId":"843ad67b75bd65450a6241580f4e9ef1","status":0,"value":null}"
2017-09-03 15:50:48 DEBUG headers:122 - http-outgoing-4 << HTTP/1.1 200 OK
2017-09-03 15:50:48 DEBUG headers:125 - http-outgoing-4 << Content-Length:72
2017-09-03 15:50:48 DEBUG headers:125 - http-outgoing-4 << Content-Type:application/json; charset=utf-8
2017-09-03 15:50:48 DEBUG headers:125 - http-outgoing-4 << Connection:close
2017-09-03 15:50:48 DEBUG DefaultManagedHttpClientConnection:79 - http-outgoing-4: Close connection
2017-09-03 15:50:48 DEBUG MainClientExec:104 - Connection discarded
2017-09-03 15:50:48 DEBUG PoolingHttpClientConnectionManager:326 - Connection released: [id: 4][route: {}->http://localhost:23620][total kept alive: 0; route allocated: 0 of 2000; total allocated: 1 of 2000]
2017-09-03 15:50:48 DEBUG RequestAddCookies:123 - CookieSpec selected: default
2017-09-03 15:50:48 DEBUG RequestAuthCache:77 - Auth cache not set in the context
2017-09-03 15:50:48 DEBUG PoolingHttpClientConnectionManager:255 - Connection request: [route: {}->http://localhost:23620][total kept alive: 0; route allocated: 0 of 2000; total allocated: 1 of 2000]
2017-09-03 15:50:48 DEBUG PoolingHttpClientConnectionManager:288 - Connection leased: [id: 15][route: {}->http://localhost:23620][total kept alive: 0; route allocated: 1 of 2000; total allocated: 2 of 2000]
2017-09-03 15:50:48 DEBUG MainClientExec:235 - Opening connection {}->http://localhost:23620
2017-09-03 15:50:48 DEBUG DefaultHttpClientConnectionOperator:139 - Connecting to localhost/127.0.0.1:23620
2017-09-03 15:50:48 DEBUG DefaultHttpClientConnectionOperator:146 - Connection established 127.0.0.1:54627<->127.0.0.1:23620
2017-09-03 15:50:48 DEBUG DefaultManagedHttpClientConnection:88 - http-outgoing-15: set socket timeout to 10800000
2017-09-03 15:50:48 DEBUG MainClientExec:256 - Executing request POST /session/843ad67b75bd65450a6241580f4e9ef1/window/current/size HTTP/1.1
2017-09-03 15:50:48 DEBUG MainClientExec:261 - Target auth state: UNCHALLENGED
2017-09-03 15:50:48 DEBUG MainClientExec:267 - Proxy auth state: UNCHALLENGED
2017-09-03 15:50:48 DEBUG headers:133 - http-outgoing-15 >> POST /session/843ad67b75bd65450a6241580f4e9ef1/window/current/size HTTP/1.1
2017-09-03 15:50:48 DEBUG headers:136 - http-outgoing-15 >> Content-Type: application/json; charset=utf-8
2017-09-03 15:50:48 DEBUG headers:136 - http-outgoing-15 >> Content-Length: 71
2017-09-03 15:50:48 DEBUG headers:136 - http-outgoing-15 >> Host: localhost:23620
2017-09-03 15:50:48 DEBUG headers:136 - http-outgoing-15 >> Connection: Keep-Alive
2017-09-03 15:50:48 DEBUG headers:136 - http-outgoing-15 >> User-Agent: Apache-HttpClient/4.5.3 (Java/1.8.0_121)
2017-09-03 15:50:48 DEBUG headers:136 - http-outgoing-15 >> Accept-Encoding: gzip,deflate
2017-09-03 15:50:48 DEBUG wire:73 - http-outgoing-15 >> "POST /session/843ad67b75bd65450a6241580f4e9ef1/window/current/size HTTP/1.1[\r][\n]"
2017-09-03 15:50:48 DEBUG wire:73 - http-outgoing-15 >> "Content-Type: application/json; charset=utf-8[\r][\n]"
2017-09-03 15:50:48 DEBUG wire:73 - http-outgoing-15 >> "Content-Length: 71[\r][\n]"
2017-09-03 15:50:48 DEBUG wire:73 - http-outgoing-15 >> "Host: localhost:23620[\r][\n]"
2017-09-03 15:50:48 DEBUG wire:73 - http-outgoing-15 >> "Connection: Keep-Alive[\r][\n]"
2017-09-03 15:50:48 DEBUG wire:73 - http-outgoing-15 >> "User-Agent: Apache-HttpClient/4.5.3 (Java/1.8.0_121)[\r][\n]"
2017-09-03 15:50:48 DEBUG wire:73 - http-outgoing-15 >> "Accept-Encoding: gzip,deflate[\r][\n]"
2017-09-03 15:50:48 DEBUG wire:73 - http-outgoing-15 >> "[\r][\n]"
2017-09-03 15:50:48 DEBUG wire:87 - http-outgoing-15 >> "{"width":700,"height":1000,"windowHandle":"current","handle":"current"}"
2017-09-03 15:50:48 DEBUG wire:73 - http-outgoing-14 << "HTTP/1.1 200 OK[\r][\n]"
2017-09-03 15:50:48 DEBUG wire:73 - http-outgoing-14 << "Content-Length:102[\r][\n]"
2017-09-03 15:50:48 DEBUG wire:73 - http-outgoing-14 << "Content-Type:application/json; charset=utf-8[\r][\n]"
2017-09-03 15:50:48 DEBUG wire:73 - http-outgoing-14 << "Connection:close[\r][\n]"
2017-09-03 15:50:48 DEBUG wire:73 - http-outgoing-14 << "[\r][\n]"
2017-09-03 15:50:48 DEBUG wire:87 - http-outgoing-14 << "{"sessionId":"d281c973f803d7f478962ac88341d7c6","status":0,"value":{"ELEMENT":"0.7849725074789544-5"}}"
2017-09-03 15:50:48 DEBUG headers:122 - http-outgoing-14 << HTTP/1.1 200 OK
2017-09-03 15:50:48 DEBUG headers:125 - http-outgoing-14 << Content-Length:102
2017-09-03 15:50:48 DEBUG headers:125 - http-outgoing-14 << Content-Type:application/json; charset=utf-8
2017-09-03 15:50:48 DEBUG headers:125 - http-outgoing-14 << Connection:close
2017-09-03 15:50:48 DEBUG DefaultManagedHttpClientConnection:79 - http-outgoing-14: Close connection
2017-09-03 15:50:48 DEBUG MainClientExec:104 - Connection discarded
2017-09-03 15:50:48 DEBUG PoolingHttpClientConnectionManager:326 - Connection released: [id: 14][route: {}->http://localhost:39114][total kept alive: 0; route allocated: 0 of 2000; total allocated: 1 of 2000]
2017-09-03 15:50:48 DEBUG RequestAddCookies:123 - CookieSpec selected: default
2017-09-03 15:50:48 DEBUG RequestAuthCache:77 - Auth cache not set in the context
2017-09-03 15:50:48 DEBUG PoolingHttpClientConnectionManager:255 - Connection request: [route: {}->http://localhost:39114][total kept alive: 0; route allocated: 0 of 2000; total allocated: 1 of 2000]
2017-09-03 15:50:48 DEBUG PoolingHttpClientConnectionManager:288 - Connection leased: [id: 16][route: {}->http://localhost:39114][total kept alive: 0; route allocated: 1 of 2000; total allocated: 2 of 2000]
2017-09-03 15:50:48 DEBUG MainClientExec:235 - Opening connection {}->http://localhost:39114
2017-09-03 15:50:48 DEBUG DefaultHttpClientConnectionOperator:139 - Connecting to localhost/127.0.0.1:39114
2017-09-03 15:50:48 DEBUG DefaultHttpClientConnectionOperator:146 - Connection established 127.0.0.1:54629<->127.0.0.1:39114
2017-09-03 15:50:48 DEBUG DefaultManagedHttpClientConnection:88 - http-outgoing-16: set socket timeout to 10800000
2017-09-03 15:50:48 DEBUG MainClientExec:256 - Executing request GET /session/d281c973f803d7f478962ac88341d7c6/element/0.7849725074789544-5/displayed HTTP/1.1
2017-09-03 15:50:48 DEBUG MainClientExec:261 - Target auth state: UNCHALLENGED
2017-09-03 15:50:48 DEBUG MainClientExec:267 - Proxy auth state: UNCHALLENGED
2017-09-03 15:50:48 DEBUG headers:133 - http-outgoing-16 >> GET /session/d281c973f803d7f478962ac88341d7c6/element/0.7849725074789544-5/displayed HTTP/1.1
2017-09-03 15:50:48 DEBUG headers:136 - http-outgoing-16 >> Cache-Control: no-cache
2017-09-03 15:50:48 DEBUG headers:136 - http-outgoing-16 >> Host: localhost:39114
2017-09-03 15:50:48 DEBUG headers:136 - http-outgoing-16 >> Connection: Keep-Alive
2017-09-03 15:50:48 DEBUG headers:136 - http-outgoing-16 >> User-Agent: Apache-HttpClient/4.5.3 (Java/1.8.0_121)
2017-09-03 15:50:48 DEBUG headers:136 - http-outgoing-16 >> Accept-Encoding: gzip,deflate
2017-09-03 15:50:48 DEBUG wire:73 - http-outgoing-16 >> "GET /session/d281c973f803d7f478962ac88341d7c6/element/0.7849725074789544-5/displayed HTTP/1.1[\r][\n]"
2017-09-03 15:50:48 DEBUG wire:73 - http-outgoing-16 >> "Cache-Control: no-cache[\r][\n]"
2017-09-03 15:50:48 DEBUG wire:73 - http-outgoing-16 >> "Host: localhost:39114[\r][\n]"
2017-09-03 15:50:48 DEBUG wire:73 - http-outgoing-16 >> "Connection: Keep-Alive[\r][\n]"
2017-09-03 15:50:48 DEBUG wire:73 - http-outgoing-16 >> "User-Agent: Apache-HttpClient/4.5.3 (Java/1.8.0_121)[\r][\n]"
2017-09-03 15:50:48 DEBUG wire:73 - http-outgoing-16 >> "Accept-Encoding: gzip,deflate[\r][\n]"
2017-09-03 15:50:48 DEBUG wire:73 - http-outgoing-16 >> "[\r][\n]"
2017-09-03 15:50:48 DEBUG wire:73 - http-outgoing-16 << "HTTP/1.1 200 OK[\r][\n]"
2017-09-03 15:50:48 DEBUG wire:73 - http-outgoing-16 << "Content-Length:72[\r][\n]"
2017-09-03 15:50:48 DEBUG wire:73 - http-outgoing-16 << "Content-Type:application/json; charset=utf-8[\r][\n]"
2017-09-03 15:50:48 DEBUG wire:73 - http-outgoing-16 << "Connection:close[\r][\n]"
2017-09-03 15:50:48 DEBUG wire:73 - http-outgoing-16 << "[\r][\n]"
2017-09-03 15:50:48 DEBUG wire:87 - http-outgoing-16 << "{"sessionId":"d281c973f803d7f478962ac88341d7c6","status":0,"value":true}"
2017-09-03 15:50:48 DEBUG headers:122 - http-outgoing-16 << HTTP/1.1 200 OK
2017-09-03 15:50:48 DEBUG headers:125 - http-outgoing-16 << Content-Length:72
2017-09-03 15:50:48 DEBUG headers:125 - http-outgoing-16 << Content-Type:application/json; charset=utf-8
2017-09-03 15:50:48 DEBUG headers:125 - http-outgoing-16 << Connection:close
2017-09-03 15:50:48 DEBUG DefaultManagedHttpClientConnection:79 - http-outgoing-16: Close connection
2017-09-03 15:50:48 DEBUG MainClientExec:104 - Connection discarded
2017-09-03 15:50:48 DEBUG PoolingHttpClientConnectionManager:326 - Connection released: [id: 16][route: {}->http://localhost:39114][total kept alive: 0; route allocated: 0 of 2000; total allocated: 1 of 2000]
2017-09-03 15:50:48 DEBUG RequestAddCookies:123 - CookieSpec selected: default
2017-09-03 15:50:48 DEBUG RequestAuthCache:77 - Auth cache not set in the context
2017-09-03 15:50:48 DEBUG PoolingHttpClientConnectionManager:255 - Connection request: [route: {}->http://localhost:39114][total kept alive: 0; route allocated: 0 of 2000; total allocated: 1 of 2000]
2017-09-03 15:50:48 DEBUG PoolingHttpClientConnectionManager:288 - Connection leased: [id: 17][route: {}->http://localhost:39114][total kept alive: 0; route allocated: 1 of 2000; total allocated: 2 of 2000]
2017-09-03 15:50:48 DEBUG MainClientExec:235 - Opening connection {}->http://localhost:39114
2017-09-03 15:50:48 DEBUG DefaultHttpClientConnectionOperator:139 - Connecting to localhost/127.0.0.1:39114
2017-09-03 15:50:48 DEBUG DefaultHttpClientConnectionOperator:146 - Connection established 127.0.0.1:54630<->127.0.0.1:39114
2017-09-03 15:50:48 DEBUG DefaultManagedHttpClientConnection:88 - http-outgoing-17: set socket timeout to 10800000
2017-09-03 15:50:48 DEBUG MainClientExec:256 - Executing request POST /session/d281c973f803d7f478962ac88341d7c6/element HTTP/1.1
2017-09-03 15:50:48 DEBUG MainClientExec:261 - Target auth state: UNCHALLENGED
2017-09-03 15:50:48 DEBUG MainClientExec:267 - Proxy auth state: UNCHALLENGED
2017-09-03 15:50:48 DEBUG headers:133 - http-outgoing-17 >> POST /session/d281c973f803d7f478962ac88341d7c6/element HTTP/1.1
2017-09-03 15:50:48 DEBUG headers:136 - http-outgoing-17 >> Content-Type: application/json; charset=utf-8
2017-09-03 15:50:48 DEBUG headers:136 - http-outgoing-17 >> Content-Length: 34
2017-09-03 15:50:48 DEBUG headers:136 - http-outgoing-17 >> Host: localhost:39114
2017-09-03 15:50:48 DEBUG headers:136 - http-outgoing-17 >> Connection: Keep-Alive
2017-09-03 15:50:48 DEBUG headers:136 - http-outgoing-17 >> User-Agent: Apache-HttpClient/4.5.3 (Java/1.8.0_121)
2017-09-03 15:50:48 DEBUG headers:136 - http-outgoing-17 >> Accept-Encoding: gzip,deflate
2017-09-03 15:50:48 DEBUG wire:73 - http-outgoing-17 >> "POST /session/d281c973f803d7f478962ac88341d7c6/element HTTP/1.1[\r][\n]"
2017-09-03 15:50:48 DEBUG wire:73 - http-outgoing-17 >> "Content-Type: application/json; charset=utf-8[\r][\n]"
2017-09-03 15:50:48 DEBUG wire:73 - http-outgoing-17 >> "Content-Length: 34[\r][\n]"
2017-09-03 15:50:48 DEBUG wire:73 - http-outgoing-17 >> "Host: localhost:39114[\r][\n]"
2017-09-03 15:50:48 DEBUG wire:73 - http-outgoing-17 >> "Connection: Keep-Alive[\r][\n]"
2017-09-03 15:50:48 DEBUG wire:73 - http-outgoing-17 >> "User-Agent: Apache-HttpClient/4.5.3 (Java/1.8.0_121)[\r][\n]"
2017-09-03 15:50:48 DEBUG wire:73 - http-outgoing-17 >> "Accept-Encoding: gzip,deflate[\r][\n]"
2017-09-03 15:50:48 DEBUG wire:73 - http-outgoing-17 >> "[\r][\n]"
2017-09-03 15:50:48 DEBUG wire:87 - http-outgoing-17 >> "{"using":"id","value":"noAccount"}"
2017-09-03 15:50:48 DEBUG wire:73 - http-outgoing-17 << "HTTP/1.1 200 OK[\r][\n]"
2017-09-03 15:50:48 DEBUG wire:73 - http-outgoing-17 << "Content-Length:102[\r][\n]"
2017-09-03 15:50:48 DEBUG wire:73 - http-outgoing-17 << "Content-Type:application/json; charset=utf-8[\r][\n]"
2017-09-03 15:50:48 DEBUG wire:73 - http-outgoing-17 << "Connection:close[\r][\n]"
2017-09-03 15:50:48 DEBUG wire:73 - http-outgoing-17 << "[\r][\n]"
2017-09-03 15:50:48 DEBUG wire:87 - http-outgoing-17 << "{"sessionId":"d281c973f803d7f478962ac88341d7c6","status":0,"value":{"ELEMENT":"0.7849725074789544-6"}}"
2017-09-03 15:50:48 DEBUG headers:122 - http-outgoing-17 << HTTP/1.1 200 OK
2017-09-03 15:50:48 DEBUG headers:125 - http-outgoing-17 << Content-Length:102
2017-09-03 15:50:48 DEBUG headers:125 - http-outgoing-17 << Content-Type:application/json; charset=utf-8
2017-09-03 15:50:48 DEBUG headers:125 - http-outgoing-17 << Connection:close
2017-09-03 15:50:48 DEBUG DefaultManagedHttpClientConnection:79 - http-outgoing-17: Close connection
2017-09-03 15:50:48 DEBUG MainClientExec:104 - Connection discarded
2017-09-03 15:50:48 DEBUG PoolingHttpClientConnectionManager:326 - Connection released: [id: 17][route: {}->http://localhost:39114][total kept alive: 0; route allocated: 0 of 2000; total allocated: 1 of 2000]
2017-09-03 15:50:48 DEBUG RequestAddCookies:123 - CookieSpec selected: default
2017-09-03 15:50:48 DEBUG RequestAuthCache:77 - Auth cache not set in the context
2017-09-03 15:50:48 DEBUG PoolingHttpClientConnectionManager:255 - Connection request: [route: {}->http://localhost:39114][total kept alive: 0; route allocated: 0 of 2000; total allocated: 1 of 2000]
2017-09-03 15:50:48 DEBUG PoolingHttpClientConnectionManager:288 - Connection leased: [id: 18][route: {}->http://localhost:39114][total kept alive: 0; route allocated: 1 of 2000; total allocated: 2 of 2000]
2017-09-03 15:50:48 DEBUG MainClientExec:235 - Opening connection {}->http://localhost:39114
2017-09-03 15:50:48 DEBUG DefaultHttpClientConnectionOperator:139 - Connecting to localhost/127.0.0.1:39114
2017-09-03 15:50:48 DEBUG DefaultHttpClientConnectionOperator:146 - Connection established 127.0.0.1:54631<->127.0.0.1:39114
2017-09-03 15:50:48 DEBUG DefaultManagedHttpClientConnection:88 - http-outgoing-18: set socket timeout to 10800000
2017-09-03 15:50:48 DEBUG MainClientExec:256 - Executing request GET /session/d281c973f803d7f478962ac88341d7c6/element/0.7849725074789544-6/displayed HTTP/1.1
2017-09-03 15:50:48 DEBUG MainClientExec:261 - Target auth state: UNCHALLENGED
2017-09-03 15:50:48 DEBUG MainClientExec:267 - Proxy auth state: UNCHALLENGED
2017-09-03 15:50:48 DEBUG headers:133 - http-outgoing-18 >> GET /session/d281c973f803d7f478962ac88341d7c6/element/0.7849725074789544-6/displayed HTTP/1.1
2017-09-03 15:50:48 DEBUG headers:136 - http-outgoing-18 >> Cache-Control: no-cache
2017-09-03 15:50:48 DEBUG headers:136 - http-outgoing-18 >> Host: localhost:39114
2017-09-03 15:50:48 DEBUG headers:136 - http-outgoing-18 >> Connection: Keep-Alive
2017-09-03 15:50:48 DEBUG headers:136 - http-outgoing-18 >> User-Agent: Apache-HttpClient/4.5.3 (Java/1.8.0_121)
2017-09-03 15:50:48 DEBUG headers:136 - http-outgoing-18 >> Accept-Encoding: gzip,deflate
2017-09-03 15:50:48 DEBUG wire:73 - http-outgoing-18 >> "GET /session/d281c973f803d7f478962ac88341d7c6/element/0.7849725074789544-6/displayed HTTP/1.1[\r][\n]"
2017-09-03 15:50:48 DEBUG wire:73 - http-outgoing-18 >> "Cache-Control: no-cache[\r][\n]"
2017-09-03 15:50:48 DEBUG wire:73 - http-outgoing-18 >> "Host: localhost:39114[\r][\n]"
2017-09-03 15:50:48 DEBUG wire:73 - http-outgoing-18 >> "Connection: Keep-Alive[\r][\n]"
2017-09-03 15:50:48 DEBUG wire:73 - http-outgoing-18 >> "User-Agent: Apache-HttpClient/4.5.3 (Java/1.8.0_121)[\r][\n]"
2017-09-03 15:50:48 DEBUG wire:73 - http-outgoing-18 >> "Accept-Encoding: gzip,deflate[\r][\n]"
2017-09-03 15:50:48 DEBUG wire:73 - http-outgoing-18 >> "[\r][\n]"
2017-09-03 15:50:48 DEBUG wire:73 - http-outgoing-15 << "HTTP/1.1 200 OK[\r][\n]"
2017-09-03 15:50:48 DEBUG wire:73 - http-outgoing-15 << "Content-Length:72[\r][\n]"
2017-09-03 15:50:48 DEBUG wire:73 - http-outgoing-15 << "Content-Type:application/json; charset=utf-8[\r][\n]"
2017-09-03 15:50:48 DEBUG wire:73 - http-outgoing-15 << "Connection:close[\r][\n]"
2017-09-03 15:50:48 DEBUG wire:73 - http-outgoing-15 << "[\r][\n]"
2017-09-03 15:50:48 DEBUG wire:87 - http-outgoing-15 << "{"sessionId":"843ad67b75bd65450a6241580f4e9ef1","status":0,"value":null}"
2017-09-03 15:50:48 DEBUG headers:122 - http-outgoing-15 << HTTP/1.1 200 OK
2017-09-03 15:50:48 DEBUG headers:125 - http-outgoing-15 << Content-Length:72
2017-09-03 15:50:48 DEBUG headers:125 - http-outgoing-15 << Content-Type:application/json; charset=utf-8
2017-09-03 15:50:48 DEBUG headers:125 - http-outgoing-15 << Connection:close
2017-09-03 15:50:48 DEBUG DefaultManagedHttpClientConnection:79 - http-outgoing-15: Close connection
2017-09-03 15:50:48 DEBUG MainClientExec:104 - Connection discarded
2017-09-03 15:50:48 DEBUG PoolingHttpClientConnectionManager:326 - Connection released: [id: 15][route: {}->http://localhost:23620][total kept alive: 0; route allocated: 0 of 2000; total allocated: 1 of 2000]
2017-09-03 15:50:48 DEBUG RequestAddCookies:123 - CookieSpec selected: default
2017-09-03 15:50:48 DEBUG RequestAuthCache:77 - Auth cache not set in the context
2017-09-03 15:50:48 DEBUG PoolingHttpClientConnectionManager:255 - Connection request: [route: {}->http://localhost:23620][total kept alive: 0; route allocated: 0 of 2000; total allocated: 1 of 2000]
2017-09-03 15:50:48 DEBUG PoolingHttpClientConnectionManager:288 - Connection leased: [id: 19][route: {}->http://localhost:23620][total kept alive: 0; route allocated: 1 of 2000; total allocated: 2 of 2000]
2017-09-03 15:50:48 DEBUG MainClientExec:235 - Opening connection {}->http://localhost:23620
2017-09-03 15:50:48 DEBUG DefaultHttpClientConnectionOperator:139 - Connecting to localhost/127.0.0.1:23620
2017-09-03 15:50:48 DEBUG DefaultHttpClientConnectionOperator:146 - Connection established 127.0.0.1:54632<->127.0.0.1:23620
2017-09-03 15:50:48 DEBUG DefaultManagedHttpClientConnection:88 - http-outgoing-19: set socket timeout to 10800000
2017-09-03 15:50:48 DEBUG MainClientExec:256 - Executing request POST /session/843ad67b75bd65450a6241580f4e9ef1/element HTTP/1.1
2017-09-03 15:50:48 DEBUG MainClientExec:261 - Target auth state: UNCHALLENGED
2017-09-03 15:50:48 DEBUG MainClientExec:267 - Proxy auth state: UNCHALLENGED
2017-09-03 15:50:48 DEBUG headers:133 - http-outgoing-19 >> POST /session/843ad67b75bd65450a6241580f4e9ef1/element HTTP/1.1
2017-09-03 15:50:48 DEBUG headers:136 - http-outgoing-19 >> Content-Type: application/json; charset=utf-8
2017-09-03 15:50:48 DEBUG headers:136 - http-outgoing-19 >> Content-Length: 45
2017-09-03 15:50:48 DEBUG headers:136 - http-outgoing-19 >> Host: localhost:23620
2017-09-03 15:50:48 DEBUG headers:136 - http-outgoing-19 >> Connection: Keep-Alive
2017-09-03 15:50:48 DEBUG headers:136 - http-outgoing-19 >> User-Agent: Apache-HttpClient/4.5.3 (Java/1.8.0_121)
2017-09-03 15:50:48 DEBUG headers:136 - http-outgoing-19 >> Accept-Encoding: gzip,deflate
2017-09-03 15:50:48 DEBUG wire:73 - http-outgoing-19 >> "POST /session/843ad67b75bd65450a6241580f4e9ef1/element HTTP/1.1[\r][\n]"
2017-09-03 15:50:48 DEBUG wire:73 - http-outgoing-19 >> "Content-Type: application/json; charset=utf-8[\r][\n]"
2017-09-03 15:50:48 DEBUG wire:73 - http-outgoing-19 >> "Content-Length: 45[\r][\n]"
2017-09-03 15:50:48 DEBUG wire:73 - http-outgoing-19 >> "Host: localhost:23620[\r][\n]"
2017-09-03 15:50:48 DEBUG wire:73 - http-outgoing-19 >> "Connection: Keep-Alive[\r][\n]"
2017-09-03 15:50:48 DEBUG wire:73 - http-outgoing-19 >> "User-Agent: Apache-HttpClient/4.5.3 (Java/1.8.0_121)[\r][\n]"
2017-09-03 15:50:48 DEBUG wire:73 - http-outgoing-19 >> "Accept-Encoding: gzip,deflate[\r][\n]"
2017-09-03 15:50:48 DEBUG wire:73 - http-outgoing-19 >> "[\r][\n]"
2017-09-03 15:50:48 DEBUG wire:87 - http-outgoing-19 >> "{"using":"id","value":"sidebar-collapse-btn"}"
2017-09-03 15:50:48 DEBUG wire:73 - http-outgoing-18 << "HTTP/1.1 200 OK[\r][\n]"
2017-09-03 15:50:48 DEBUG wire:73 - http-outgoing-18 << "Content-Length:72[\r][\n]"
2017-09-03 15:50:48 DEBUG wire:73 - http-outgoing-18 << "Content-Type:application/json; charset=utf-8[\r][\n]"
2017-09-03 15:50:48 DEBUG wire:73 - http-outgoing-18 << "Connection:close[\r][\n]"
2017-09-03 15:50:48 DEBUG wire:73 - http-outgoing-18 << "[\r][\n]"
2017-09-03 15:50:48 DEBUG wire:87 - http-outgoing-18 << "{"sessionId":"d281c973f803d7f478962ac88341d7c6","status":0,"value":true}"
2017-09-03 15:50:48 DEBUG headers:122 - http-outgoing-18 << HTTP/1.1 200 OK
2017-09-03 15:50:48 DEBUG headers:125 - http-outgoing-18 << Content-Length:72
2017-09-03 15:50:48 DEBUG headers:125 - http-outgoing-18 << Content-Type:application/json; charset=utf-8
2017-09-03 15:50:48 DEBUG headers:125 - http-outgoing-18 << Connection:close
2017-09-03 15:50:48 DEBUG DefaultManagedHttpClientConnection:79 - http-outgoing-18: Close connection
2017-09-03 15:50:48 DEBUG MainClientExec:104 - Connection discarded
2017-09-03 15:50:48 DEBUG PoolingHttpClientConnectionManager:326 - Connection released: [id: 18][route: {}->http://localhost:39114][total kept alive: 0; route allocated: 0 of 2000; total allocated: 1 of 2000]
2017-09-03 15:50:48 DEBUG RequestAddCookies:123 - CookieSpec selected: default
2017-09-03 15:50:48 DEBUG RequestAuthCache:77 - Auth cache not set in the context
2017-09-03 15:50:48 DEBUG PoolingHttpClientConnectionManager:255 - Connection request: [route: {}->http://localhost:39114][total kept alive: 0; route allocated: 0 of 2000; total allocated: 1 of 2000]
2017-09-03 15:50:48 DEBUG PoolingHttpClientConnectionManager:288 - Connection leased: [id: 20][route: {}->http://localhost:39114][total kept alive: 0; route allocated: 1 of 2000; total allocated: 2 of 2000]
2017-09-03 15:50:48 DEBUG MainClientExec:235 - Opening connection {}->http://localhost:39114
2017-09-03 15:50:48 DEBUG DefaultHttpClientConnectionOperator:139 - Connecting to localhost/127.0.0.1:39114
2017-09-03 15:50:48 DEBUG DefaultHttpClientConnectionOperator:146 - Connection established 127.0.0.1:54633<->127.0.0.1:39114
2017-09-03 15:50:48 DEBUG DefaultManagedHttpClientConnection:88 - http-outgoing-20: set socket timeout to 10800000
2017-09-03 15:50:48 DEBUG MainClientExec:256 - Executing request POST /session/d281c973f803d7f478962ac88341d7c6/element HTTP/1.1
2017-09-03 15:50:48 DEBUG MainClientExec:261 - Target auth state: UNCHALLENGED
2017-09-03 15:50:48 DEBUG MainClientExec:267 - Proxy auth state: UNCHALLENGED
2017-09-03 15:50:48 DEBUG headers:133 - http-outgoing-20 >> POST /session/d281c973f803d7f478962ac88341d7c6/element HTTP/1.1
2017-09-03 15:50:48 DEBUG headers:136 - http-outgoing-20 >> Content-Type: application/json; charset=utf-8
2017-09-03 15:50:48 DEBUG headers:136 - http-outgoing-20 >> Content-Length: 37
2017-09-03 15:50:48 DEBUG headers:136 - http-outgoing-20 >> Host: localhost:39114
2017-09-03 15:50:48 DEBUG headers:136 - http-outgoing-20 >> Connection: Keep-Alive
2017-09-03 15:50:48 DEBUG headers:136 - http-outgoing-20 >> User-Agent: Apache-HttpClient/4.5.3 (Java/1.8.0_121)
2017-09-03 15:50:48 DEBUG headers:136 - http-outgoing-20 >> Accept-Encoding: gzip,deflate
2017-09-03 15:50:48 DEBUG wire:73 - http-outgoing-20 >> "POST /session/d281c973f803d7f478962ac88341d7c6/element HTTP/1.1[\r][\n]"
2017-09-03 15:50:48 DEBUG wire:73 - http-outgoing-20 >> "Content-Type: application/json; charset=utf-8[\r][\n]"
2017-09-03 15:50:48 DEBUG wire:73 - http-outgoing-20 >> "Content-Length: 37[\r][\n]"
2017-09-03 15:50:48 DEBUG wire:73 - http-outgoing-20 >> "Host: localhost:39114[\r][\n]"
2017-09-03 15:50:48 DEBUG wire:73 - http-outgoing-20 >> "Connection: Keep-Alive[\r][\n]"
2017-09-03 15:50:48 DEBUG wire:73 - http-outgoing-20 >> "User-Agent: Apache-HttpClient/4.5.3 (Java/1.8.0_121)[\r][\n]"
2017-09-03 15:50:48 DEBUG wire:73 - http-outgoing-20 >> "Accept-Encoding: gzip,deflate[\r][\n]"
2017-09-03 15:50:48 DEBUG wire:73 - http-outgoing-20 >> "[\r][\n]"
2017-09-03 15:50:48 DEBUG wire:87 - http-outgoing-20 >> "{"using":"id","value":"termsService"}"
2017-09-03 15:50:48 DEBUG wire:73 - http-outgoing-19 << "HTTP/1.1 200 OK[\r][\n]"
2017-09-03 15:50:48 DEBUG wire:73 - http-outgoing-19 << "Content-Length:102[\r][\n]"
2017-09-03 15:50:48 DEBUG wire:73 - http-outgoing-19 << "Content-Type:application/json; charset=utf-8[\r][\n]"
2017-09-03 15:50:48 DEBUG wire:73 - http-outgoing-19 << "Connection:close[\r][\n]"
2017-09-03 15:50:48 DEBUG wire:73 - http-outgoing-19 << "[\r][\n]"
2017-09-03 15:50:48 DEBUG wire:73 - http-outgoing-20 << "HTTP/1.1 200 OK[\r][\n]"
2017-09-03 15:50:48 DEBUG wire:73 - http-outgoing-20 << "Content-Length:102[\r][\n]"
2017-09-03 15:50:48 DEBUG wire:73 - http-outgoing-20 << "Content-Type:application/json; charset=utf-8[\r][\n]"
2017-09-03 15:50:48 DEBUG wire:73 - http-outgoing-20 << "Connection:close[\r][\n]"
2017-09-03 15:50:48 DEBUG wire:73 - http-outgoing-20 << "[\r][\n]"
2017-09-03 15:50:48 DEBUG wire:87 - http-outgoing-19 << "{"sessionId":"843ad67b75bd65450a6241580f4e9ef1","status":0,"value":{"ELEMENT":"0.9237770256379512-1"}}"
2017-09-03 15:50:48 DEBUG wire:87 - http-outgoing-20 << "{"sessionId":"d281c973f803d7f478962ac88341d7c6","status":0,"value":{"ELEMENT":"0.7849725074789544-7"}}"
2017-09-03 15:50:48 DEBUG headers:122 - http-outgoing-19 << HTTP/1.1 200 OK
2017-09-03 15:50:48 DEBUG headers:125 - http-outgoing-19 << Content-Length:102
2017-09-03 15:50:48 DEBUG headers:125 - http-outgoing-19 << Content-Type:application/json; charset=utf-8
2017-09-03 15:50:48 DEBUG headers:125 - http-outgoing-19 << Connection:close
2017-09-03 15:50:48 DEBUG DefaultManagedHttpClientConnection:79 - http-outgoing-19: Close connection
2017-09-03 15:50:48 DEBUG MainClientExec:104 - Connection discarded
2017-09-03 15:50:48 DEBUG PoolingHttpClientConnectionManager:326 - Connection released: [id: 19][route: {}->http://localhost:23620][total kept alive: 0; route allocated: 0 of 2000; total allocated: 1 of 2000]
2017-09-03 15:50:48 DEBUG headers:122 - http-outgoing-20 << HTTP/1.1 200 OK
2017-09-03 15:50:48 DEBUG RequestAddCookies:123 - CookieSpec selected: default
2017-09-03 15:50:48 DEBUG headers:125 - http-outgoing-20 << Content-Length:102
2017-09-03 15:50:48 DEBUG headers:125 - http-outgoing-20 << Content-Type:application/json; charset=utf-8
2017-09-03 15:50:48 DEBUG RequestAuthCache:77 - Auth cache not set in the context
2017-09-03 15:50:48 DEBUG headers:125 - http-outgoing-20 << Connection:close
2017-09-03 15:50:48 DEBUG PoolingHttpClientConnectionManager:255 - Connection request: [route: {}->http://localhost:23620][total kept alive: 0; route allocated: 0 of 2000; total allocated: 1 of 2000]
2017-09-03 15:50:48 DEBUG DefaultManagedHttpClientConnection:79 - http-outgoing-20: Close connection
2017-09-03 15:50:48 DEBUG PoolingHttpClientConnectionManager:288 - Connection leased: [id: 21][route: {}->http://localhost:23620][total kept alive: 0; route allocated: 1 of 2000; total allocated: 2 of 2000]
2017-09-03 15:50:48 DEBUG MainClientExec:235 - Opening connection {}->http://localhost:23620
2017-09-03 15:50:48 DEBUG MainClientExec:104 - Connection discarded
2017-09-03 15:50:48 DEBUG PoolingHttpClientConnectionManager:326 - Connection released: [id: 20][route: {}->http://localhost:39114][total kept alive: 0; route allocated: 0 of 2000; total allocated: 1 of 2000]
2017-09-03 15:50:48 DEBUG DefaultHttpClientConnectionOperator:139 - Connecting to localhost/127.0.0.1:23620
2017-09-03 15:50:48 DEBUG DefaultHttpClientConnectionOperator:146 - Connection established 127.0.0.1:54634<->127.0.0.1:23620
2017-09-03 15:50:48 DEBUG DefaultManagedHttpClientConnection:88 - http-outgoing-21: set socket timeout to 10800000
2017-09-03 15:50:48 DEBUG MainClientExec:256 - Executing request GET /session/843ad67b75bd65450a6241580f4e9ef1/element/0.9237770256379512-1/displayed HTTP/1.1
2017-09-03 15:50:48 DEBUG MainClientExec:261 - Target auth state: UNCHALLENGED
2017-09-03 15:50:48 DEBUG MainClientExec:267 - Proxy auth state: UNCHALLENGED
2017-09-03 15:50:48 DEBUG headers:133 - http-outgoing-21 >> GET /session/843ad67b75bd65450a6241580f4e9ef1/element/0.9237770256379512-1/displayed HTTP/1.1
2017-09-03 15:50:48 DEBUG headers:136 - http-outgoing-21 >> Cache-Control: no-cache
2017-09-03 15:50:48 DEBUG headers:136 - http-outgoing-21 >> Host: localhost:23620
2017-09-03 15:50:48 DEBUG RequestAddCookies:123 - CookieSpec selected: default
2017-09-03 15:50:48 DEBUG headers:136 - http-outgoing-21 >> Connection: Keep-Alive
2017-09-03 15:50:48 DEBUG RequestAuthCache:77 - Auth cache not set in the context
2017-09-03 15:50:48 DEBUG headers:136 - http-outgoing-21 >> User-Agent: Apache-HttpClient/4.5.3 (Java/1.8.0_121)
2017-09-03 15:50:48 DEBUG PoolingHttpClientConnectionManager:255 - Connection request: [route: {}->http://localhost:39114][total kept alive: 0; route allocated: 0 of 2000; total allocated: 1 of 2000]
2017-09-03 15:50:48 DEBUG headers:136 - http-outgoing-21 >> Accept-Encoding: gzip,deflate
2017-09-03 15:50:48 DEBUG PoolingHttpClientConnectionManager:288 - Connection leased: [id: 22][route: {}->http://localhost:39114][total kept alive: 0; route allocated: 1 of 2000; total allocated: 2 of 2000]
2017-09-03 15:50:48 DEBUG wire:73 - http-outgoing-21 >> "GET /session/843ad67b75bd65450a6241580f4e9ef1/element/0.9237770256379512-1/displayed HTTP/1.1[\r][\n]"
2017-09-03 15:50:48 DEBUG MainClientExec:235 - Opening connection {}->http://localhost:39114
2017-09-03 15:50:48 DEBUG wire:73 - http-outgoing-21 >> "Cache-Control: no-cache[\r][\n]"
2017-09-03 15:50:48 DEBUG wire:73 - http-outgoing-21 >> "Host: localhost:23620[\r][\n]"
2017-09-03 15:50:48 DEBUG wire:73 - http-outgoing-21 >> "Connection: Keep-Alive[\r][\n]"
2017-09-03 15:50:48 DEBUG wire:73 - http-outgoing-21 >> "User-Agent: Apache-HttpClient/4.5.3 (Java/1.8.0_121)[\r][\n]"
2017-09-03 15:50:48 DEBUG wire:73 - http-outgoing-21 >> "Accept-Encoding: gzip,deflate[\r][\n]"
2017-09-03 15:50:48 DEBUG wire:73 - http-outgoing-21 >> "[\r][\n]"
2017-09-03 15:50:48 DEBUG DefaultHttpClientConnectionOperator:139 - Connecting to localhost/127.0.0.1:39114
2017-09-03 15:50:48 DEBUG DefaultHttpClientConnectionOperator:146 - Connection established 127.0.0.1:54635<->127.0.0.1:39114
2017-09-03 15:50:48 DEBUG DefaultManagedHttpClientConnection:88 - http-outgoing-22: set socket timeout to 10800000
2017-09-03 15:50:48 DEBUG MainClientExec:256 - Executing request GET /session/d281c973f803d7f478962ac88341d7c6/element/0.7849725074789544-7/displayed HTTP/1.1
2017-09-03 15:50:48 DEBUG MainClientExec:261 - Target auth state: UNCHALLENGED
2017-09-03 15:50:48 DEBUG MainClientExec:267 - Proxy auth state: UNCHALLENGED
2017-09-03 15:50:48 DEBUG headers:133 - http-outgoing-22 >> GET /session/d281c973f803d7f478962ac88341d7c6/element/0.7849725074789544-7/displayed HTTP/1.1
2017-09-03 15:50:48 DEBUG headers:136 - http-outgoing-22 >> Cache-Control: no-cache
2017-09-03 15:50:48 DEBUG headers:136 - http-outgoing-22 >> Host: localhost:39114
2017-09-03 15:50:48 DEBUG headers:136 - http-outgoing-22 >> Connection: Keep-Alive
2017-09-03 15:50:48 DEBUG headers:136 - http-outgoing-22 >> User-Agent: Apache-HttpClient/4.5.3 (Java/1.8.0_121)
2017-09-03 15:50:48 DEBUG headers:136 - http-outgoing-22 >> Accept-Encoding: gzip,deflate
2017-09-03 15:50:48 DEBUG wire:73 - http-outgoing-22 >> "GET /session/d281c973f803d7f478962ac88341d7c6/element/0.7849725074789544-7/displayed HTTP/1.1[\r][\n]"
2017-09-03 15:50:48 DEBUG wire:73 - http-outgoing-22 >> "Cache-Control: no-cache[\r][\n]"
2017-09-03 15:50:48 DEBUG wire:73 - http-outgoing-22 >> "Host: localhost:39114[\r][\n]"
2017-09-03 15:50:48 DEBUG wire:73 - http-outgoing-22 >> "Connection: Keep-Alive[\r][\n]"
2017-09-03 15:50:48 DEBUG wire:73 - http-outgoing-22 >> "User-Agent: Apache-HttpClient/4.5.3 (Java/1.8.0_121)[\r][\n]"
2017-09-03 15:50:48 DEBUG wire:73 - http-outgoing-22 >> "Accept-Encoding: gzip,deflate[\r][\n]"
2017-09-03 15:50:48 DEBUG wire:73 - http-outgoing-22 >> "[\r][\n]"
2017-09-03 15:50:49 DEBUG wire:73 - http-outgoing-22 << "HTTP/1.1 200 OK[\r][\n]"
2017-09-03 15:50:49 DEBUG wire:73 - http-outgoing-22 << "Content-Length:72[\r][\n]"
2017-09-03 15:50:49 DEBUG wire:73 - http-outgoing-22 << "Content-Type:application/json; charset=utf-8[\r][\n]"
2017-09-03 15:50:49 DEBUG wire:73 - http-outgoing-22 << "Connection:close[\r][\n]"
2017-09-03 15:50:49 DEBUG wire:73 - http-outgoing-22 << "[\r][\n]"
2017-09-03 15:50:49 DEBUG wire:87 - http-outgoing-22 << "{"sessionId":"d281c973f803d7f478962ac88341d7c6","status":0,"value":true}"
2017-09-03 15:50:49 DEBUG headers:122 - http-outgoing-22 << HTTP/1.1 200 OK
2017-09-03 15:50:49 DEBUG headers:125 - http-outgoing-22 << Content-Length:72
2017-09-03 15:50:49 DEBUG headers:125 - http-outgoing-22 << Content-Type:application/json; charset=utf-8
2017-09-03 15:50:49 DEBUG headers:125 - http-outgoing-22 << Connection:close
2017-09-03 15:50:49 DEBUG DefaultManagedHttpClientConnection:79 - http-outgoing-22: Close connection
2017-09-03 15:50:49 DEBUG MainClientExec:104 - Connection discarded
2017-09-03 15:50:49 DEBUG PoolingHttpClientConnectionManager:326 - Connection released: [id: 22][route: {}->http://localhost:39114][total kept alive: 0; route allocated: 0 of 2000; total allocated: 1 of 2000]
2017-09-03 15:50:49 DEBUG RequestAddCookies:123 - CookieSpec selected: default
2017-09-03 15:50:49 DEBUG RequestAuthCache:77 - Auth cache not set in the context
2017-09-03 15:50:49 DEBUG PoolingHttpClientConnectionManager:255 - Connection request: [route: {}->http://localhost:39114][total kept alive: 0; route allocated: 0 of 2000; total allocated: 1 of 2000]
2017-09-03 15:50:49 DEBUG PoolingHttpClientConnectionManager:288 - Connection leased: [id: 23][route: {}->http://localhost:39114][total kept alive: 0; route allocated: 1 of 2000; total allocated: 2 of 2000]
2017-09-03 15:50:49 DEBUG MainClientExec:235 - Opening connection {}->http://localhost:39114
2017-09-03 15:50:49 DEBUG DefaultHttpClientConnectionOperator:139 - Connecting to localhost/127.0.0.1:39114
2017-09-03 15:50:49 DEBUG DefaultHttpClientConnectionOperator:146 - Connection established 127.0.0.1:54636<->127.0.0.1:39114
2017-09-03 15:50:49 DEBUG DefaultManagedHttpClientConnection:88 - http-outgoing-23: set socket timeout to 10800000
2017-09-03 15:50:49 DEBUG MainClientExec:256 - Executing request POST /session/d281c973f803d7f478962ac88341d7c6/element HTTP/1.1
2017-09-03 15:50:49 DEBUG MainClientExec:261 - Target auth state: UNCHALLENGED
2017-09-03 15:50:49 DEBUG MainClientExec:267 - Proxy auth state: UNCHALLENGED
2017-09-03 15:50:49 DEBUG headers:133 - http-outgoing-23 >> POST /session/d281c973f803d7f478962ac88341d7c6/element HTTP/1.1
2017-09-03 15:50:49 DEBUG headers:136 - http-outgoing-23 >> Content-Type: application/json; charset=utf-8
2017-09-03 15:50:49 DEBUG headers:136 - http-outgoing-23 >> Content-Length: 35
2017-09-03 15:50:49 DEBUG headers:136 - http-outgoing-23 >> Host: localhost:39114
2017-09-03 15:50:49 DEBUG headers:136 - http-outgoing-23 >> Connection: Keep-Alive
2017-09-03 15:50:49 DEBUG headers:136 - http-outgoing-23 >> User-Agent: Apache-HttpClient/4.5.3 (Java/1.8.0_121)
2017-09-03 15:50:49 DEBUG headers:136 - http-outgoing-23 >> Accept-Encoding: gzip,deflate
2017-09-03 15:50:49 DEBUG wire:73 - http-outgoing-23 >> "POST /session/d281c973f803d7f478962ac88341d7c6/element HTTP/1.1[\r][\n]"
2017-09-03 15:50:49 DEBUG wire:73 - http-outgoing-23 >> "Content-Type: application/json; charset=utf-8[\r][\n]"
2017-09-03 15:50:49 DEBUG wire:73 - http-outgoing-23 >> "Content-Length: 35[\r][\n]"
2017-09-03 15:50:49 DEBUG wire:73 - http-outgoing-23 >> "Host: localhost:39114[\r][\n]"
2017-09-03 15:50:49 DEBUG wire:73 - http-outgoing-23 >> "Connection: Keep-Alive[\r][\n]"
2017-09-03 15:50:49 DEBUG wire:73 - http-outgoing-23 >> "User-Agent: Apache-HttpClient/4.5.3 (Java/1.8.0_121)[\r][\n]"
2017-09-03 15:50:49 DEBUG wire:73 - http-outgoing-23 >> "Accept-Encoding: gzip,deflate[\r][\n]"
2017-09-03 15:50:49 DEBUG wire:73 - http-outgoing-23 >> "[\r][\n]"
2017-09-03 15:50:49 DEBUG wire:87 - http-outgoing-23 >> "{"using":"id","value":"helpCenter"}"
2017-09-03 15:50:49 DEBUG wire:73 - http-outgoing-21 << "HTTP/1.1 200 OK[\r][\n]"
2017-09-03 15:50:49 DEBUG wire:73 - http-outgoing-21 << "Content-Length:73[\r][\n]"
2017-09-03 15:50:49 DEBUG wire:73 - http-outgoing-21 << "Content-Type:application/json; charset=utf-8[\r][\n]"
2017-09-03 15:50:49 DEBUG wire:73 - http-outgoing-21 << "Connection:close[\r][\n]"
2017-09-03 15:50:49 DEBUG wire:73 - http-outgoing-21 << "[\r][\n]"
2017-09-03 15:50:49 DEBUG wire:87 - http-outgoing-21 << "{"sessionId":"843ad67b75bd65450a6241580f4e9ef1","status":0,"value":false}"
2017-09-03 15:50:49 DEBUG headers:122 - http-outgoing-21 << HTTP/1.1 200 OK
2017-09-03 15:50:49 DEBUG headers:125 - http-outgoing-21 << Content-Length:73
2017-09-03 15:50:49 DEBUG headers:125 - http-outgoing-21 << Content-Type:application/json; charset=utf-8
2017-09-03 15:50:49 DEBUG headers:125 - http-outgoing-21 << Connection:close
2017-09-03 15:50:49 DEBUG DefaultManagedHttpClientConnection:79 - http-outgoing-21: Close connection
2017-09-03 15:50:49 DEBUG MainClientExec:104 - Connection discarded
2017-09-03 15:50:49 DEBUG PoolingHttpClientConnectionManager:326 - Connection released: [id: 21][route: {}->http://localhost:23620][total kept alive: 0; route allocated: 0 of 2000; total allocated: 1 of 2000]
2017-09-03 15:50:49 DEBUG wire:73 - http-outgoing-23 << "HTTP/1.1 200 OK[\r][\n]"
2017-09-03 15:50:49 DEBUG wire:73 - http-outgoing-23 << "Content-Length:102[\r][\n]"
2017-09-03 15:50:49 DEBUG wire:73 - http-outgoing-23 << "Content-Type:application/json; charset=utf-8[\r][\n]"
2017-09-03 15:50:49 DEBUG wire:73 - http-outgoing-23 << "Connection:close[\r][\n]"
2017-09-03 15:50:49 DEBUG wire:73 - http-outgoing-23 << "[\r][\n]"
2017-09-03 15:50:49 DEBUG wire:87 - http-outgoing-23 << "{"sessionId":"d281c973f803d7f478962ac88341d7c6","status":0,"value":{"ELEMENT":"0.7849725074789544-8"}}"
2017-09-03 15:50:49 DEBUG headers:122 - http-outgoing-23 << HTTP/1.1 200 OK
2017-09-03 15:50:49 DEBUG headers:125 - http-outgoing-23 << Content-Length:102
2017-09-03 15:50:49 DEBUG headers:125 - http-outgoing-23 << Content-Type:application/json; charset=utf-8
2017-09-03 15:50:49 DEBUG headers:125 - http-outgoing-23 << Connection:close
2017-09-03 15:50:49 DEBUG DefaultManagedHttpClientConnection:79 - http-outgoing-23: Close connection
2017-09-03 15:50:49 DEBUG MainClientExec:104 - Connection discarded
2017-09-03 15:50:49 DEBUG PoolingHttpClientConnectionManager:326 - Connection released: [id: 23][route: {}->http://localhost:39114][total kept alive: 0; route allocated: 0 of 2000; total allocated: 0 of 2000]
2017-09-03 15:50:49 DEBUG RequestAddCookies:123 - CookieSpec selected: default
2017-09-03 15:50:49 DEBUG RequestAuthCache:77 - Auth cache not set in the context
2017-09-03 15:50:49 DEBUG PoolingHttpClientConnectionManager:255 - Connection request: [route: {}->http://localhost:39114][total kept alive: 0; route allocated: 0 of 2000; total allocated: 0 of 2000]
2017-09-03 15:50:49 DEBUG PoolingHttpClientConnectionManager:288 - Connection leased: [id: 24][route: {}->http://localhost:39114][total kept alive: 0; route allocated: 1 of 2000; total allocated: 1 of 2000]
2017-09-03 15:50:49 DEBUG MainClientExec:235 - Opening connection {}->http://localhost:39114
2017-09-03 15:50:49 DEBUG DefaultHttpClientConnectionOperator:139 - Connecting to localhost/127.0.0.1:39114
2017-09-03 15:50:49 DEBUG DefaultHttpClientConnectionOperator:146 - Connection established 127.0.0.1:54637<->127.0.0.1:39114
2017-09-03 15:50:49 DEBUG DefaultManagedHttpClientConnection:88 - http-outgoing-24: set socket timeout to 10800000
2017-09-03 15:50:49 DEBUG MainClientExec:256 - Executing request GET /session/d281c973f803d7f478962ac88341d7c6/element/0.7849725074789544-8/displayed HTTP/1.1
2017-09-03 15:50:49 DEBUG MainClientExec:261 - Target auth state: UNCHALLENGED
2017-09-03 15:50:49 DEBUG MainClientExec:267 - Proxy auth state: UNCHALLENGED
2017-09-03 15:50:49 DEBUG headers:133 - http-outgoing-24 >> GET /session/d281c973f803d7f478962ac88341d7c6/element/0.7849725074789544-8/displayed HTTP/1.1
2017-09-03 15:50:49 DEBUG headers:136 - http-outgoing-24 >> Cache-Control: no-cache
2017-09-03 15:50:49 DEBUG headers:136 - http-outgoing-24 >> Host: localhost:39114
2017-09-03 15:50:49 DEBUG headers:136 - http-outgoing-24 >> Connection: Keep-Alive
2017-09-03 15:50:49 DEBUG headers:136 - http-outgoing-24 >> User-Agent: Apache-HttpClient/4.5.3 (Java/1.8.0_121)
2017-09-03 15:50:49 DEBUG headers:136 - http-outgoing-24 >> Accept-Encoding: gzip,deflate
2017-09-03 15:50:49 DEBUG wire:73 - http-outgoing-24 >> "GET /session/d281c973f803d7f478962ac88341d7c6/element/0.7849725074789544-8/displayed HTTP/1.1[\r][\n]"
2017-09-03 15:50:49 DEBUG wire:73 - http-outgoing-24 >> "Cache-Control: no-cache[\r][\n]"
]]></system-out>
    <system-err><![CDATA[Starting ChromeDriver 2.29.461591 (62ebf0987S7ta1rting ChromeDriv772160f391d75e589dc567915b233) on port 39114
Only local connections are allowed.
er 2.29.461591 (62ebf098771772160f391d75e589dc567915b233) on port 23620
Only local connections are allowed.
сен 03, 2017 3:50:10 PM org.openqa.selenium.remote.ProtocolHandshake createSession
INFO: Detected dialect: OSS
сен 03, 2017 3:50:10 PM org.openqa.selenium.remote.ProtocolHandshake createSession
INFO: Detected dialect: OSS
]]></system-err>
  </testcase>
  <testcase name="assertElementsOnPage" classname="Login" time="2.064"/>
  <testcase name="dontHaveAccount" classname="Login" time="13.9"/>
  <testcase name="enterEmail" classname="Login" time="5.137"/>
  <testcase name="asserItemLinks" classname="SideMenu" time="0.002"/>
  <testcase name="enterMaxEmail" classname="Login" time="0.113"/>
  <testcase name="assertActiveItem" classname="SideMenu" time="0.001">
    <failure message="unexpected alert open: {Alert text : Error:TypeError: Failed to fetch}&#10;  (Session info: chrome=60.0.3112.113)&#10;  (Driver info: chromedriver=2.29.461591 (62ebf098771772160f391d75e589dc567915b233),platform=Windows NT 10.0.15063 x86_64) (WARNING: The server did not provide any stacktrace information)&#10;Command duration or timeout: 56 milliseconds: null&#10;Build info: version: &apos;3.4.0&apos;, revision: &apos;unknown&apos;, time: &apos;unknown&apos;&#10;System info: host: &apos;DESKTOP-II50ODI&apos;, ip: &apos;192.168.31.114&apos;, os.name: &apos;Windows 10&apos;, os.arch: &apos;amd64&apos;, os.version: &apos;10.0&apos;, java.version: &apos;1.8.0_121&apos;&#10;Driver info: org.openqa.selenium.chrome.ChromeDriver&#10;Capabilities [{applicationCacheEnabled=false, rotatable=false, mobileEmulationEnabled=false, networkConnectionEnabled=false, chrome={chromedriverVersion=2.29.461591 (62ebf098771772160f391d75e589dc567915b233), userDataDir=C:\Users\3671~1\AppData\Local\Temp\scoped_dir5456_8461}, takesHeapSnapshot=true, pageLoadStrategy=normal, databaseEnabled=false, handlesAlerts=true, hasTouchScreen=false, version=60.0.3112.113, platform=XP, browserConnectionEnabled=false, nativeEvents=true, acceptSslCerts=true, locationContextEnabled=true, webStorageEnabled=true, browserName=chrome, takesScreenshot=true, javascriptEnabled=true, cssSelectorsEnabled=true, unexpectedAlertBehaviour=}]&#10;Session ID: 843ad67b75bd65450a6241580f4e9ef1&#10;*** Element info: {Using=xpath, value=//*[@id=&quot;app&quot;]/div/div[1]/div/div[2]/div/ul/li[1]/ul/li[1]/a}" type="org.openqa.selenium.UnhandledAlertException">org.openqa.selenium.UnhandledAlertException: unexpected alert open: {Alert text : Error:TypeError: Failed to fetch}
  (Session info: chrome=60.0.3112.113)
  (Driver info: chromedriver=2.29.461591 (62ebf098771772160f391d75e589dc567915b233),platform=Windows NT 10.0.15063 x86_64) (WARNING: The server did not provide any stacktrace information)
Command duration or timeout: 56 milliseconds: null
Build info: version: '3.4.0', revision: 'unknown', time: 'unknown'
System info: host: 'DESKTOP-II50ODI', ip: '192.168.31.114', os.name: 'Windows 10', os.arch: 'amd64', os.version: '10.0', java.version: '1.8.0_121'
Driver info: org.openqa.selenium.chrome.ChromeDriver
Capabilities [{applicationCacheEnabled=false, rotatable=false, mobileEmulationEnabled=false, networkConnectionEnabled=false, chrome={chromedriverVersion=2.29.461591 (62ebf098771772160f391d75e589dc567915b233), userDataDir=C:\Users\3671~1\AppData\Local\Temp\scoped_dir5456_8461}, takesHeapSnapshot=true, pageLoadStrategy=normal, databaseEnabled=false, handlesAlerts=true, hasTouchScreen=false, version=60.0.3112.113, platform=XP, browserConnectionEnabled=false, nativeEvents=true, acceptSslCerts=true, locationContextEnabled=true, webStorageEnabled=true, browserName=chrome, takesScreenshot=true, javascriptEnabled=true, cssSelectorsEnabled=true, unexpectedAlertBehaviour=}]
Session ID: 843ad67b75bd65450a6241580f4e9ef1
*** Element info: {Using=xpath, value=//*[@id="app"]/div/div[1]/div/div[2]/div/ul/li[1]/ul/li[1]/a}
	at sun.reflect.NativeConstructorAccessorImpl.newInstance0(Native Method)
	at sun.reflect.NativeConstructorAccessorImpl.newInstance(NativeConstructorAccessorImpl.java:62)
	at sun.reflect.DelegatingConstructorAccessorImpl.newInstance(DelegatingConstructorAccessorImpl.java:45)
	at java.lang.reflect.Constructor.newInstance(Constructor.java:423)
	at org.openqa.selenium.remote.ErrorHandler.createThrowable(ErrorHandler.java:215)
	at org.openqa.selenium.remote.ErrorHandler.throwIfResponseFailed(ErrorHandler.java:173)
	at org.openqa.selenium.remote.RemoteWebDriver.execute(RemoteWebDriver.java:671)
	at org.openqa.selenium.remote.RemoteWebDriver.findElement(RemoteWebDriver.java:410)
	at org.openqa.selenium.remote.RemoteWebDriver.findElementByXPath(RemoteWebDriver.java:509)
	at org.openqa.selenium.By$ByXPath.findElement(By.java:361)
	at org.openqa.selenium.remote.RemoteWebDriver.findElement(RemoteWebDriver.java:402)
	at ui.SideMenuPage.clickUpcomingItem(SideMenuPage.java:44)
	at SideMenu.assertActiveItem(SideMenu.java:137)
</failure>
    <system-out><![CDATA[2017-09-03 15:51:01 DEBUG RequestAddCookies:123 - CookieSpec selected: default
2017-09-03 15:51:01 DEBUG RequestAuthCache:77 - Auth cache not set in the context
2017-09-03 15:51:01 DEBUG PoolingHttpClientConnectionManager:255 - Connection request: [route: {}->http://localhost:39114][total kept alive: 0; route allocated: 0 of 2000; total allocated: 0 of 2000]
2017-09-03 15:51:01 DEBUG PoolingHttpClientConnectionManager:288 - Connection leased: [id: 77][route: {}->http://localhost:39114][total kept alive: 0; route allocated: 1 of 2000; total allocated: 1 of 2000]
2017-09-03 15:51:01 DEBUG MainClientExec:235 - Opening connection {}->http://localhost:39114
2017-09-03 15:51:01 DEBUG DefaultHttpClientConnectionOperator:139 - Connecting to localhost/127.0.0.1:39114
2017-09-03 15:51:01 DEBUG DefaultHttpClientConnectionOperator:146 - Connection established 127.0.0.1:54696<->127.0.0.1:39114
2017-09-03 15:51:01 DEBUG DefaultManagedHttpClientConnection:88 - http-outgoing-77: set socket timeout to 10800000
2017-09-03 15:51:01 DEBUG MainClientExec:256 - Executing request POST /session/d281c973f803d7f478962ac88341d7c6/url HTTP/1.1
2017-09-03 15:51:01 DEBUG MainClientExec:261 - Target auth state: UNCHALLENGED
2017-09-03 15:51:01 DEBUG MainClientExec:267 - Proxy auth state: UNCHALLENGED
2017-09-03 15:51:01 DEBUG headers:133 - http-outgoing-77 >> POST /session/d281c973f803d7f478962ac88341d7c6/url HTTP/1.1
2017-09-03 15:51:01 DEBUG headers:136 - http-outgoing-77 >> Content-Type: application/json; charset=utf-8
2017-09-03 15:51:01 DEBUG headers:136 - http-outgoing-77 >> Content-Length: 46
2017-09-03 15:51:01 DEBUG headers:136 - http-outgoing-77 >> Host: localhost:39114
2017-09-03 15:51:01 DEBUG headers:136 - http-outgoing-77 >> Connection: Keep-Alive
2017-09-03 15:51:01 DEBUG headers:136 - http-outgoing-77 >> User-Agent: Apache-HttpClient/4.5.3 (Java/1.8.0_121)
2017-09-03 15:51:01 DEBUG headers:136 - http-outgoing-77 >> Accept-Encoding: gzip,deflate
2017-09-03 15:51:01 DEBUG wire:73 - http-outgoing-77 >> "POST /session/d281c973f803d7f478962ac88341d7c6/url HTTP/1.1[\r][\n]"
2017-09-03 15:51:01 DEBUG wire:73 - http-outgoing-77 >> "Content-Type: application/json; charset=utf-8[\r][\n]"
2017-09-03 15:51:01 DEBUG wire:73 - http-outgoing-77 >> "Content-Length: 46[\r][\n]"
2017-09-03 15:51:01 DEBUG wire:73 - http-outgoing-77 >> "Host: localhost:39114[\r][\n]"
2017-09-03 15:51:01 DEBUG wire:73 - http-outgoing-77 >> "Connection: Keep-Alive[\r][\n]"
2017-09-03 15:51:01 DEBUG wire:73 - http-outgoing-77 >> "User-Agent: Apache-HttpClient/4.5.3 (Java/1.8.0_121)[\r][\n]"
2017-09-03 15:51:01 DEBUG wire:73 - http-outgoing-77 >> "Accept-Encoding: gzip,deflate[\r][\n]"
2017-09-03 15:51:01 DEBUG wire:73 - http-outgoing-77 >> "[\r][\n]"
2017-09-03 15:51:01 DEBUG wire:87 - http-outgoing-77 >> "{"url":"https://qa-interviewer.herokuapp.com"}"
]]></system-out>
  </testcase>
  <testcase name="assertChangingTemplateItem" classname="SideMenu" time="0.038">
    <failure message="unexpected alert open: {Alert text : Error:TypeError: Failed to fetch}&#10;  (Session info: chrome=60.0.3112.113)&#10;  (Driver info: chromedriver=2.29.461591 (62ebf098771772160f391d75e589dc567915b233),platform=Windows NT 10.0.15063 x86_64) (WARNING: The server did not provide any stacktrace information)&#10;Command duration or timeout: 38 milliseconds: null&#10;Build info: version: &apos;3.4.0&apos;, revision: &apos;unknown&apos;, time: &apos;unknown&apos;&#10;System info: host: &apos;DESKTOP-II50ODI&apos;, ip: &apos;192.168.31.114&apos;, os.name: &apos;Windows 10&apos;, os.arch: &apos;amd64&apos;, os.version: &apos;10.0&apos;, java.version: &apos;1.8.0_121&apos;&#10;Driver info: org.openqa.selenium.chrome.ChromeDriver&#10;Capabilities [{applicationCacheEnabled=false, rotatable=false, mobileEmulationEnabled=false, networkConnectionEnabled=false, chrome={chromedriverVersion=2.29.461591 (62ebf098771772160f391d75e589dc567915b233), userDataDir=C:\Users\3671~1\AppData\Local\Temp\scoped_dir5456_8461}, takesHeapSnapshot=true, pageLoadStrategy=normal, databaseEnabled=false, handlesAlerts=true, hasTouchScreen=false, version=60.0.3112.113, platform=XP, browserConnectionEnabled=false, nativeEvents=true, acceptSslCerts=true, locationContextEnabled=true, webStorageEnabled=true, browserName=chrome, takesScreenshot=true, javascriptEnabled=true, cssSelectorsEnabled=true, unexpectedAlertBehaviour=}]&#10;Session ID: 843ad67b75bd65450a6241580f4e9ef1" type="org.openqa.selenium.UnhandledAlertException">org.openqa.selenium.UnhandledAlertException: unexpected alert open: {Alert text : Error:TypeError: Failed to fetch}
  (Session info: chrome=60.0.3112.113)
  (Driver info: chromedriver=2.29.461591 (62ebf098771772160f391d75e589dc567915b233),platform=Windows NT 10.0.15063 x86_64) (WARNING: The server did not provide any stacktrace information)
Command duration or timeout: 38 milliseconds: null
Build info: version: '3.4.0', revision: 'unknown', time: 'unknown'
System info: host: 'DESKTOP-II50ODI', ip: '192.168.31.114', os.name: 'Windows 10', os.arch: 'amd64', os.version: '10.0', java.version: '1.8.0_121'
Driver info: org.openqa.selenium.chrome.ChromeDriver
Capabilities [{applicationCacheEnabled=false, rotatable=false, mobileEmulationEnabled=false, networkConnectionEnabled=false, chrome={chromedriverVersion=2.29.461591 (62ebf098771772160f391d75e589dc567915b233), userDataDir=C:\Users\3671~1\AppData\Local\Temp\scoped_dir5456_8461}, takesHeapSnapshot=true, pageLoadStrategy=normal, databaseEnabled=false, handlesAlerts=true, hasTouchScreen=false, version=60.0.3112.113, platform=XP, browserConnectionEnabled=false, nativeEvents=true, acceptSslCerts=true, locationContextEnabled=true, webStorageEnabled=true, browserName=chrome, takesScreenshot=true, javascriptEnabled=true, cssSelectorsEnabled=true, unexpectedAlertBehaviour=}]
Session ID: 843ad67b75bd65450a6241580f4e9ef1
	at sun.reflect.NativeConstructorAccessorImpl.newInstance0(Native Method)
	at sun.reflect.NativeConstructorAccessorImpl.newInstance(NativeConstructorAccessorImpl.java:62)
	at sun.reflect.DelegatingConstructorAccessorImpl.newInstance(DelegatingConstructorAccessorImpl.java:45)
	at java.lang.reflect.Constructor.newInstance(Constructor.java:423)
	at org.openqa.selenium.remote.ErrorHandler.createThrowable(ErrorHandler.java:215)
	at org.openqa.selenium.remote.ErrorHandler.throwIfResponseFailed(ErrorHandler.java:173)
	at org.openqa.selenium.remote.RemoteWebDriver.execute(RemoteWebDriver.java:671)
	at org.openqa.selenium.remote.RemoteWebDriver.get(RemoteWebDriver.java:364)
	at ui.LoginPage.open(LoginPage.java:63)
	at SideMenu.assertChangingTemplateItem(SideMenu.java:91)
</failure>
    <system-out><![CDATA[2017-09-03 15:51:01 DEBUG RequestAddCookies:123 - CookieSpec selected: default
2017-09-03 15:51:01 DEBUG RequestAuthCache:77 - Auth cache not set in the context
2017-09-03 15:51:01 DEBUG PoolingHttpClientConnectionManager:255 - Connection request: [route: {}->http://localhost:23620][total kept alive: 0; route allocated: 0 of 2000; total allocated: 1 of 2000]
2017-09-03 15:51:01 DEBUG PoolingHttpClientConnectionManager:288 - Connection leased: [id: 78][route: {}->http://localhost:23620][total kept alive: 0; route allocated: 1 of 2000; total allocated: 2 of 2000]
2017-09-03 15:51:01 DEBUG MainClientExec:235 - Opening connection {}->http://localhost:23620
2017-09-03 15:51:01 DEBUG DefaultHttpClientConnectionOperator:139 - Connecting to localhost/127.0.0.1:23620
2017-09-03 15:51:01 DEBUG DefaultHttpClientConnectionOperator:146 - Connection established 127.0.0.1:54697<->127.0.0.1:23620
2017-09-03 15:51:01 DEBUG DefaultManagedHttpClientConnection:88 - http-outgoing-78: set socket timeout to 10800000
2017-09-03 15:51:01 DEBUG MainClientExec:256 - Executing request POST /session/843ad67b75bd65450a6241580f4e9ef1/window/current/maximize HTTP/1.1
2017-09-03 15:51:01 DEBUG MainClientExec:261 - Target auth state: UNCHALLENGED
2017-09-03 15:51:01 DEBUG MainClientExec:267 - Proxy auth state: UNCHALLENGED
2017-09-03 15:51:01 DEBUG headers:133 - http-outgoing-78 >> POST /session/843ad67b75bd65450a6241580f4e9ef1/window/current/maximize HTTP/1.1
2017-09-03 15:51:01 DEBUG headers:136 - http-outgoing-78 >> Content-Type: application/json; charset=utf-8
2017-09-03 15:51:01 DEBUG headers:136 - http-outgoing-78 >> Content-Length: 45
2017-09-03 15:51:01 DEBUG headers:136 - http-outgoing-78 >> Host: localhost:23620
2017-09-03 15:51:01 DEBUG headers:136 - http-outgoing-78 >> Connection: Keep-Alive
2017-09-03 15:51:01 DEBUG headers:136 - http-outgoing-78 >> User-Agent: Apache-HttpClient/4.5.3 (Java/1.8.0_121)
2017-09-03 15:51:01 DEBUG headers:136 - http-outgoing-78 >> Accept-Encoding: gzip,deflate
2017-09-03 15:51:01 DEBUG wire:73 - http-outgoing-78 >> "POST /session/843ad67b75bd65450a6241580f4e9ef1/window/current/maximize HTTP/1.1[\r][\n]"
2017-09-03 15:51:01 DEBUG wire:73 - http-outgoing-78 >> "Content-Type: application/json; charset=utf-8[\r][\n]"
2017-09-03 15:51:01 DEBUG wire:73 - http-outgoing-78 >> "Content-Length: 45[\r][\n]"
2017-09-03 15:51:01 DEBUG wire:73 - http-outgoing-78 >> "Host: localhost:23620[\r][\n]"
2017-09-03 15:51:01 DEBUG wire:73 - http-outgoing-78 >> "Connection: Keep-Alive[\r][\n]"
2017-09-03 15:51:01 DEBUG wire:73 - http-outgoing-78 >> "User-Agent: Apache-HttpClient/4.5.3 (Java/1.8.0_121)[\r][\n]"
2017-09-03 15:51:01 DEBUG wire:73 - http-outgoing-78 >> "Accept-Encoding: gzip,deflate[\r][\n]"
2017-09-03 15:51:01 DEBUG wire:73 - http-outgoing-78 >> "[\r][\n]"
2017-09-03 15:51:01 DEBUG wire:87 - http-outgoing-78 >> "{"windowHandle":"current","handle":"current"}"
2017-09-03 15:51:01 DEBUG wire:73 - http-outgoing-78 << "HTTP/1.1 200 OK[\r][\n]"
2017-09-03 15:51:01 DEBUG wire:73 - http-outgoing-78 << "Content-Length:72[\r][\n]"
2017-09-03 15:51:01 DEBUG wire:73 - http-outgoing-78 << "Content-Type:application/json; charset=utf-8[\r][\n]"
2017-09-03 15:51:01 DEBUG wire:73 - http-outgoing-78 << "Connection:close[\r][\n]"
2017-09-03 15:51:01 DEBUG wire:73 - http-outgoing-78 << "[\r][\n]"
2017-09-03 15:51:01 DEBUG wire:87 - http-outgoing-78 << "{"sessionId":"843ad67b75bd65450a6241580f4e9ef1","status":0,"value":null}"
2017-09-03 15:51:01 DEBUG headers:122 - http-outgoing-78 << HTTP/1.1 200 OK
2017-09-03 15:51:01 DEBUG headers:125 - http-outgoing-78 << Content-Length:72
2017-09-03 15:51:01 DEBUG headers:125 - http-outgoing-78 << Content-Type:application/json; charset=utf-8
2017-09-03 15:51:01 DEBUG headers:125 - http-outgoing-78 << Connection:close
2017-09-03 15:51:01 DEBUG DefaultManagedHttpClientConnection:79 - http-outgoing-78: Close connection
2017-09-03 15:51:01 DEBUG MainClientExec:104 - Connection discarded
2017-09-03 15:51:01 DEBUG PoolingHttpClientConnectionManager:326 - Connection released: [id: 78][route: {}->http://localhost:23620][total kept alive: 0; route allocated: 0 of 2000; total allocated: 1 of 2000]
2017-09-03 15:51:01 DEBUG RequestAddCookies:123 - CookieSpec selected: default
2017-09-03 15:51:01 DEBUG RequestAuthCache:77 - Auth cache not set in the context
2017-09-03 15:51:01 DEBUG PoolingHttpClientConnectionManager:255 - Connection request: [route: {}->http://localhost:23620][total kept alive: 0; route allocated: 0 of 2000; total allocated: 1 of 2000]
2017-09-03 15:51:01 DEBUG PoolingHttpClientConnectionManager:288 - Connection leased: [id: 79][route: {}->http://localhost:23620][total kept alive: 0; route allocated: 1 of 2000; total allocated: 2 of 2000]
2017-09-03 15:51:01 DEBUG MainClientExec:235 - Opening connection {}->http://localhost:23620
2017-09-03 15:51:01 DEBUG DefaultHttpClientConnectionOperator:139 - Connecting to localhost/127.0.0.1:23620
2017-09-03 15:51:01 DEBUG DefaultHttpClientConnectionOperator:146 - Connection established 127.0.0.1:54698<->127.0.0.1:23620
2017-09-03 15:51:01 DEBUG DefaultManagedHttpClientConnection:88 - http-outgoing-79: set socket timeout to 10800000
2017-09-03 15:51:01 DEBUG MainClientExec:256 - Executing request POST /session/843ad67b75bd65450a6241580f4e9ef1/url HTTP/1.1
2017-09-03 15:51:01 DEBUG MainClientExec:261 - Target auth state: UNCHALLENGED
2017-09-03 15:51:01 DEBUG MainClientExec:267 - Proxy auth state: UNCHALLENGED
2017-09-03 15:51:01 DEBUG headers:133 - http-outgoing-79 >> POST /session/843ad67b75bd65450a6241580f4e9ef1/url HTTP/1.1
2017-09-03 15:51:01 DEBUG headers:136 - http-outgoing-79 >> Content-Type: application/json; charset=utf-8
2017-09-03 15:51:01 DEBUG headers:136 - http-outgoing-79 >> Content-Length: 46
2017-09-03 15:51:01 DEBUG headers:136 - http-outgoing-79 >> Host: localhost:23620
2017-09-03 15:51:01 DEBUG headers:136 - http-outgoing-79 >> Connection: Keep-Alive
2017-09-03 15:51:01 DEBUG headers:136 - http-outgoing-79 >> User-Agent: Apache-HttpClient/4.5.3 (Java/1.8.0_121)
2017-09-03 15:51:01 DEBUG headers:136 - http-outgoing-79 >> Accept-Encoding: gzip,deflate
2017-09-03 15:51:01 DEBUG wire:73 - http-outgoing-79 >> "POST /session/843ad67b75bd65450a6241580f4e9ef1/url HTTP/1.1[\r][\n]"
2017-09-03 15:51:01 DEBUG wire:73 - http-outgoing-79 >> "Content-Type: application/json; charset=utf-8[\r][\n]"
2017-09-03 15:51:01 DEBUG wire:73 - http-outgoing-79 >> "Content-Length: 46[\r][\n]"
2017-09-03 15:51:01 DEBUG wire:73 - http-outgoing-79 >> "Host: localhost:23620[\r][\n]"
2017-09-03 15:51:01 DEBUG wire:73 - http-outgoing-79 >> "Connection: Keep-Alive[\r][\n]"
2017-09-03 15:51:01 DEBUG wire:73 - http-outgoing-79 >> "User-Agent: Apache-HttpClient/4.5.3 (Java/1.8.0_121)[\r][\n]"
2017-09-03 15:51:01 DEBUG wire:73 - http-outgoing-79 >> "Accept-Encoding: gzip,deflate[\r][\n]"
2017-09-03 15:51:01 DEBUG wire:73 - http-outgoing-79 >> "[\r][\n]"
2017-09-03 15:51:01 DEBUG wire:87 - http-outgoing-79 >> "{"url":"https://qa-interviewer.herokuapp.com"}"
2017-09-03 15:51:01 DEBUG wire:73 - http-outgoing-79 << "HTTP/1.1 200 OK[\r][\n]"
2017-09-03 15:51:01 DEBUG wire:73 - http-outgoing-79 << "Content-Length:317[\r][\n]"
2017-09-03 15:51:01 DEBUG wire:73 - http-outgoing-79 << "Content-Type:application/json; charset=utf-8[\r][\n]"
2017-09-03 15:51:01 DEBUG wire:73 - http-outgoing-79 << "Connection:close[\r][\n]"
2017-09-03 15:51:01 DEBUG wire:73 - http-outgoing-79 << "[\r][\n]"
2017-09-03 15:51:01 DEBUG wire:87 - http-outgoing-79 << "{"sessionId":"843ad67b75bd65450a6241580f4e9ef1","status":26,"value":{"message":"unexpected alert open: {Alert text : Error:TypeError: Failed to fetch}\n  (Session info: chrome=60.0.3112.113)\n  (Driver info: chromedriver=2.29.461591 (62ebf098771772160f391d75e589dc567915b233),platform=Windows NT 10.0.15063 x86_64)"}}"
2017-09-03 15:51:01 DEBUG headers:122 - http-outgoing-79 << HTTP/1.1 200 OK
2017-09-03 15:51:01 DEBUG headers:125 - http-outgoing-79 << Content-Length:317
2017-09-03 15:51:01 DEBUG headers:125 - http-outgoing-79 << Content-Type:application/json; charset=utf-8
2017-09-03 15:51:01 DEBUG headers:125 - http-outgoing-79 << Connection:close
2017-09-03 15:51:01 DEBUG DefaultManagedHttpClientConnection:79 - http-outgoing-79: Close connection
2017-09-03 15:51:01 DEBUG MainClientExec:104 - Connection discarded
2017-09-03 15:51:01 DEBUG PoolingHttpClientConnectionManager:326 - Connection released: [id: 79][route: {}->http://localhost:23620][total kept alive: 0; route allocated: 0 of 2000; total allocated: 1 of 2000]
]]></system-out>
  </testcase>
  <testcase name="assertIconsOfMenuItems" classname="SideMenu" time="0.003">
    <failure message="unexpected alert open: {Alert text : Error:TypeError: Failed to fetch}&#10;  (Session info: chrome=60.0.3112.113)&#10;  (Driver info: chromedriver=2.29.461591 (62ebf098771772160f391d75e589dc567915b233),platform=Windows NT 10.0.15063 x86_64) (WARNING: The server did not provide any stacktrace information)&#10;Command duration or timeout: 78 milliseconds: null&#10;Build info: version: &apos;3.4.0&apos;, revision: &apos;unknown&apos;, time: &apos;unknown&apos;&#10;System info: host: &apos;DESKTOP-II50ODI&apos;, ip: &apos;192.168.31.114&apos;, os.name: &apos;Windows 10&apos;, os.arch: &apos;amd64&apos;, os.version: &apos;10.0&apos;, java.version: &apos;1.8.0_121&apos;&#10;Driver info: org.openqa.selenium.chrome.ChromeDriver&#10;Capabilities [{applicationCacheEnabled=false, rotatable=false, mobileEmulationEnabled=false, networkConnectionEnabled=false, chrome={chromedriverVersion=2.29.461591 (62ebf098771772160f391d75e589dc567915b233), userDataDir=C:\Users\3671~1\AppData\Local\Temp\scoped_dir5456_8461}, takesHeapSnapshot=true, pageLoadStrategy=normal, databaseEnabled=false, handlesAlerts=true, hasTouchScreen=false, version=60.0.3112.113, platform=XP, browserConnectionEnabled=false, nativeEvents=true, acceptSslCerts=true, locationContextEnabled=true, webStorageEnabled=true, browserName=chrome, takesScreenshot=true, javascriptEnabled=true, cssSelectorsEnabled=true, unexpectedAlertBehaviour=}]&#10;Session ID: 843ad67b75bd65450a6241580f4e9ef1" type="org.openqa.selenium.UnhandledAlertException">org.openqa.selenium.UnhandledAlertException: unexpected alert open: {Alert text : Error:TypeError: Failed to fetch}
  (Session info: chrome=60.0.3112.113)
  (Driver info: chromedriver=2.29.461591 (62ebf098771772160f391d75e589dc567915b233),platform=Windows NT 10.0.15063 x86_64) (WARNING: The server did not provide any stacktrace information)
Command duration or timeout: 78 milliseconds: null
Build info: version: '3.4.0', revision: 'unknown', time: 'unknown'
System info: host: 'DESKTOP-II50ODI', ip: '192.168.31.114', os.name: 'Windows 10', os.arch: 'amd64', os.version: '10.0', java.version: '1.8.0_121'
Driver info: org.openqa.selenium.chrome.ChromeDriver
Capabilities [{applicationCacheEnabled=false, rotatable=false, mobileEmulationEnabled=false, networkConnectionEnabled=false, chrome={chromedriverVersion=2.29.461591 (62ebf098771772160f391d75e589dc567915b233), userDataDir=C:\Users\3671~1\AppData\Local\Temp\scoped_dir5456_8461}, takesHeapSnapshot=true, pageLoadStrategy=normal, databaseEnabled=false, handlesAlerts=true, hasTouchScreen=false, version=60.0.3112.113, platform=XP, browserConnectionEnabled=false, nativeEvents=true, acceptSslCerts=true, locationContextEnabled=true, webStorageEnabled=true, browserName=chrome, takesScreenshot=true, javascriptEnabled=true, cssSelectorsEnabled=true, unexpectedAlertBehaviour=}]
Session ID: 843ad67b75bd65450a6241580f4e9ef1
	at sun.reflect.NativeConstructorAccessorImpl.newInstance0(Native Method)
	at sun.reflect.NativeConstructorAccessorImpl.newInstance(NativeConstructorAccessorImpl.java:62)
	at sun.reflect.DelegatingConstructorAccessorImpl.newInstance(DelegatingConstructorAccessorImpl.java:45)
	at java.lang.reflect.Constructor.newInstance(Constructor.java:423)
	at org.openqa.selenium.remote.ErrorHandler.createThrowable(ErrorHandler.java:215)
	at org.openqa.selenium.remote.ErrorHandler.throwIfResponseFailed(ErrorHandler.java:173)
	at org.openqa.selenium.remote.RemoteWebDriver.execute(RemoteWebDriver.java:671)
	at org.openqa.selenium.remote.RemoteWebDriver.get(RemoteWebDriver.java:364)
	at ui.LoginPage.open(LoginPage.java:63)
	at SideMenu.assertIconsOfMenuItems(SideMenu.java:65)
</failure>
    <system-out><![CDATA[2017-09-03 15:51:01 DEBUG RequestAddCookies:123 - CookieSpec selected: default
2017-09-03 15:51:01 DEBUG RequestAuthCache:77 - Auth cache not set in the context
2017-09-03 15:51:01 DEBUG PoolingHttpClientConnectionManager:255 - Connection request: [route: {}->http://localhost:23620][total kept alive: 0; route allocated: 0 of 2000; total allocated: 1 of 2000]
2017-09-03 15:51:01 DEBUG PoolingHttpClientConnectionManager:288 - Connection leased: [id: 80][route: {}->http://localhost:23620][total kept alive: 0; route allocated: 1 of 2000; total allocated: 2 of 2000]
2017-09-03 15:51:01 DEBUG MainClientExec:235 - Opening connection {}->http://localhost:23620
2017-09-03 15:51:01 DEBUG DefaultHttpClientConnectionOperator:139 - Connecting to localhost/127.0.0.1:23620
2017-09-03 15:51:01 DEBUG DefaultHttpClientConnectionOperator:146 - Connection established 127.0.0.1:54699<->127.0.0.1:23620
2017-09-03 15:51:01 DEBUG DefaultManagedHttpClientConnection:88 - http-outgoing-80: set socket timeout to 10800000
2017-09-03 15:51:01 DEBUG MainClientExec:256 - Executing request POST /session/843ad67b75bd65450a6241580f4e9ef1/url HTTP/1.1
2017-09-03 15:51:01 DEBUG MainClientExec:261 - Target auth state: UNCHALLENGED
2017-09-03 15:51:01 DEBUG MainClientExec:267 - Proxy auth state: UNCHALLENGED
2017-09-03 15:51:01 DEBUG headers:133 - http-outgoing-80 >> POST /session/843ad67b75bd65450a6241580f4e9ef1/url HTTP/1.1
2017-09-03 15:51:01 DEBUG headers:136 - http-outgoing-80 >> Content-Type: application/json; charset=utf-8
2017-09-03 15:51:01 DEBUG headers:136 - http-outgoing-80 >> Content-Length: 46
2017-09-03 15:51:01 DEBUG headers:136 - http-outgoing-80 >> Host: localhost:23620
2017-09-03 15:51:01 DEBUG headers:136 - http-outgoing-80 >> Connection: Keep-Alive
2017-09-03 15:51:01 DEBUG headers:136 - http-outgoing-80 >> User-Agent: Apache-HttpClient/4.5.3 (Java/1.8.0_121)
2017-09-03 15:51:01 DEBUG headers:136 - http-outgoing-80 >> Accept-Encoding: gzip,deflate
2017-09-03 15:51:01 DEBUG wire:73 - http-outgoing-80 >> "POST /session/843ad67b75bd65450a6241580f4e9ef1/url HTTP/1.1[\r][\n]"
2017-09-03 15:51:01 DEBUG wire:73 - http-outgoing-80 >> "Content-Type: application/json; charset=utf-8[\r][\n]"
2017-09-03 15:51:01 DEBUG wire:73 - http-outgoing-80 >> "Content-Length: 46[\r][\n]"
2017-09-03 15:51:01 DEBUG wire:73 - http-outgoing-80 >> "Host: localhost:23620[\r][\n]"
2017-09-03 15:51:01 DEBUG wire:73 - http-outgoing-80 >> "Connection: Keep-Alive[\r][\n]"
2017-09-03 15:51:01 DEBUG wire:73 - http-outgoing-80 >> "User-Agent: Apache-HttpClient/4.5.3 (Java/1.8.0_121)[\r][\n]"
2017-09-03 15:51:01 DEBUG wire:73 - http-outgoing-80 >> "Accept-Encoding: gzip,deflate[\r][\n]"
2017-09-03 15:51:01 DEBUG wire:73 - http-outgoing-80 >> "[\r][\n]"
2017-09-03 15:51:01 DEBUG wire:87 - http-outgoing-80 >> "{"url":"https://qa-interviewer.herokuapp.com"}"
2017-09-03 15:51:01 DEBUG wire:73 - http-outgoing-80 << "HTTP/1.1 200 OK[\r][\n]"
2017-09-03 15:51:01 DEBUG wire:73 - http-outgoing-80 << "Content-Length:317[\r][\n]"
2017-09-03 15:51:01 DEBUG wire:73 - http-outgoing-80 << "Content-Type:application/json; charset=utf-8[\r][\n]"
2017-09-03 15:51:01 DEBUG wire:73 - http-outgoing-80 << "Connection:close[\r][\n]"
2017-09-03 15:51:01 DEBUG wire:73 - http-outgoing-80 << "[\r][\n]"
2017-09-03 15:51:01 DEBUG wire:87 - http-outgoing-80 << "{"sessionId":"843ad67b75bd65450a6241580f4e9ef1","status":26,"value":{"message":"unexpected alert open: {Alert text : Error:TypeError: Failed to fetch}\n  (Session info: chrome=60.0.3112.113)\n  (Driver info: chromedriver=2.29.461591 (62ebf098771772160f391d75e589dc567915b233),platform=Windows NT 10.0.15063 x86_64)"}}"
2017-09-03 15:51:01 DEBUG headers:122 - http-outgoing-80 << HTTP/1.1 200 OK
2017-09-03 15:51:01 DEBUG headers:125 - http-outgoing-80 << Content-Length:317
2017-09-03 15:51:01 DEBUG headers:125 - http-outgoing-80 << Content-Type:application/json; charset=utf-8
2017-09-03 15:51:01 DEBUG headers:125 - http-outgoing-80 << Connection:close
2017-09-03 15:51:01 DEBUG DefaultManagedHttpClientConnection:79 - http-outgoing-80: Close connection
2017-09-03 15:51:01 DEBUG MainClientExec:104 - Connection discarded
2017-09-03 15:51:01 DEBUG PoolingHttpClientConnectionManager:326 - Connection released: [id: 80][route: {}->http://localhost:23620][total kept alive: 0; route allocated: 0 of 2000; total allocated: 1 of 2000]
]]></system-out>
  </testcase>
  <testcase name="enterMaxPassword" classname="Login" time="0.07"/>
  <testcase name="enterMinPassword" classname="Login" time="0.042"/>
  <testcase name="enterMinThenMinEmail" classname="Login" time="0.086"/>
  <testcase name="enterMinThenMinPassword" classname="Login" time="0.049"/>
  <testcase name="enterWithEmptyPassword" classname="Login" time="0.079"/>
  <testcase name="enterWithWrongEmail" classname="Login" time="0.076"/>
  <testcase name="enterWithWrongPassword" classname="Login" time="0.079"/>
  <testcase name="passwordHolder" classname="Login" time="0.045"/>
  <testcase name="passwordWithAsterisk" classname="Login" time="0.039"/>
</testsuite>