<?xml version="1.0" encoding="UTF-8"?>
<testsuite name="TestSuite" time="27.736" tests="18" errors="0" skipped="0" failures="1">
  <properties>
    <property name="java.runtime.name" value="Java(TM) SE Runtime Environment"/>
    <property name="sun.boot.library.path" value="C:\Program Files\Java\jdk1.8.0_121\jre\bin"/>
    <property name="java.vm.version" value="25.121-b13"/>
    <property name="java.vm.vendor" value="Oracle Corporation"/>
    <property name="maven.multiModuleProjectDirectory" value="D:/interviewer/Interviewer/QAauto"/>
    <property name="java.vendor.url" value="http://java.oracle.com/"/>
    <property name="path.separator" value=";"/>
    <property name="guice.disable.misplaced.annotation.check" value="true"/>
    <property name="java.vm.name" value="Java HotSpot(TM) 64-Bit Server VM"/>
    <property name="file.encoding.pkg" value="sun.io"/>
    <property name="user.script" value=""/>
    <property name="user.country" value="RU"/>
    <property name="sun.java.launcher" value="SUN_STANDARD"/>
    <property name="sun.os.patch.level" value=""/>
    <property name="java.vm.specification.name" value="Java Virtual Machine Specification"/>
    <property name="user.dir" value="D:\interviewer\Interviewer\QAauto"/>
    <property name="java.runtime.version" value="1.8.0_121-b13"/>
    <property name="java.awt.graphicsenv" value="sun.awt.Win32GraphicsEnvironment"/>
    <property name="java.endorsed.dirs" value="C:\Program Files\Java\jdk1.8.0_121\jre\lib\endorsed"/>
    <property name="os.arch" value="amd64"/>
    <property name="java.io.tmpdir" value="C:\Users\3671~1\AppData\Local\Temp\"/>
    <property name="line.separator" value="&#10;"/>
    <property name="java.vm.specification.vendor" value="Oracle Corporation"/>
    <property name="user.variant" value=""/>
    <property name="os.name" value="Windows 10"/>
    <property name="classworlds.conf" value="C:/maven/apache-maven-3.3.9/bin/m2.conf"/>
    <property name="sun.jnu.encoding" value="Cp1251"/>
    <property name="java.library.path" value="C:\Program Files\Java\jdk1.8.0_121\bin;C:\WINDOWS\Sun\Java\bin;C:\WINDOWS\system32;C:\WINDOWS;C:\Users\Оксана\bin;C:\Program Files\Git\mingw64\bin;C:\Program Files\Git\usr\local\bin;C:\Program Files\Git\usr\bin;C:\Program Files\Git\usr\bin;C:\Program Files\Git\mingw64\bin;C:\Program Files\Git\usr\bin;C:\Users\Оксана\bin;C:\ProgramData\Oracle\Java\javapath;C:\WINDOWS\system32;C:\WINDOWS;C:\WINDOWS\System32\Wbem;C:\WINDOWS\System32\WindowsPowerShell\v1.0;C:\Program Files\Git\cmd;C:\WINDOWS\system32\config\systemprofile\.dnx\bin;C:\Program Files\Microsoft DNX\Dnvm;C:\Program Files\Microsoft SQL Server\130\Tools\Binn;C:\Program Files\Java\jdk1.8.0_121\bin;C:\maven\apache-maven-3.3.9;C:\Program Files (x86)\Skype\Phone;C:\maven\apache-maven-3.3.9\bin;C:\Program Files\nodejs;C:\Users\Оксана\AppData\Local\Microsoft\WindowsApps;C:\Program Files\Java\jdk1.8.0_121\bin;C:\maven\apache-maven-3.3.9\bin;D:\AutoQA\enviropment\tools;D:\AutoQA\enviropment\platform-tools;D:\AutoQA\enviropment\build-tools;C:\Users\Оксана\AppData\Roaming\npm;C:\Program Files\Git\usr\bin\vendor_perl;C:\Program Files\Git\usr\bin\core_perl;."/>
    <property name="java.specification.name" value="Java Platform API Specification"/>
    <property name="java.class.version" value="52.0"/>
    <property name="sun.management.compiler" value="HotSpot 64-Bit Tiered Compilers"/>
    <property name="os.version" value="10.0"/>
    <property name="user.home" value="C:\Users\Оксана"/>
    <property name="user.timezone" value="Europe/Helsinki"/>
    <property name="java.awt.printerjob" value="sun.awt.windows.WPrinterJob"/>
    <property name="java.specification.version" value="1.8"/>
    <property name="file.encoding" value="Cp1251"/>
    <property name="user.name" value="Оксана"/>
    <property name="java.class.path" value="C:/maven/apache-maven-3.3.9/boot/plexus-classworlds-2.5.2.jar"/>
    <property name="java.vm.specification.version" value="1.8"/>
    <property name="sun.arch.data.model" value="64"/>
    <property name="java.home" value="C:\Program Files\Java\jdk1.8.0_121\jre"/>
    <property name="sun.java.command" value="org.codehaus.plexus.classworlds.launcher.Launcher clean test"/>
    <property name="java.specification.vendor" value="Oracle Corporation"/>
    <property name="user.language" value="ru"/>
    <property name="awt.toolkit" value="sun.awt.windows.WToolkit"/>
    <property name="java.vm.info" value="mixed mode"/>
    <property name="java.version" value="1.8.0_121"/>
    <property name="java.ext.dirs" value="C:\Program Files\Java\jdk1.8.0_121\jre\lib\ext;C:\WINDOWS\Sun\Java\lib\ext"/>
    <property name="sun.boot.class.path" value="C:\Program Files\Java\jdk1.8.0_121\jre\lib\resources.jar;C:\Program Files\Java\jdk1.8.0_121\jre\lib\rt.jar;C:\Program Files\Java\jdk1.8.0_121\jre\lib\sunrsasign.jar;C:\Program Files\Java\jdk1.8.0_121\jre\lib\jsse.jar;C:\Program Files\Java\jdk1.8.0_121\jre\lib\jce.jar;C:\Program Files\Java\jdk1.8.0_121\jre\lib\charsets.jar;C:\Program Files\Java\jdk1.8.0_121\jre\lib\jfr.jar;C:\Program Files\Java\jdk1.8.0_121\jre\classes"/>
    <property name="java.vendor" value="Oracle Corporation"/>
    <property name="maven.home" value="C:\maven\apache-maven-3.3.9"/>
    <property name="file.separator" value="\"/>
    <property name="java.vendor.url.bug" value="http://bugreport.sun.com/bugreport/"/>
    <property name="sun.cpu.endian" value="little"/>
    <property name="sun.io.unicode.encoding" value="UnicodeLittle"/>
    <property name="sun.desktop" value="windows"/>
    <property name="sun.cpu.isalist" value="amd64"/>
  </properties>
  <testcase name="asserHideMenu" classname="SideMenu" time="0.577">
    <failure message="expected [true] but found [false]" type="java.lang.AssertionError">java.lang.AssertionError: expected [true] but found [false]
	at org.testng.Assert.fail(Assert.java:93)
	at org.testng.Assert.failNotEquals(Assert.java:512)
	at org.testng.Assert.assertTrue(Assert.java:41)
	at org.testng.Assert.assertTrue(Assert.java:51)
	at SideMenu.asserHideMenu(SideMenu.java:47)
</failure>
    <system-out><![CDATA[2017-09-02 19:45:45 DEBUG RequestAddCookies:123 - CookieSpec selected: default
2017-09-02 19:45:45 DEBUG RequestAddCookies:123 - CookieSpec selected: default
2017-09-02 19:45:45 DEBUG RequestAuthCache:77 - Auth cache not set in the context
2017-09-02 19:45:45 DEBUG RequestAuthCache:77 - Auth cache not set in the context
2017-09-02 19:45:45 DEBUG PoolingHttpClientConnectionManager:255 - Connection request: [route: {}->http://localhost:41235][total kept alive: 0; route allocated: 0 of 2000; total allocated: 0 of 2000]
2017-09-02 19:45:45 DEBUG PoolingHttpClientConnectionManager:255 - Connection request: [route: {}->http://localhost:28058][total kept alive: 0; route allocated: 0 of 2000; total allocated: 0 of 2000]
2017-09-02 19:45:45 DEBUG PoolingHttpClientConnectionManager:288 - Connection leased: [id: 1][route: {}->http://localhost:41235][total kept alive: 0; route allocated: 1 of 2000; total allocated: 2 of 2000]
2017-09-02 19:45:45 DEBUG PoolingHttpClientConnectionManager:288 - Connection leased: [id: 0][route: {}->http://localhost:28058][total kept alive: 0; route allocated: 1 of 2000; total allocated: 2 of 2000]
2017-09-02 19:45:45 DEBUG MainClientExec:235 - Opening connection {}->http://localhost:41235
2017-09-02 19:45:45 DEBUG MainClientExec:235 - Opening connection {}->http://localhost:28058
2017-09-02 19:45:45 DEBUG DefaultHttpClientConnectionOperator:139 - Connecting to localhost/127.0.0.1:41235
2017-09-02 19:45:45 DEBUG DefaultHttpClientConnectionOperator:139 - Connecting to localhost/127.0.0.1:28058
2017-09-02 19:45:45 DEBUG DefaultHttpClientConnectionOperator:146 - Connection established 127.0.0.1:53584<->127.0.0.1:28058
2017-09-02 19:45:45 DEBUG DefaultHttpClientConnectionOperator:146 - Connection established 127.0.0.1:53583<->127.0.0.1:41235
2017-09-02 19:45:45 DEBUG DefaultManagedHttpClientConnection:88 - http-outgoing-1: set socket timeout to 10800000
2017-09-02 19:45:45 DEBUG DefaultManagedHttpClientConnection:88 - http-outgoing-0: set socket timeout to 10800000
2017-09-02 19:45:45 DEBUG MainClientExec:256 - Executing request POST /session HTTP/1.1
2017-09-02 19:45:45 DEBUG MainClientExec:256 - Executing request POST /session HTTP/1.1
2017-09-02 19:45:45 DEBUG MainClientExec:261 - Target auth state: UNCHALLENGED
2017-09-02 19:45:45 DEBUG MainClientExec:261 - Target auth state: UNCHALLENGED
2017-09-02 19:45:45 DEBUG MainClientExec:267 - Proxy auth state: UNCHALLENGED
2017-09-02 19:45:45 DEBUG MainClientExec:267 - Proxy auth state: UNCHALLENGED
2017-09-02 19:45:45 DEBUG headers:133 - http-outgoing-1 >> POST /session HTTP/1.1
2017-09-02 19:45:45 DEBUG headers:136 - http-outgoing-1 >> Content-Type: application/json; charset=utf-8
2017-09-02 19:45:45 DEBUG headers:136 - http-outgoing-1 >> Content-Length: 400
2017-09-02 19:45:45 DEBUG headers:136 - http-outgoing-1 >> Host: localhost:41235
2017-09-02 19:45:45 DEBUG headers:136 - http-outgoing-1 >> Connection: Keep-Alive
2017-09-02 19:45:45 DEBUG headers:136 - http-outgoing-1 >> User-Agent: Apache-HttpClient/4.5.3 (Java/1.8.0_121)
2017-09-02 19:45:45 DEBUG headers:136 - http-outgoing-1 >> Accept-Encoding: gzip,deflate
2017-09-02 19:45:45 DEBUG headers:133 - http-outgoing-0 >> POST /session HTTP/1.1
2017-09-02 19:45:45 DEBUG headers:136 - http-outgoing-0 >> Content-Type: application/json; charset=utf-8
2017-09-02 19:45:45 DEBUG headers:136 - http-outgoing-0 >> Content-Length: 400
2017-09-02 19:45:45 DEBUG headers:136 - http-outgoing-0 >> Host: localhost:28058
2017-09-02 19:45:45 DEBUG headers:136 - http-outgoing-0 >> Connection: Keep-Alive
2017-09-02 19:45:45 DEBUG headers:136 - http-outgoing-0 >> User-Agent: Apache-HttpClient/4.5.3 (Java/1.8.0_121)
2017-09-02 19:45:45 DEBUG headers:136 - http-outgoing-0 >> Accept-Encoding: gzip,deflate
2017-09-02 19:45:45 DEBUG wire:73 - http-outgoing-0 >> "POST /session HTTP/1.1[\r][\n]"
2017-09-02 19:45:45 DEBUG wire:73 - http-outgoing-0 >> "Content-Type: application/json; charset=utf-8[\r][\n]"
2017-09-02 19:45:45 DEBUG wire:73 - http-outgoing-0 >> "Content-Length: 400[\r][\n]"
2017-09-02 19:45:45 DEBUG wire:73 - http-outgoing-0 >> "Host: localhost:28058[\r][\n]"
2017-09-02 19:45:45 DEBUG wire:73 - http-outgoing-0 >> "Connection: Keep-Alive[\r][\n]"
2017-09-02 19:45:45 DEBUG wire:73 - http-outgoing-0 >> "User-Agent: Apache-HttpClient/4.5.3 (Java/1.8.0_121)[\r][\n]"
2017-09-02 19:45:45 DEBUG wire:73 - http-outgoing-0 >> "Accept-Encoding: gzip,deflate[\r][\n]"
2017-09-02 19:45:45 DEBUG wire:73 - http-outgoing-0 >> "[\r][\n]"
2017-09-02 19:45:45 DEBUG wire:73 - http-outgoing-0 >> "{[\n]"
2017-09-02 19:45:45 DEBUG wire:73 - http-outgoing-0 >> "  "desiredCapabilities": {[\n]"
2017-09-02 19:45:45 DEBUG wire:73 - http-outgoing-0 >> "    "browserName": "chrome",[\n]"
2017-09-02 19:45:45 DEBUG wire:73 - http-outgoing-0 >> "    "version": "",[\n]"
2017-09-02 19:45:45 DEBUG wire:73 - http-outgoing-0 >> "    "platform": "ANY"[\n]"
2017-09-02 19:45:45 DEBUG wire:73 - http-outgoing-0 >> "  },[\n]"
2017-09-02 19:45:45 DEBUG wire:73 - http-outgoing-0 >> "  "requiredCapabilities": {},[\n]"
2017-09-02 19:45:45 DEBUG wire:73 - http-outgoing-0 >> "  "capabilities": {[\n]"
2017-09-02 19:45:45 DEBUG wire:73 - http-outgoing-0 >> "    "desiredCapabilities": {[\n]"
2017-09-02 19:45:45 DEBUG wire:73 - http-outgoing-0 >> "      "browserName": "chrome",[\n]"
2017-09-02 19:45:45 DEBUG wire:73 - http-outgoing-0 >> "      "version": "",[\n]"
2017-09-02 19:45:45 DEBUG wire:73 - http-outgoing-0 >> "      "platform": "ANY"[\n]"
2017-09-02 19:45:45 DEBUG wire:73 - http-outgoing-0 >> "    },[\n]"
2017-09-02 19:45:45 DEBUG wire:73 - http-outgoing-0 >> "    "requiredCapabilities": {},[\n]"
2017-09-02 19:45:45 DEBUG wire:73 - http-outgoing-1 >> "POST /session HTTP/1.1[\r][\n]"
2017-09-02 19:45:45 DEBUG wire:73 - http-outgoing-1 >> "Content-Type: application/json; charset=utf-8[\r][\n]"
2017-09-02 19:45:45 DEBUG wire:73 - http-outgoing-1 >> "Content-Length: 400[\r][\n]"
2017-09-02 19:45:45 DEBUG wire:73 - http-outgoing-1 >> "Host: localhost:41235[\r][\n]"
2017-09-02 19:45:45 DEBUG wire:73 - http-outgoing-1 >> "Connection: Keep-Alive[\r][\n]"
2017-09-02 19:45:45 DEBUG wire:73 - http-outgoing-1 >> "User-Agent: Apache-HttpClient/4.5.3 (Java/1.8.0_121)[\r][\n]"
2017-09-02 19:45:45 DEBUG wire:73 - http-outgoing-1 >> "Accept-Encoding: gzip,deflate[\r][\n]"
2017-09-02 19:45:45 DEBUG wire:73 - http-outgoing-0 >> "    "alwaysMatch": {},[\n]"
2017-09-02 19:45:45 DEBUG wire:73 - http-outgoing-1 >> "[\r][\n]"
2017-09-02 19:45:45 DEBUG wire:73 - http-outgoing-1 >> "{[\n]"
2017-09-02 19:45:45 DEBUG wire:73 - http-outgoing-1 >> "  "desiredCapabilities": {[\n]"
2017-09-02 19:45:45 DEBUG wire:73 - http-outgoing-1 >> "    "browserName": "chrome",[\n]"
2017-09-02 19:45:45 DEBUG wire:73 - http-outgoing-1 >> "    "version": "",[\n]"
2017-09-02 19:45:45 DEBUG wire:73 - http-outgoing-1 >> "    "platform": "ANY"[\n]"
2017-09-02 19:45:45 DEBUG wire:73 - http-outgoing-1 >> "  },[\n]"
2017-09-02 19:45:45 DEBUG wire:73 - http-outgoing-0 >> "    "firstMatch": [[\n]"
2017-09-02 19:45:45 DEBUG wire:73 - http-outgoing-0 >> "      {[\n]"
2017-09-02 19:45:45 DEBUG wire:73 - http-outgoing-0 >> "        "browserName": "chrome"[\n]"
2017-09-02 19:45:45 DEBUG wire:73 - http-outgoing-0 >> "      }[\n]"
2017-09-02 19:45:45 DEBUG wire:73 - http-outgoing-0 >> "    ][\n]"
2017-09-02 19:45:45 DEBUG wire:73 - http-outgoing-0 >> "  }[\n]"
2017-09-02 19:45:45 DEBUG wire:87 - http-outgoing-0 >> "}"
2017-09-02 19:45:45 DEBUG wire:73 - http-outgoing-1 >> "  "requiredCapabilities": {},[\n]"
2017-09-02 19:45:45 DEBUG wire:73 - http-outgoing-1 >> "  "capabilities": {[\n]"
2017-09-02 19:45:45 DEBUG wire:73 - http-outgoing-1 >> "    "desiredCapabilities": {[\n]"
2017-09-02 19:45:45 DEBUG wire:73 - http-outgoing-1 >> "      "browserName": "chrome",[\n]"
2017-09-02 19:45:45 DEBUG wire:73 - http-outgoing-1 >> "      "version": "",[\n]"
2017-09-02 19:45:45 DEBUG wire:73 - http-outgoing-1 >> "      "platform": "ANY"[\n]"
2017-09-02 19:45:45 DEBUG wire:73 - http-outgoing-1 >> "    },[\n]"
2017-09-02 19:45:45 DEBUG wire:73 - http-outgoing-1 >> "    "requiredCapabilities": {},[\n]"
2017-09-02 19:45:45 DEBUG wire:73 - http-outgoing-1 >> "    "alwaysMatch": {},[\n]"
2017-09-02 19:45:45 DEBUG wire:73 - http-outgoing-1 >> "    "firstMatch": [[\n]"
2017-09-02 19:45:45 DEBUG wire:73 - http-outgoing-1 >> "      {[\n]"
2017-09-02 19:45:45 DEBUG wire:73 - http-outgoing-1 >> "        "browserName": "chrome"[\n]"
2017-09-02 19:45:45 DEBUG wire:73 - http-outgoing-1 >> "      }[\n]"
2017-09-02 19:45:45 DEBUG wire:73 - http-outgoing-1 >> "    ][\n]"
2017-09-02 19:45:45 DEBUG wire:73 - http-outgoing-1 >> "  }[\n]"
2017-09-02 19:45:45 DEBUG wire:87 - http-outgoing-1 >> "}"
2017-09-02 19:45:47 DEBUG wire:73 - http-outgoing-1 << "HTTP/1.1 200 OK[\r][\n]"
2017-09-02 19:45:47 DEBUG wire:73 - http-outgoing-1 << "Content-Length:781[\r][\n]"
2017-09-02 19:45:47 DEBUG wire:73 - http-outgoing-1 << "Content-Type:application/json; charset=utf-8[\r][\n]"
2017-09-02 19:45:47 DEBUG wire:73 - http-outgoing-1 << "Connection:close[\r][\n]"
2017-09-02 19:45:47 DEBUG wire:73 - http-outgoing-1 << "[\r][\n]"
2017-09-02 19:45:47 DEBUG wire:87 - http-outgoing-1 << "{"sessionId":"4a63d5e5785b00cada1966021cb7d50d","status":0,"value":{"acceptSslCerts":true,"applicationCacheEnabled":false,"browserConnectionEnabled":false,"browserName":"chrome","chrome":{"chromedriverVersion":"2.29.461591 (62ebf098771772160f391d75e589dc567915b233)","userDataDir":"C:\\Users\\3671~1\\AppData\\Local\\Temp\\scoped_dir12464_11655"},"cssSelectorsEnabled":true,"databaseEnabled":false,"handlesAlerts":true,"hasTouchScreen":false,"javascriptEnabled":true,"locationContextEnabled":true,"mobileEmulationEnabled":false,"nativeEvents":true,"networkConnectionEnabled":false,"pageLoadStrategy":"normal","platform":"Windows NT","rotatable":false,"takesHeapSnapshot":true,"takesScreenshot":true,"unexpectedAlertBehaviour":"","version":"60.0.3112.113","webStorageEnabled":true}}"
2017-09-02 19:45:47 DEBUG headers:122 - http-outgoing-1 << HTTP/1.1 200 OK
2017-09-02 19:45:47 DEBUG headers:125 - http-outgoing-1 << Content-Length:781
2017-09-02 19:45:47 DEBUG headers:125 - http-outgoing-1 << Content-Type:application/json; charset=utf-8
2017-09-02 19:45:47 DEBUG headers:125 - http-outgoing-1 << Connection:close
2017-09-02 19:45:47 DEBUG DefaultManagedHttpClientConnection:79 - http-outgoing-1: Close connection
2017-09-02 19:45:47 DEBUG MainClientExec:104 - Connection discarded
2017-09-02 19:45:47 DEBUG PoolingHttpClientConnectionManager:326 - Connection released: [id: 1][route: {}->http://localhost:41235][total kept alive: 0; route allocated: 0 of 2000; total allocated: 1 of 2000]
2017-09-02 19:45:48 DEBUG RequestAddCookies:123 - CookieSpec selected: default
2017-09-02 19:45:48 DEBUG RequestAuthCache:77 - Auth cache not set in the context
2017-09-02 19:45:48 DEBUG PoolingHttpClientConnectionManager:255 - Connection request: [route: {}->http://localhost:41235][total kept alive: 0; route allocated: 0 of 2000; total allocated: 1 of 2000]
2017-09-02 19:45:48 DEBUG PoolingHttpClientConnectionManager:288 - Connection leased: [id: 2][route: {}->http://localhost:41235][total kept alive: 0; route allocated: 1 of 2000; total allocated: 2 of 2000]
2017-09-02 19:45:48 DEBUG MainClientExec:235 - Opening connection {}->http://localhost:41235
2017-09-02 19:45:48 DEBUG DefaultHttpClientConnectionOperator:139 - Connecting to localhost/127.0.0.1:41235
2017-09-02 19:45:48 DEBUG DefaultHttpClientConnectionOperator:146 - Connection established 127.0.0.1:53595<->127.0.0.1:41235
2017-09-02 19:45:48 DEBUG DefaultManagedHttpClientConnection:88 - http-outgoing-2: set socket timeout to 10800000
2017-09-02 19:45:48 DEBUG MainClientExec:256 - Executing request POST /session/4a63d5e5785b00cada1966021cb7d50d/timeouts HTTP/1.1
2017-09-02 19:45:48 DEBUG MainClientExec:261 - Target auth state: UNCHALLENGED
2017-09-02 19:45:48 DEBUG MainClientExec:267 - Proxy auth state: UNCHALLENGED
2017-09-02 19:45:48 DEBUG headers:133 - http-outgoing-2 >> POST /session/4a63d5e5785b00cada1966021cb7d50d/timeouts HTTP/1.1
2017-09-02 19:45:48 DEBUG headers:136 - http-outgoing-2 >> Content-Type: application/json; charset=utf-8
2017-09-02 19:45:48 DEBUG headers:136 - http-outgoing-2 >> Content-Length: 32
2017-09-02 19:45:48 DEBUG headers:136 - http-outgoing-2 >> Host: localhost:41235
2017-09-02 19:45:48 DEBUG headers:136 - http-outgoing-2 >> Connection: Keep-Alive
2017-09-02 19:45:48 DEBUG headers:136 - http-outgoing-2 >> User-Agent: Apache-HttpClient/4.5.3 (Java/1.8.0_121)
2017-09-02 19:45:48 DEBUG headers:136 - http-outgoing-2 >> Accept-Encoding: gzip,deflate
2017-09-02 19:45:48 DEBUG wire:73 - http-outgoing-2 >> "POST /session/4a63d5e5785b00cada1966021cb7d50d/timeouts HTTP/1.1[\r][\n]"
2017-09-02 19:45:48 DEBUG wire:73 - http-outgoing-2 >> "Content-Type: application/json; charset=utf-8[\r][\n]"
2017-09-02 19:45:48 DEBUG wire:73 - http-outgoing-2 >> "Content-Length: 32[\r][\n]"
2017-09-02 19:45:48 DEBUG wire:73 - http-outgoing-2 >> "Host: localhost:41235[\r][\n]"
2017-09-02 19:45:48 DEBUG wire:73 - http-outgoing-2 >> "Connection: Keep-Alive[\r][\n]"
2017-09-02 19:45:48 DEBUG wire:73 - http-outgoing-2 >> "User-Agent: Apache-HttpClient/4.5.3 (Java/1.8.0_121)[\r][\n]"
2017-09-02 19:45:48 DEBUG wire:73 - http-outgoing-2 >> "Accept-Encoding: gzip,deflate[\r][\n]"
2017-09-02 19:45:48 DEBUG wire:73 - http-outgoing-2 >> "[\r][\n]"
2017-09-02 19:45:48 DEBUG wire:87 - http-outgoing-2 >> "{"type":"implicit","ms":1000000}"
2017-09-02 19:45:48 DEBUG wire:73 - http-outgoing-2 << "HTTP/1.1 200 OK[\r][\n]"
2017-09-02 19:45:48 DEBUG wire:73 - http-outgoing-2 << "Content-Length:72[\r][\n]"
2017-09-02 19:45:48 DEBUG wire:73 - http-outgoing-2 << "Content-Type:application/json; charset=utf-8[\r][\n]"
2017-09-02 19:45:48 DEBUG wire:73 - http-outgoing-2 << "Connection:close[\r][\n]"
2017-09-02 19:45:48 DEBUG wire:73 - http-outgoing-2 << "[\r][\n]"
2017-09-02 19:45:48 DEBUG wire:87 - http-outgoing-2 << "{"sessionId":"4a63d5e5785b00cada1966021cb7d50d","status":0,"value":null}"
2017-09-02 19:45:48 DEBUG headers:122 - http-outgoing-2 << HTTP/1.1 200 OK
2017-09-02 19:45:48 DEBUG headers:125 - http-outgoing-2 << Content-Length:72
2017-09-02 19:45:48 DEBUG headers:125 - http-outgoing-2 << Content-Type:application/json; charset=utf-8
2017-09-02 19:45:48 DEBUG headers:125 - http-outgoing-2 << Connection:close
2017-09-02 19:45:48 DEBUG DefaultManagedHttpClientConnection:79 - http-outgoing-2: Close connection
2017-09-02 19:45:48 DEBUG MainClientExec:104 - Connection discarded
2017-09-02 19:45:48 DEBUG PoolingHttpClientConnectionManager:326 - Connection released: [id: 2][route: {}->http://localhost:41235][total kept alive: 0; route allocated: 0 of 2000; total allocated: 1 of 2000]
2017-09-02 19:45:48 DEBUG RequestAddCookies:123 - CookieSpec selected: default
2017-09-02 19:45:48 DEBUG RequestAuthCache:77 - Auth cache not set in the context
2017-09-02 19:45:48 DEBUG PoolingHttpClientConnectionManager:255 - Connection request: [route: {}->http://localhost:41235][total kept alive: 0; route allocated: 0 of 2000; total allocated: 1 of 2000]
2017-09-02 19:45:48 DEBUG PoolingHttpClientConnectionManager:288 - Connection leased: [id: 3][route: {}->http://localhost:41235][total kept alive: 0; route allocated: 1 of 2000; total allocated: 2 of 2000]
2017-09-02 19:45:48 DEBUG MainClientExec:235 - Opening connection {}->http://localhost:41235
2017-09-02 19:45:48 DEBUG DefaultHttpClientConnectionOperator:139 - Connecting to localhost/127.0.0.1:41235
2017-09-02 19:45:48 DEBUG DefaultHttpClientConnectionOperator:146 - Connection established 127.0.0.1:53596<->127.0.0.1:41235
2017-09-02 19:45:48 DEBUG DefaultManagedHttpClientConnection:88 - http-outgoing-3: set socket timeout to 10800000
2017-09-02 19:45:48 DEBUG MainClientExec:256 - Executing request POST /session/4a63d5e5785b00cada1966021cb7d50d/url HTTP/1.1
2017-09-02 19:45:48 DEBUG MainClientExec:261 - Target auth state: UNCHALLENGED
2017-09-02 19:45:48 DEBUG MainClientExec:267 - Proxy auth state: UNCHALLENGED
2017-09-02 19:45:48 DEBUG headers:133 - http-outgoing-3 >> POST /session/4a63d5e5785b00cada1966021cb7d50d/url HTTP/1.1
2017-09-02 19:45:48 DEBUG headers:136 - http-outgoing-3 >> Content-Type: application/json; charset=utf-8
2017-09-02 19:45:48 DEBUG headers:136 - http-outgoing-3 >> Content-Length: 46
2017-09-02 19:45:48 DEBUG headers:136 - http-outgoing-3 >> Host: localhost:41235
2017-09-02 19:45:48 DEBUG headers:136 - http-outgoing-3 >> Connection: Keep-Alive
2017-09-02 19:45:48 DEBUG headers:136 - http-outgoing-3 >> User-Agent: Apache-HttpClient/4.5.3 (Java/1.8.0_121)
2017-09-02 19:45:48 DEBUG headers:136 - http-outgoing-3 >> Accept-Encoding: gzip,deflate
2017-09-02 19:45:48 DEBUG wire:73 - http-outgoing-3 >> "POST /session/4a63d5e5785b00cada1966021cb7d50d/url HTTP/1.1[\r][\n]"
2017-09-02 19:45:48 DEBUG wire:73 - http-outgoing-3 >> "Content-Type: application/json; charset=utf-8[\r][\n]"
2017-09-02 19:45:48 DEBUG wire:73 - http-outgoing-3 >> "Content-Length: 46[\r][\n]"
2017-09-02 19:45:48 DEBUG wire:73 - http-outgoing-3 >> "Host: localhost:41235[\r][\n]"
2017-09-02 19:45:48 DEBUG wire:73 - http-outgoing-3 >> "Connection: Keep-Alive[\r][\n]"
2017-09-02 19:45:48 DEBUG wire:73 - http-outgoing-3 >> "User-Agent: Apache-HttpClient/4.5.3 (Java/1.8.0_121)[\r][\n]"
2017-09-02 19:45:48 DEBUG wire:73 - http-outgoing-3 >> "Accept-Encoding: gzip,deflate[\r][\n]"
2017-09-02 19:45:48 DEBUG wire:73 - http-outgoing-3 >> "[\r][\n]"
2017-09-02 19:45:48 DEBUG wire:87 - http-outgoing-3 >> "{"url":"https://qa-interviewer.herokuapp.com"}"
2017-09-02 19:45:48 DEBUG wire:73 - http-outgoing-0 << "HTTP/1.1 200 OK[\r][\n]"
2017-09-02 19:45:48 DEBUG wire:73 - http-outgoing-0 << "Content-Length:780[\r][\n]"
2017-09-02 19:45:48 DEBUG wire:73 - http-outgoing-0 << "Content-Type:application/json; charset=utf-8[\r][\n]"
2017-09-02 19:45:48 DEBUG wire:73 - http-outgoing-0 << "Connection:close[\r][\n]"
2017-09-02 19:45:48 DEBUG wire:73 - http-outgoing-0 << "[\r][\n]"
2017-09-02 19:45:48 DEBUG wire:87 - http-outgoing-0 << "{"sessionId":"42c123a71e96ff77d8a403feef0babb8","status":0,"value":{"acceptSslCerts":true,"applicationCacheEnabled":false,"browserConnectionEnabled":false,"browserName":"chrome","chrome":{"chromedriverVersion":"2.29.461591 (62ebf098771772160f391d75e589dc567915b233)","userDataDir":"C:\\Users\\3671~1\\AppData\\Local\\Temp\\scoped_dir8480_29732"},"cssSelectorsEnabled":true,"databaseEnabled":false,"handlesAlerts":true,"hasTouchScreen":false,"javascriptEnabled":true,"locationContextEnabled":true,"mobileEmulationEnabled":false,"nativeEvents":true,"networkConnectionEnabled":false,"pageLoadStrategy":"normal","platform":"Windows NT","rotatable":false,"takesHeapSnapshot":true,"takesScreenshot":true,"unexpectedAlertBehaviour":"","version":"60.0.3112.113","webStorageEnabled":true}}"
2017-09-02 19:45:48 DEBUG headers:122 - http-outgoing-0 << HTTP/1.1 200 OK
2017-09-02 19:45:48 DEBUG headers:125 - http-outgoing-0 << Content-Length:780
2017-09-02 19:45:48 DEBUG headers:125 - http-outgoing-0 << Content-Type:application/json; charset=utf-8
2017-09-02 19:45:48 DEBUG headers:125 - http-outgoing-0 << Connection:close
2017-09-02 19:45:48 DEBUG DefaultManagedHttpClientConnection:79 - http-outgoing-0: Close connection
2017-09-02 19:45:48 DEBUG MainClientExec:104 - Connection discarded
2017-09-02 19:45:48 DEBUG PoolingHttpClientConnectionManager:326 - Connection released: [id: 0][route: {}->http://localhost:28058][total kept alive: 0; route allocated: 0 of 2000; total allocated: 1 of 2000]
2017-09-02 19:45:48 DEBUG RequestAddCookies:123 - CookieSpec selected: default
2017-09-02 19:45:48 DEBUG RequestAuthCache:77 - Auth cache not set in the context
2017-09-02 19:45:48 DEBUG PoolingHttpClientConnectionManager:255 - Connection request: [route: {}->http://localhost:28058][total kept alive: 0; route allocated: 0 of 2000; total allocated: 1 of 2000]
2017-09-02 19:45:48 DEBUG PoolingHttpClientConnectionManager:288 - Connection leased: [id: 4][route: {}->http://localhost:28058][total kept alive: 0; route allocated: 1 of 2000; total allocated: 2 of 2000]
2017-09-02 19:45:48 DEBUG MainClientExec:235 - Opening connection {}->http://localhost:28058
2017-09-02 19:45:48 DEBUG DefaultHttpClientConnectionOperator:139 - Connecting to localhost/127.0.0.1:28058
2017-09-02 19:45:48 DEBUG DefaultHttpClientConnectionOperator:146 - Connection established 127.0.0.1:53599<->127.0.0.1:28058
2017-09-02 19:45:48 DEBUG DefaultManagedHttpClientConnection:88 - http-outgoing-4: set socket timeout to 10800000
2017-09-02 19:45:48 DEBUG MainClientExec:256 - Executing request POST /session/42c123a71e96ff77d8a403feef0babb8/timeouts HTTP/1.1
2017-09-02 19:45:48 DEBUG MainClientExec:261 - Target auth state: UNCHALLENGED
2017-09-02 19:45:48 DEBUG MainClientExec:267 - Proxy auth state: UNCHALLENGED
2017-09-02 19:45:48 DEBUG headers:133 - http-outgoing-4 >> POST /session/42c123a71e96ff77d8a403feef0babb8/timeouts HTTP/1.1
2017-09-02 19:45:48 DEBUG headers:136 - http-outgoing-4 >> Content-Type: application/json; charset=utf-8
2017-09-02 19:45:48 DEBUG headers:136 - http-outgoing-4 >> Content-Length: 32
2017-09-02 19:45:48 DEBUG headers:136 - http-outgoing-4 >> Host: localhost:28058
2017-09-02 19:45:48 DEBUG headers:136 - http-outgoing-4 >> Connection: Keep-Alive
2017-09-02 19:45:48 DEBUG headers:136 - http-outgoing-4 >> User-Agent: Apache-HttpClient/4.5.3 (Java/1.8.0_121)
2017-09-02 19:45:48 DEBUG headers:136 - http-outgoing-4 >> Accept-Encoding: gzip,deflate
2017-09-02 19:45:48 DEBUG wire:73 - http-outgoing-4 >> "POST /session/42c123a71e96ff77d8a403feef0babb8/timeouts HTTP/1.1[\r][\n]"
2017-09-02 19:45:48 DEBUG wire:73 - http-outgoing-4 >> "Content-Type: application/json; charset=utf-8[\r][\n]"
2017-09-02 19:45:48 DEBUG wire:73 - http-outgoing-4 >> "Content-Length: 32[\r][\n]"
2017-09-02 19:45:48 DEBUG wire:73 - http-outgoing-4 >> "Host: localhost:28058[\r][\n]"
2017-09-02 19:45:48 DEBUG wire:73 - http-outgoing-4 >> "Connection: Keep-Alive[\r][\n]"
2017-09-02 19:45:48 DEBUG wire:73 - http-outgoing-4 >> "User-Agent: Apache-HttpClient/4.5.3 (Java/1.8.0_121)[\r][\n]"
2017-09-02 19:45:48 DEBUG wire:73 - http-outgoing-4 >> "Accept-Encoding: gzip,deflate[\r][\n]"
2017-09-02 19:45:48 DEBUG wire:73 - http-outgoing-4 >> "[\r][\n]"
2017-09-02 19:45:48 DEBUG wire:87 - http-outgoing-4 >> "{"type":"implicit","ms":1000000}"
2017-09-02 19:45:48 DEBUG wire:73 - http-outgoing-4 << "HTTP/1.1 200 OK[\r][\n]"
2017-09-02 19:45:48 DEBUG wire:73 - http-outgoing-4 << "Content-Length:72[\r][\n]"
2017-09-02 19:45:48 DEBUG wire:73 - http-outgoing-4 << "Content-Type:application/json; charset=utf-8[\r][\n]"
2017-09-02 19:45:48 DEBUG wire:73 - http-outgoing-4 << "Connection:close[\r][\n]"
2017-09-02 19:45:48 DEBUG wire:73 - http-outgoing-4 << "[\r][\n]"
2017-09-02 19:45:48 DEBUG wire:87 - http-outgoing-4 << "{"sessionId":"42c123a71e96ff77d8a403feef0babb8","status":0,"value":null}"
2017-09-02 19:45:48 DEBUG headers:122 - http-outgoing-4 << HTTP/1.1 200 OK
2017-09-02 19:45:48 DEBUG headers:125 - http-outgoing-4 << Content-Length:72
2017-09-02 19:45:48 DEBUG headers:125 - http-outgoing-4 << Content-Type:application/json; charset=utf-8
2017-09-02 19:45:48 DEBUG headers:125 - http-outgoing-4 << Connection:close
2017-09-02 19:45:48 DEBUG DefaultManagedHttpClientConnection:79 - http-outgoing-4: Close connection
2017-09-02 19:45:48 DEBUG MainClientExec:104 - Connection discarded
2017-09-02 19:45:48 DEBUG PoolingHttpClientConnectionManager:326 - Connection released: [id: 4][route: {}->http://localhost:28058][total kept alive: 0; route allocated: 0 of 2000; total allocated: 1 of 2000]
2017-09-02 19:45:48 DEBUG RequestAddCookies:123 - CookieSpec selected: default
2017-09-02 19:45:48 DEBUG RequestAuthCache:77 - Auth cache not set in the context
2017-09-02 19:45:48 DEBUG PoolingHttpClientConnectionManager:255 - Connection request: [route: {}->http://localhost:28058][total kept alive: 0; route allocated: 0 of 2000; total allocated: 1 of 2000]
2017-09-02 19:45:48 DEBUG PoolingHttpClientConnectionManager:288 - Connection leased: [id: 5][route: {}->http://localhost:28058][total kept alive: 0; route allocated: 1 of 2000; total allocated: 2 of 2000]
2017-09-02 19:45:48 DEBUG MainClientExec:235 - Opening connection {}->http://localhost:28058
2017-09-02 19:45:48 DEBUG DefaultHttpClientConnectionOperator:139 - Connecting to localhost/127.0.0.1:28058
2017-09-02 19:45:48 DEBUG DefaultHttpClientConnectionOperator:146 - Connection established 127.0.0.1:53600<->127.0.0.1:28058
2017-09-02 19:45:48 DEBUG DefaultManagedHttpClientConnection:88 - http-outgoing-5: set socket timeout to 10800000
2017-09-02 19:45:48 DEBUG MainClientExec:256 - Executing request POST /session/42c123a71e96ff77d8a403feef0babb8/url HTTP/1.1
2017-09-02 19:45:48 DEBUG MainClientExec:261 - Target auth state: UNCHALLENGED
2017-09-02 19:45:48 DEBUG MainClientExec:267 - Proxy auth state: UNCHALLENGED
2017-09-02 19:45:48 DEBUG headers:133 - http-outgoing-5 >> POST /session/42c123a71e96ff77d8a403feef0babb8/url HTTP/1.1
2017-09-02 19:45:48 DEBUG headers:136 - http-outgoing-5 >> Content-Type: application/json; charset=utf-8
2017-09-02 19:45:48 DEBUG headers:136 - http-outgoing-5 >> Content-Length: 46
2017-09-02 19:45:48 DEBUG headers:136 - http-outgoing-5 >> Host: localhost:28058
2017-09-02 19:45:48 DEBUG headers:136 - http-outgoing-5 >> Connection: Keep-Alive
2017-09-02 19:45:48 DEBUG headers:136 - http-outgoing-5 >> User-Agent: Apache-HttpClient/4.5.3 (Java/1.8.0_121)
2017-09-02 19:45:48 DEBUG headers:136 - http-outgoing-5 >> Accept-Encoding: gzip,deflate
2017-09-02 19:45:48 DEBUG wire:73 - http-outgoing-5 >> "POST /session/42c123a71e96ff77d8a403feef0babb8/url HTTP/1.1[\r][\n]"
2017-09-02 19:45:48 DEBUG wire:73 - http-outgoing-5 >> "Content-Type: application/json; charset=utf-8[\r][\n]"
2017-09-02 19:45:48 DEBUG wire:73 - http-outgoing-5 >> "Content-Length: 46[\r][\n]"
2017-09-02 19:45:48 DEBUG wire:73 - http-outgoing-5 >> "Host: localhost:28058[\r][\n]"
2017-09-02 19:45:48 DEBUG wire:73 - http-outgoing-5 >> "Connection: Keep-Alive[\r][\n]"
2017-09-02 19:45:48 DEBUG wire:73 - http-outgoing-5 >> "User-Agent: Apache-HttpClient/4.5.3 (Java/1.8.0_121)[\r][\n]"
2017-09-02 19:45:48 DEBUG wire:73 - http-outgoing-5 >> "Accept-Encoding: gzip,deflate[\r][\n]"
2017-09-02 19:45:48 DEBUG wire:73 - http-outgoing-5 >> "[\r][\n]"
2017-09-02 19:45:48 DEBUG wire:87 - http-outgoing-5 >> "{"url":"https://qa-interviewer.herokuapp.com"}"
2017-09-02 19:45:53 DEBUG wire:73 - http-outgoing-3 << "HTTP/1.1 200 OK[\r][\n]"
2017-09-02 19:45:53 DEBUG wire:73 - http-outgoing-3 << "Content-Length:72[\r][\n]"
2017-09-02 19:45:53 DEBUG wire:73 - http-outgoing-3 << "Content-Type:application/json; charset=utf-8[\r][\n]"
2017-09-02 19:45:53 DEBUG wire:73 - http-outgoing-3 << "Connection:close[\r][\n]"
2017-09-02 19:45:53 DEBUG wire:73 - http-outgoing-3 << "[\r][\n]"
2017-09-02 19:45:53 DEBUG wire:87 - http-outgoing-3 << "{"sessionId":"4a63d5e5785b00cada1966021cb7d50d","status":0,"value":null}"
2017-09-02 19:45:53 DEBUG headers:122 - http-outgoing-3 << HTTP/1.1 200 OK
2017-09-02 19:45:53 DEBUG headers:125 - http-outgoing-3 << Content-Length:72
2017-09-02 19:45:53 DEBUG headers:125 - http-outgoing-3 << Content-Type:application/json; charset=utf-8
2017-09-02 19:45:53 DEBUG headers:125 - http-outgoing-3 << Connection:close
2017-09-02 19:45:53 DEBUG DefaultManagedHttpClientConnection:79 - http-outgoing-3: Close connection
2017-09-02 19:45:53 DEBUG MainClientExec:104 - Connection discarded
2017-09-02 19:45:53 DEBUG PoolingHttpClientConnectionManager:326 - Connection released: [id: 3][route: {}->http://localhost:41235][total kept alive: 0; route allocated: 0 of 2000; total allocated: 1 of 2000]
2017-09-02 19:45:53 DEBUG RequestAddCookies:123 - CookieSpec selected: default
2017-09-02 19:45:53 DEBUG RequestAuthCache:77 - Auth cache not set in the context
2017-09-02 19:45:53 DEBUG PoolingHttpClientConnectionManager:255 - Connection request: [route: {}->http://localhost:41235][total kept alive: 0; route allocated: 0 of 2000; total allocated: 1 of 2000]
2017-09-02 19:45:53 DEBUG PoolingHttpClientConnectionManager:288 - Connection leased: [id: 6][route: {}->http://localhost:41235][total kept alive: 0; route allocated: 1 of 2000; total allocated: 2 of 2000]
2017-09-02 19:45:53 DEBUG MainClientExec:235 - Opening connection {}->http://localhost:41235
2017-09-02 19:45:53 DEBUG DefaultHttpClientConnectionOperator:139 - Connecting to localhost/127.0.0.1:41235
2017-09-02 19:45:53 DEBUG DefaultHttpClientConnectionOperator:146 - Connection established 127.0.0.1:53611<->127.0.0.1:41235
2017-09-02 19:45:53 DEBUG DefaultManagedHttpClientConnection:88 - http-outgoing-6: set socket timeout to 10800000
2017-09-02 19:45:53 DEBUG MainClientExec:256 - Executing request POST /session/4a63d5e5785b00cada1966021cb7d50d/element HTTP/1.1
2017-09-02 19:45:53 DEBUG MainClientExec:261 - Target auth state: UNCHALLENGED
2017-09-02 19:45:53 DEBUG MainClientExec:267 - Proxy auth state: UNCHALLENGED
2017-09-02 19:45:53 DEBUG headers:133 - http-outgoing-6 >> POST /session/4a63d5e5785b00cada1966021cb7d50d/element HTTP/1.1
2017-09-02 19:45:53 DEBUG headers:136 - http-outgoing-6 >> Content-Type: application/json; charset=utf-8
2017-09-02 19:45:53 DEBUG headers:136 - http-outgoing-6 >> Content-Length: 38
2017-09-02 19:45:53 DEBUG headers:136 - http-outgoing-6 >> Host: localhost:41235
2017-09-02 19:45:53 DEBUG headers:136 - http-outgoing-6 >> Connection: Keep-Alive
2017-09-02 19:45:53 DEBUG headers:136 - http-outgoing-6 >> User-Agent: Apache-HttpClient/4.5.3 (Java/1.8.0_121)
2017-09-02 19:45:53 DEBUG headers:136 - http-outgoing-6 >> Accept-Encoding: gzip,deflate
2017-09-02 19:45:53 DEBUG wire:73 - http-outgoing-6 >> "POST /session/4a63d5e5785b00cada1966021cb7d50d/element HTTP/1.1[\r][\n]"
2017-09-02 19:45:53 DEBUG wire:73 - http-outgoing-6 >> "Content-Type: application/json; charset=utf-8[\r][\n]"
2017-09-02 19:45:53 DEBUG wire:73 - http-outgoing-6 >> "Content-Length: 38[\r][\n]"
2017-09-02 19:45:53 DEBUG wire:73 - http-outgoing-6 >> "Host: localhost:41235[\r][\n]"
2017-09-02 19:45:53 DEBUG wire:73 - http-outgoing-6 >> "Connection: Keep-Alive[\r][\n]"
2017-09-02 19:45:53 DEBUG wire:73 - http-outgoing-6 >> "User-Agent: Apache-HttpClient/4.5.3 (Java/1.8.0_121)[\r][\n]"
2017-09-02 19:45:53 DEBUG wire:73 - http-outgoing-6 >> "Accept-Encoding: gzip,deflate[\r][\n]"
2017-09-02 19:45:53 DEBUG wire:73 - http-outgoing-6 >> "[\r][\n]"
2017-09-02 19:45:53 DEBUG wire:87 - http-outgoing-6 >> "{"using":"link text","value":"Log in"}"
2017-09-02 19:45:53 DEBUG wire:73 - http-outgoing-6 << "HTTP/1.1 200 OK[\r][\n]"
2017-09-02 19:45:53 DEBUG wire:73 - http-outgoing-6 << "Content-Length:102[\r][\n]"
2017-09-02 19:45:53 DEBUG wire:73 - http-outgoing-6 << "Content-Type:application/json; charset=utf-8[\r][\n]"
2017-09-02 19:45:53 DEBUG wire:73 - http-outgoing-6 << "Connection:close[\r][\n]"
2017-09-02 19:45:53 DEBUG wire:73 - http-outgoing-6 << "[\r][\n]"
2017-09-02 19:45:53 DEBUG wire:87 - http-outgoing-6 << "{"sessionId":"4a63d5e5785b00cada1966021cb7d50d","status":0,"value":{"ELEMENT":"0.6374813026808381-1"}}"
2017-09-02 19:45:53 DEBUG headers:122 - http-outgoing-6 << HTTP/1.1 200 OK
2017-09-02 19:45:53 DEBUG headers:125 - http-outgoing-6 << Content-Length:102
2017-09-02 19:45:53 DEBUG headers:125 - http-outgoing-6 << Content-Type:application/json; charset=utf-8
2017-09-02 19:45:53 DEBUG headers:125 - http-outgoing-6 << Connection:close
2017-09-02 19:45:53 DEBUG DefaultManagedHttpClientConnection:79 - http-outgoing-6: Close connection
2017-09-02 19:45:53 DEBUG MainClientExec:104 - Connection discarded
2017-09-02 19:45:53 DEBUG PoolingHttpClientConnectionManager:326 - Connection released: [id: 6][route: {}->http://localhost:41235][total kept alive: 0; route allocated: 0 of 2000; total allocated: 1 of 2000]
2017-09-02 19:45:53 DEBUG RequestAddCookies:123 - CookieSpec selected: default
2017-09-02 19:45:53 DEBUG RequestAuthCache:77 - Auth cache not set in the context
2017-09-02 19:45:53 DEBUG PoolingHttpClientConnectionManager:255 - Connection request: [route: {}->http://localhost:41235][total kept alive: 0; route allocated: 0 of 2000; total allocated: 1 of 2000]
2017-09-02 19:45:53 DEBUG PoolingHttpClientConnectionManager:288 - Connection leased: [id: 7][route: {}->http://localhost:41235][total kept alive: 0; route allocated: 1 of 2000; total allocated: 2 of 2000]
2017-09-02 19:45:53 DEBUG MainClientExec:235 - Opening connection {}->http://localhost:41235
2017-09-02 19:45:53 DEBUG DefaultHttpClientConnectionOperator:139 - Connecting to localhost/127.0.0.1:41235
2017-09-02 19:45:53 DEBUG DefaultHttpClientConnectionOperator:146 - Connection established 127.0.0.1:53612<->127.0.0.1:41235
2017-09-02 19:45:53 DEBUG DefaultManagedHttpClientConnection:88 - http-outgoing-7: set socket timeout to 10800000
2017-09-02 19:45:53 DEBUG MainClientExec:256 - Executing request POST /session/4a63d5e5785b00cada1966021cb7d50d/element/0.6374813026808381-1/click HTTP/1.1
2017-09-02 19:45:53 DEBUG MainClientExec:261 - Target auth state: UNCHALLENGED
2017-09-02 19:45:53 DEBUG MainClientExec:267 - Proxy auth state: UNCHALLENGED
2017-09-02 19:45:53 DEBUG headers:133 - http-outgoing-7 >> POST /session/4a63d5e5785b00cada1966021cb7d50d/element/0.6374813026808381-1/click HTTP/1.1
2017-09-02 19:45:53 DEBUG headers:136 - http-outgoing-7 >> Content-Type: application/json; charset=utf-8
2017-09-02 19:45:53 DEBUG headers:136 - http-outgoing-7 >> Content-Length: 29
2017-09-02 19:45:53 DEBUG headers:136 - http-outgoing-7 >> Host: localhost:41235
2017-09-02 19:45:53 DEBUG headers:136 - http-outgoing-7 >> Connection: Keep-Alive
2017-09-02 19:45:53 DEBUG headers:136 - http-outgoing-7 >> User-Agent: Apache-HttpClient/4.5.3 (Java/1.8.0_121)
2017-09-02 19:45:53 DEBUG headers:136 - http-outgoing-7 >> Accept-Encoding: gzip,deflate
2017-09-02 19:45:53 DEBUG wire:73 - http-outgoing-7 >> "POST /session/4a63d5e5785b00cada1966021cb7d50d/element/0.6374813026808381-1/click HTTP/1.1[\r][\n]"
2017-09-02 19:45:53 DEBUG wire:73 - http-outgoing-7 >> "Content-Type: application/json; charset=utf-8[\r][\n]"
2017-09-02 19:45:53 DEBUG wire:73 - http-outgoing-7 >> "Content-Length: 29[\r][\n]"
2017-09-02 19:45:53 DEBUG wire:73 - http-outgoing-7 >> "Host: localhost:41235[\r][\n]"
2017-09-02 19:45:53 DEBUG wire:73 - http-outgoing-7 >> "Connection: Keep-Alive[\r][\n]"
2017-09-02 19:45:53 DEBUG wire:73 - http-outgoing-7 >> "User-Agent: Apache-HttpClient/4.5.3 (Java/1.8.0_121)[\r][\n]"
2017-09-02 19:45:53 DEBUG wire:73 - http-outgoing-7 >> "Accept-Encoding: gzip,deflate[\r][\n]"
2017-09-02 19:45:53 DEBUG wire:73 - http-outgoing-7 >> "[\r][\n]"
2017-09-02 19:45:53 DEBUG wire:87 - http-outgoing-7 >> "{"id":"0.6374813026808381-1"}"
2017-09-02 19:45:53 DEBUG wire:73 - http-outgoing-7 << "HTTP/1.1 200 OK[\r][\n]"
2017-09-02 19:45:53 DEBUG wire:73 - http-outgoing-7 << "Content-Length:72[\r][\n]"
2017-09-02 19:45:53 DEBUG wire:73 - http-outgoing-7 << "Content-Type:application/json; charset=utf-8[\r][\n]"
2017-09-02 19:45:53 DEBUG wire:73 - http-outgoing-7 << "Connection:close[\r][\n]"
2017-09-02 19:45:53 DEBUG wire:73 - http-outgoing-7 << "[\r][\n]"
2017-09-02 19:45:53 DEBUG wire:87 - http-outgoing-7 << "{"sessionId":"4a63d5e5785b00cada1966021cb7d50d","status":0,"value":null}"
2017-09-02 19:45:53 DEBUG headers:122 - http-outgoing-7 << HTTP/1.1 200 OK
2017-09-02 19:45:53 DEBUG headers:125 - http-outgoing-7 << Content-Length:72
2017-09-02 19:45:53 DEBUG headers:125 - http-outgoing-7 << Content-Type:application/json; charset=utf-8
2017-09-02 19:45:53 DEBUG headers:125 - http-outgoing-7 << Connection:close
2017-09-02 19:45:53 DEBUG DefaultManagedHttpClientConnection:79 - http-outgoing-7: Close connection
2017-09-02 19:45:53 DEBUG MainClientExec:104 - Connection discarded
2017-09-02 19:45:53 DEBUG PoolingHttpClientConnectionManager:326 - Connection released: [id: 7][route: {}->http://localhost:41235][total kept alive: 0; route allocated: 0 of 2000; total allocated: 1 of 2000]
2017-09-02 19:45:53 DEBUG RequestAddCookies:123 - CookieSpec selected: default
2017-09-02 19:45:53 DEBUG RequestAuthCache:77 - Auth cache not set in the context
2017-09-02 19:45:53 DEBUG PoolingHttpClientConnectionManager:255 - Connection request: [route: {}->http://localhost:41235][total kept alive: 0; route allocated: 0 of 2000; total allocated: 1 of 2000]
2017-09-02 19:45:53 DEBUG PoolingHttpClientConnectionManager:288 - Connection leased: [id: 8][route: {}->http://localhost:41235][total kept alive: 0; route allocated: 1 of 2000; total allocated: 2 of 2000]
2017-09-02 19:45:53 DEBUG MainClientExec:235 - Opening connection {}->http://localhost:41235
2017-09-02 19:45:53 DEBUG DefaultHttpClientConnectionOperator:139 - Connecting to localhost/127.0.0.1:41235
2017-09-02 19:45:53 DEBUG DefaultHttpClientConnectionOperator:146 - Connection established 127.0.0.1:53613<->127.0.0.1:41235
2017-09-02 19:45:53 DEBUG DefaultManagedHttpClientConnection:88 - http-outgoing-8: set socket timeout to 10800000
2017-09-02 19:45:53 DEBUG MainClientExec:256 - Executing request POST /session/4a63d5e5785b00cada1966021cb7d50d/element HTTP/1.1
2017-09-02 19:45:53 DEBUG MainClientExec:261 - Target auth state: UNCHALLENGED
2017-09-02 19:45:53 DEBUG MainClientExec:267 - Proxy auth state: UNCHALLENGED
2017-09-02 19:45:53 DEBUG headers:133 - http-outgoing-8 >> POST /session/4a63d5e5785b00cada1966021cb7d50d/element HTTP/1.1
2017-09-02 19:45:53 DEBUG headers:136 - http-outgoing-8 >> Content-Type: application/json; charset=utf-8
2017-09-02 19:45:53 DEBUG headers:136 - http-outgoing-8 >> Content-Length: 33
2017-09-02 19:45:53 DEBUG headers:136 - http-outgoing-8 >> Host: localhost:41235
2017-09-02 19:45:53 DEBUG headers:136 - http-outgoing-8 >> Connection: Keep-Alive
2017-09-02 19:45:53 DEBUG headers:136 - http-outgoing-8 >> User-Agent: Apache-HttpClient/4.5.3 (Java/1.8.0_121)
2017-09-02 19:45:53 DEBUG headers:136 - http-outgoing-8 >> Accept-Encoding: gzip,deflate
2017-09-02 19:45:53 DEBUG wire:73 - http-outgoing-8 >> "POST /session/4a63d5e5785b00cada1966021cb7d50d/element HTTP/1.1[\r][\n]"
2017-09-02 19:45:53 DEBUG wire:73 - http-outgoing-8 >> "Content-Type: application/json; charset=utf-8[\r][\n]"
2017-09-02 19:45:53 DEBUG wire:73 - http-outgoing-8 >> "Content-Length: 33[\r][\n]"
2017-09-02 19:45:53 DEBUG wire:73 - http-outgoing-8 >> "Host: localhost:41235[\r][\n]"
2017-09-02 19:45:53 DEBUG wire:73 - http-outgoing-8 >> "Connection: Keep-Alive[\r][\n]"
2017-09-02 19:45:53 DEBUG wire:73 - http-outgoing-8 >> "User-Agent: Apache-HttpClient/4.5.3 (Java/1.8.0_121)[\r][\n]"
2017-09-02 19:45:53 DEBUG wire:73 - http-outgoing-8 >> "Accept-Encoding: gzip,deflate[\r][\n]"
2017-09-02 19:45:53 DEBUG wire:73 - http-outgoing-8 >> "[\r][\n]"
2017-09-02 19:45:53 DEBUG wire:87 - http-outgoing-8 >> "{"using":"id","value":"username"}"
2017-09-02 19:45:54 DEBUG wire:73 - http-outgoing-8 << "HTTP/1.1 200 OK[\r][\n]"
2017-09-02 19:45:54 DEBUG wire:73 - http-outgoing-8 << "Content-Length:102[\r][\n]"
2017-09-02 19:45:54 DEBUG wire:73 - http-outgoing-8 << "Content-Type:application/json; charset=utf-8[\r][\n]"
2017-09-02 19:45:54 DEBUG wire:73 - http-outgoing-8 << "Connection:close[\r][\n]"
2017-09-02 19:45:54 DEBUG wire:73 - http-outgoing-8 << "[\r][\n]"
2017-09-02 19:45:54 DEBUG wire:87 - http-outgoing-8 << "{"sessionId":"4a63d5e5785b00cada1966021cb7d50d","status":0,"value":{"ELEMENT":"0.6374813026808381-2"}}"
2017-09-02 19:45:54 DEBUG headers:122 - http-outgoing-8 << HTTP/1.1 200 OK
2017-09-02 19:45:54 DEBUG headers:125 - http-outgoing-8 << Content-Length:102
2017-09-02 19:45:54 DEBUG headers:125 - http-outgoing-8 << Content-Type:application/json; charset=utf-8
2017-09-02 19:45:54 DEBUG headers:125 - http-outgoing-8 << Connection:close
2017-09-02 19:45:54 DEBUG DefaultManagedHttpClientConnection:79 - http-outgoing-8: Close connection
2017-09-02 19:45:54 DEBUG MainClientExec:104 - Connection discarded
2017-09-02 19:45:54 DEBUG PoolingHttpClientConnectionManager:326 - Connection released: [id: 8][route: {}->http://localhost:41235][total kept alive: 0; route allocated: 0 of 2000; total allocated: 1 of 2000]
2017-09-02 19:45:54 DEBUG RequestAddCookies:123 - CookieSpec selected: default
2017-09-02 19:45:54 DEBUG RequestAuthCache:77 - Auth cache not set in the context
2017-09-02 19:45:54 DEBUG PoolingHttpClientConnectionManager:255 - Connection request: [route: {}->http://localhost:41235][total kept alive: 0; route allocated: 0 of 2000; total allocated: 1 of 2000]
2017-09-02 19:45:54 DEBUG PoolingHttpClientConnectionManager:288 - Connection leased: [id: 9][route: {}->http://localhost:41235][total kept alive: 0; route allocated: 1 of 2000; total allocated: 2 of 2000]
2017-09-02 19:45:54 DEBUG MainClientExec:235 - Opening connection {}->http://localhost:41235
2017-09-02 19:45:54 DEBUG DefaultHttpClientConnectionOperator:139 - Connecting to localhost/127.0.0.1:41235
2017-09-02 19:45:54 DEBUG DefaultHttpClientConnectionOperator:146 - Connection established 127.0.0.1:53614<->127.0.0.1:41235
2017-09-02 19:45:54 DEBUG DefaultManagedHttpClientConnection:88 - http-outgoing-9: set socket timeout to 10800000
2017-09-02 19:45:54 DEBUG MainClientExec:256 - Executing request GET /session/4a63d5e5785b00cada1966021cb7d50d/element/0.6374813026808381-2/displayed HTTP/1.1
2017-09-02 19:45:54 DEBUG MainClientExec:261 - Target auth state: UNCHALLENGED
2017-09-02 19:45:54 DEBUG MainClientExec:267 - Proxy auth state: UNCHALLENGED
2017-09-02 19:45:54 DEBUG headers:133 - http-outgoing-9 >> GET /session/4a63d5e5785b00cada1966021cb7d50d/element/0.6374813026808381-2/displayed HTTP/1.1
2017-09-02 19:45:54 DEBUG headers:136 - http-outgoing-9 >> Cache-Control: no-cache
2017-09-02 19:45:54 DEBUG headers:136 - http-outgoing-9 >> Host: localhost:41235
2017-09-02 19:45:54 DEBUG headers:136 - http-outgoing-9 >> Connection: Keep-Alive
2017-09-02 19:45:54 DEBUG headers:136 - http-outgoing-9 >> User-Agent: Apache-HttpClient/4.5.3 (Java/1.8.0_121)
2017-09-02 19:45:54 DEBUG headers:136 - http-outgoing-9 >> Accept-Encoding: gzip,deflate
2017-09-02 19:45:54 DEBUG wire:73 - http-outgoing-9 >> "GET /session/4a63d5e5785b00cada1966021cb7d50d/element/0.6374813026808381-2/displayed HTTP/1.1[\r][\n]"
2017-09-02 19:45:54 DEBUG wire:73 - http-outgoing-9 >> "Cache-Control: no-cache[\r][\n]"
2017-09-02 19:45:54 DEBUG wire:73 - http-outgoing-9 >> "Host: localhost:41235[\r][\n]"
2017-09-02 19:45:54 DEBUG wire:73 - http-outgoing-9 >> "Connection: Keep-Alive[\r][\n]"
2017-09-02 19:45:54 DEBUG wire:73 - http-outgoing-9 >> "User-Agent: Apache-HttpClient/4.5.3 (Java/1.8.0_121)[\r][\n]"
2017-09-02 19:45:54 DEBUG wire:73 - http-outgoing-9 >> "Accept-Encoding: gzip,deflate[\r][\n]"
2017-09-02 19:45:54 DEBUG wire:73 - http-outgoing-9 >> "[\r][\n]"
2017-09-02 19:45:54 DEBUG wire:73 - http-outgoing-9 << "HTTP/1.1 200 OK[\r][\n]"
2017-09-02 19:45:54 DEBUG wire:73 - http-outgoing-9 << "Content-Length:72[\r][\n]"
2017-09-02 19:45:54 DEBUG wire:73 - http-outgoing-9 << "Content-Type:application/json; charset=utf-8[\r][\n]"
2017-09-02 19:45:54 DEBUG wire:73 - http-outgoing-9 << "Connection:close[\r][\n]"
2017-09-02 19:45:54 DEBUG wire:73 - http-outgoing-9 << "[\r][\n]"
2017-09-02 19:45:54 DEBUG wire:87 - http-outgoing-9 << "{"sessionId":"4a63d5e5785b00cada1966021cb7d50d","status":0,"value":true}"
2017-09-02 19:45:54 DEBUG headers:122 - http-outgoing-9 << HTTP/1.1 200 OK
2017-09-02 19:45:54 DEBUG headers:125 - http-outgoing-9 << Content-Length:72
2017-09-02 19:45:54 DEBUG headers:125 - http-outgoing-9 << Content-Type:application/json; charset=utf-8
2017-09-02 19:45:54 DEBUG headers:125 - http-outgoing-9 << Connection:close
2017-09-02 19:45:54 DEBUG DefaultManagedHttpClientConnection:79 - http-outgoing-9: Close connection
2017-09-02 19:45:54 DEBUG MainClientExec:104 - Connection discarded
2017-09-02 19:45:54 DEBUG PoolingHttpClientConnectionManager:326 - Connection released: [id: 9][route: {}->http://localhost:41235][total kept alive: 0; route allocated: 0 of 2000; total allocated: 1 of 2000]
2017-09-02 19:45:54 DEBUG RequestAddCookies:123 - CookieSpec selected: default
2017-09-02 19:45:54 DEBUG RequestAuthCache:77 - Auth cache not set in the context
2017-09-02 19:45:54 DEBUG PoolingHttpClientConnectionManager:255 - Connection request: [route: {}->http://localhost:41235][total kept alive: 0; route allocated: 0 of 2000; total allocated: 1 of 2000]
2017-09-02 19:45:54 DEBUG PoolingHttpClientConnectionManager:288 - Connection leased: [id: 10][route: {}->http://localhost:41235][total kept alive: 0; route allocated: 1 of 2000; total allocated: 2 of 2000]
2017-09-02 19:45:54 DEBUG MainClientExec:235 - Opening connection {}->http://localhost:41235
2017-09-02 19:45:54 DEBUG DefaultHttpClientConnectionOperator:139 - Connecting to localhost/127.0.0.1:41235
2017-09-02 19:45:54 DEBUG DefaultHttpClientConnectionOperator:146 - Connection established 127.0.0.1:53615<->127.0.0.1:41235
2017-09-02 19:45:54 DEBUG DefaultManagedHttpClientConnection:88 - http-outgoing-10: set socket timeout to 10800000
2017-09-02 19:45:54 DEBUG MainClientExec:256 - Executing request POST /session/4a63d5e5785b00cada1966021cb7d50d/element HTTP/1.1
2017-09-02 19:45:54 DEBUG MainClientExec:261 - Target auth state: UNCHALLENGED
2017-09-02 19:45:54 DEBUG MainClientExec:267 - Proxy auth state: UNCHALLENGED
2017-09-02 19:45:54 DEBUG headers:133 - http-outgoing-10 >> POST /session/4a63d5e5785b00cada1966021cb7d50d/element HTTP/1.1
2017-09-02 19:45:54 DEBUG headers:136 - http-outgoing-10 >> Content-Type: application/json; charset=utf-8
2017-09-02 19:45:54 DEBUG headers:136 - http-outgoing-10 >> Content-Length: 33
2017-09-02 19:45:54 DEBUG headers:136 - http-outgoing-10 >> Host: localhost:41235
2017-09-02 19:45:54 DEBUG headers:136 - http-outgoing-10 >> Connection: Keep-Alive
2017-09-02 19:45:54 DEBUG headers:136 - http-outgoing-10 >> User-Agent: Apache-HttpClient/4.5.3 (Java/1.8.0_121)
2017-09-02 19:45:54 DEBUG headers:136 - http-outgoing-10 >> Accept-Encoding: gzip,deflate
2017-09-02 19:45:54 DEBUG wire:73 - http-outgoing-10 >> "POST /session/4a63d5e5785b00cada1966021cb7d50d/element HTTP/1.1[\r][\n]"
2017-09-02 19:45:54 DEBUG wire:73 - http-outgoing-10 >> "Content-Type: application/json; charset=utf-8[\r][\n]"
2017-09-02 19:45:54 DEBUG wire:73 - http-outgoing-10 >> "Content-Length: 33[\r][\n]"
2017-09-02 19:45:54 DEBUG wire:73 - http-outgoing-10 >> "Host: localhost:41235[\r][\n]"
2017-09-02 19:45:54 DEBUG wire:73 - http-outgoing-10 >> "Connection: Keep-Alive[\r][\n]"
2017-09-02 19:45:54 DEBUG wire:73 - http-outgoing-10 >> "User-Agent: Apache-HttpClient/4.5.3 (Java/1.8.0_121)[\r][\n]"
2017-09-02 19:45:54 DEBUG wire:73 - http-outgoing-10 >> "Accept-Encoding: gzip,deflate[\r][\n]"
2017-09-02 19:45:54 DEBUG wire:73 - http-outgoing-10 >> "[\r][\n]"
2017-09-02 19:45:54 DEBUG wire:87 - http-outgoing-10 >> "{"using":"id","value":"password"}"
2017-09-02 19:45:54 DEBUG wire:73 - http-outgoing-10 << "HTTP/1.1 200 OK[\r][\n]"
2017-09-02 19:45:54 DEBUG wire:73 - http-outgoing-10 << "Content-Length:102[\r][\n]"
2017-09-02 19:45:54 DEBUG wire:73 - http-outgoing-10 << "Content-Type:application/json; charset=utf-8[\r][\n]"
2017-09-02 19:45:54 DEBUG wire:73 - http-outgoing-10 << "Connection:close[\r][\n]"
2017-09-02 19:45:54 DEBUG wire:73 - http-outgoing-10 << "[\r][\n]"
2017-09-02 19:45:54 DEBUG wire:87 - http-outgoing-10 << "{"sessionId":"4a63d5e5785b00cada1966021cb7d50d","status":0,"value":{"ELEMENT":"0.6374813026808381-3"}}"
2017-09-02 19:45:54 DEBUG headers:122 - http-outgoing-10 << HTTP/1.1 200 OK
2017-09-02 19:45:54 DEBUG headers:125 - http-outgoing-10 << Content-Length:102
2017-09-02 19:45:54 DEBUG headers:125 - http-outgoing-10 << Content-Type:application/json; charset=utf-8
2017-09-02 19:45:54 DEBUG headers:125 - http-outgoing-10 << Connection:close
2017-09-02 19:45:54 DEBUG DefaultManagedHttpClientConnection:79 - http-outgoing-10: Close connection
2017-09-02 19:45:54 DEBUG MainClientExec:104 - Connection discarded
2017-09-02 19:45:54 DEBUG PoolingHttpClientConnectionManager:326 - Connection released: [id: 10][route: {}->http://localhost:41235][total kept alive: 0; route allocated: 0 of 2000; total allocated: 1 of 2000]
2017-09-02 19:45:54 DEBUG RequestAddCookies:123 - CookieSpec selected: default
2017-09-02 19:45:54 DEBUG RequestAuthCache:77 - Auth cache not set in the context
2017-09-02 19:45:54 DEBUG PoolingHttpClientConnectionManager:255 - Connection request: [route: {}->http://localhost:41235][total kept alive: 0; route allocated: 0 of 2000; total allocated: 1 of 2000]
2017-09-02 19:45:54 DEBUG PoolingHttpClientConnectionManager:288 - Connection leased: [id: 11][route: {}->http://localhost:41235][total kept alive: 0; route allocated: 1 of 2000; total allocated: 2 of 2000]
2017-09-02 19:45:54 DEBUG MainClientExec:235 - Opening connection {}->http://localhost:41235
2017-09-02 19:45:54 DEBUG DefaultHttpClientConnectionOperator:139 - Connecting to localhost/127.0.0.1:41235
2017-09-02 19:45:54 DEBUG DefaultHttpClientConnectionOperator:146 - Connection established 127.0.0.1:53616<->127.0.0.1:41235
2017-09-02 19:45:54 DEBUG DefaultManagedHttpClientConnection:88 - http-outgoing-11: set socket timeout to 10800000
2017-09-02 19:45:54 DEBUG MainClientExec:256 - Executing request GET /session/4a63d5e5785b00cada1966021cb7d50d/element/0.6374813026808381-3/displayed HTTP/1.1
2017-09-02 19:45:54 DEBUG MainClientExec:261 - Target auth state: UNCHALLENGED
2017-09-02 19:45:54 DEBUG MainClientExec:267 - Proxy auth state: UNCHALLENGED
2017-09-02 19:45:54 DEBUG headers:133 - http-outgoing-11 >> GET /session/4a63d5e5785b00cada1966021cb7d50d/element/0.6374813026808381-3/displayed HTTP/1.1
2017-09-02 19:45:54 DEBUG headers:136 - http-outgoing-11 >> Cache-Control: no-cache
2017-09-02 19:45:54 DEBUG headers:136 - http-outgoing-11 >> Host: localhost:41235
2017-09-02 19:45:54 DEBUG headers:136 - http-outgoing-11 >> Connection: Keep-Alive
2017-09-02 19:45:54 DEBUG headers:136 - http-outgoing-11 >> User-Agent: Apache-HttpClient/4.5.3 (Java/1.8.0_121)
2017-09-02 19:45:54 DEBUG headers:136 - http-outgoing-11 >> Accept-Encoding: gzip,deflate
2017-09-02 19:45:54 DEBUG wire:73 - http-outgoing-11 >> "GET /session/4a63d5e5785b00cada1966021cb7d50d/element/0.6374813026808381-3/displayed HTTP/1.1[\r][\n]"
2017-09-02 19:45:54 DEBUG wire:73 - http-outgoing-11 >> "Cache-Control: no-cache[\r][\n]"
2017-09-02 19:45:54 DEBUG wire:73 - http-outgoing-11 >> "Host: localhost:41235[\r][\n]"
2017-09-02 19:45:54 DEBUG wire:73 - http-outgoing-11 >> "Connection: Keep-Alive[\r][\n]"
2017-09-02 19:45:54 DEBUG wire:73 - http-outgoing-11 >> "User-Agent: Apache-HttpClient/4.5.3 (Java/1.8.0_121)[\r][\n]"
2017-09-02 19:45:54 DEBUG wire:73 - http-outgoing-11 >> "Accept-Encoding: gzip,deflate[\r][\n]"
2017-09-02 19:45:54 DEBUG wire:73 - http-outgoing-11 >> "[\r][\n]"
2017-09-02 19:45:54 DEBUG wire:73 - http-outgoing-5 << "HTTP/1.1 200 OK[\r][\n]"
2017-09-02 19:45:54 DEBUG wire:73 - http-outgoing-5 << "Content-Length:72[\r][\n]"
2017-09-02 19:45:54 DEBUG wire:73 - http-outgoing-5 << "Content-Type:application/json; charset=utf-8[\r][\n]"
2017-09-02 19:45:54 DEBUG wire:73 - http-outgoing-5 << "Connection:close[\r][\n]"
2017-09-02 19:45:54 DEBUG wire:73 - http-outgoing-5 << "[\r][\n]"
2017-09-02 19:45:54 DEBUG wire:87 - http-outgoing-5 << "{"sessionId":"42c123a71e96ff77d8a403feef0babb8","status":0,"value":null}"
2017-09-02 19:45:54 DEBUG headers:122 - http-outgoing-5 << HTTP/1.1 200 OK
2017-09-02 19:45:54 DEBUG headers:125 - http-outgoing-5 << Content-Length:72
2017-09-02 19:45:54 DEBUG headers:125 - http-outgoing-5 << Content-Type:application/json; charset=utf-8
2017-09-02 19:45:54 DEBUG headers:125 - http-outgoing-5 << Connection:close
2017-09-02 19:45:54 DEBUG wire:73 - http-outgoing-11 << "HTTP/1.1 200 OK[\r][\n]"
2017-09-02 19:45:54 DEBUG wire:73 - http-outgoing-11 << "Content-Length:72[\r][\n]"
2017-09-02 19:45:54 DEBUG wire:73 - http-outgoing-11 << "Content-Type:application/json; charset=utf-8[\r][\n]"
2017-09-02 19:45:54 DEBUG wire:73 - http-outgoing-11 << "Connection:close[\r][\n]"
2017-09-02 19:45:54 DEBUG wire:73 - http-outgoing-11 << "[\r][\n]"
2017-09-02 19:45:54 DEBUG DefaultManagedHttpClientConnection:79 - http-outgoing-5: Close connection
2017-09-02 19:45:54 DEBUG wire:87 - http-outgoing-11 << "{"sessionId":"4a63d5e5785b00cada1966021cb7d50d","status":0,"value":true}"
2017-09-02 19:45:54 DEBUG MainClientExec:104 - Connection discarded
2017-09-02 19:45:54 DEBUG headers:122 - http-outgoing-11 << HTTP/1.1 200 OK
2017-09-02 19:45:54 DEBUG PoolingHttpClientConnectionManager:326 - Connection released: [id: 5][route: {}->http://localhost:28058][total kept alive: 0; route allocated: 0 of 2000; total allocated: 1 of 2000]
2017-09-02 19:45:54 DEBUG headers:125 - http-outgoing-11 << Content-Length:72
2017-09-02 19:45:54 DEBUG headers:125 - http-outgoing-11 << Content-Type:application/json; charset=utf-8
2017-09-02 19:45:54 DEBUG headers:125 - http-outgoing-11 << Connection:close
2017-09-02 19:45:54 DEBUG DefaultManagedHttpClientConnection:79 - http-outgoing-11: Close connection
2017-09-02 19:45:54 DEBUG MainClientExec:104 - Connection discarded
2017-09-02 19:45:54 DEBUG PoolingHttpClientConnectionManager:326 - Connection released: [id: 11][route: {}->http://localhost:41235][total kept alive: 0; route allocated: 0 of 2000; total allocated: 0 of 2000]
2017-09-02 19:45:54 DEBUG RequestAddCookies:123 - CookieSpec selected: default
2017-09-02 19:45:54 DEBUG RequestAuthCache:77 - Auth cache not set in the context
2017-09-02 19:45:54 DEBUG PoolingHttpClientConnectionManager:255 - Connection request: [route: {}->http://localhost:41235][total kept alive: 0; route allocated: 0 of 2000; total allocated: 0 of 2000]
2017-09-02 19:45:54 DEBUG PoolingHttpClientConnectionManager:288 - Connection leased: [id: 12][route: {}->http://localhost:41235][total kept alive: 0; route allocated: 1 of 2000; total allocated: 1 of 2000]
2017-09-02 19:45:54 DEBUG MainClientExec:235 - Opening connection {}->http://localhost:41235
2017-09-02 19:45:54 DEBUG DefaultHttpClientConnectionOperator:139 - Connecting to localhost/127.0.0.1:41235
2017-09-02 19:45:54 DEBUG DefaultHttpClientConnectionOperator:146 - Connection established 127.0.0.1:53617<->127.0.0.1:41235
2017-09-02 19:45:54 DEBUG DefaultManagedHttpClientConnection:88 - http-outgoing-12: set socket timeout to 10800000
2017-09-02 19:45:54 DEBUG MainClientExec:256 - Executing request POST /session/4a63d5e5785b00cada1966021cb7d50d/element HTTP/1.1
2017-09-02 19:45:54 DEBUG MainClientExec:261 - Target auth state: UNCHALLENGED
2017-09-02 19:45:54 DEBUG MainClientExec:267 - Proxy auth state: UNCHALLENGED
2017-09-02 19:45:54 DEBUG headers:133 - http-outgoing-12 >> POST /session/4a63d5e5785b00cada1966021cb7d50d/element HTTP/1.1
2017-09-02 19:45:54 DEBUG headers:136 - http-outgoing-12 >> Content-Type: application/json; charset=utf-8
2017-09-02 19:45:54 DEBUG RequestAddCookies:123 - CookieSpec selected: default
2017-09-02 19:45:54 DEBUG headers:136 - http-outgoing-12 >> Content-Length: 36
2017-09-02 19:45:54 DEBUG RequestAuthCache:77 - Auth cache not set in the context
2017-09-02 19:45:54 DEBUG headers:136 - http-outgoing-12 >> Host: localhost:41235
2017-09-02 19:45:54 DEBUG PoolingHttpClientConnectionManager:255 - Connection request: [route: {}->http://localhost:28058][total kept alive: 0; route allocated: 0 of 2000; total allocated: 1 of 2000]
2017-09-02 19:45:54 DEBUG headers:136 - http-outgoing-12 >> Connection: Keep-Alive
2017-09-02 19:45:54 DEBUG headers:136 - http-outgoing-12 >> User-Agent: Apache-HttpClient/4.5.3 (Java/1.8.0_121)
2017-09-02 19:45:54 DEBUG PoolingHttpClientConnectionManager:288 - Connection leased: [id: 13][route: {}->http://localhost:28058][total kept alive: 0; route allocated: 1 of 2000; total allocated: 2 of 2000]
2017-09-02 19:45:54 DEBUG headers:136 - http-outgoing-12 >> Accept-Encoding: gzip,deflate
2017-09-02 19:45:54 DEBUG MainClientExec:235 - Opening connection {}->http://localhost:28058
2017-09-02 19:45:54 DEBUG wire:73 - http-outgoing-12 >> "POST /session/4a63d5e5785b00cada1966021cb7d50d/element HTTP/1.1[\r][\n]"
2017-09-02 19:45:54 DEBUG wire:73 - http-outgoing-12 >> "Content-Type: application/json; charset=utf-8[\r][\n]"
2017-09-02 19:45:54 DEBUG wire:73 - http-outgoing-12 >> "Content-Length: 36[\r][\n]"
2017-09-02 19:45:54 DEBUG wire:73 - http-outgoing-12 >> "Host: localhost:41235[\r][\n]"
2017-09-02 19:45:54 DEBUG wire:73 - http-outgoing-12 >> "Connection: Keep-Alive[\r][\n]"
2017-09-02 19:45:54 DEBUG wire:73 - http-outgoing-12 >> "User-Agent: Apache-HttpClient/4.5.3 (Java/1.8.0_121)[\r][\n]"
2017-09-02 19:45:54 DEBUG wire:73 - http-outgoing-12 >> "Accept-Encoding: gzip,deflate[\r][\n]"
2017-09-02 19:45:54 DEBUG wire:73 - http-outgoing-12 >> "[\r][\n]"
2017-09-02 19:45:54 DEBUG wire:87 - http-outgoing-12 >> "{"using":"id","value":"loginSubmit"}"
2017-09-02 19:45:54 DEBUG DefaultHttpClientConnectionOperator:139 - Connecting to localhost/127.0.0.1:28058
2017-09-02 19:45:54 DEBUG DefaultHttpClientConnectionOperator:146 - Connection established 127.0.0.1:53618<->127.0.0.1:28058
2017-09-02 19:45:54 DEBUG DefaultManagedHttpClientConnection:88 - http-outgoing-13: set socket timeout to 10800000
2017-09-02 19:45:54 DEBUG MainClientExec:256 - Executing request POST /session/42c123a71e96ff77d8a403feef0babb8/window/current/size HTTP/1.1
2017-09-02 19:45:54 DEBUG MainClientExec:261 - Target auth state: UNCHALLENGED
2017-09-02 19:45:54 DEBUG MainClientExec:267 - Proxy auth state: UNCHALLENGED
2017-09-02 19:45:54 DEBUG headers:133 - http-outgoing-13 >> POST /session/42c123a71e96ff77d8a403feef0babb8/window/current/size HTTP/1.1
2017-09-02 19:45:54 DEBUG headers:136 - http-outgoing-13 >> Content-Type: application/json; charset=utf-8
2017-09-02 19:45:54 DEBUG headers:136 - http-outgoing-13 >> Content-Length: 71
2017-09-02 19:45:54 DEBUG headers:136 - http-outgoing-13 >> Host: localhost:28058
2017-09-02 19:45:54 DEBUG headers:136 - http-outgoing-13 >> Connection: Keep-Alive
2017-09-02 19:45:54 DEBUG headers:136 - http-outgoing-13 >> User-Agent: Apache-HttpClient/4.5.3 (Java/1.8.0_121)
2017-09-02 19:45:54 DEBUG headers:136 - http-outgoing-13 >> Accept-Encoding: gzip,deflate
2017-09-02 19:45:54 DEBUG wire:73 - http-outgoing-13 >> "POST /session/42c123a71e96ff77d8a403feef0babb8/window/current/size HTTP/1.1[\r][\n]"
2017-09-02 19:45:54 DEBUG wire:73 - http-outgoing-13 >> "Content-Type: application/json; charset=utf-8[\r][\n]"
2017-09-02 19:45:54 DEBUG wire:73 - http-outgoing-13 >> "Content-Length: 71[\r][\n]"
2017-09-02 19:45:54 DEBUG wire:73 - http-outgoing-13 >> "Host: localhost:28058[\r][\n]"
2017-09-02 19:45:54 DEBUG wire:73 - http-outgoing-13 >> "Connection: Keep-Alive[\r][\n]"
2017-09-02 19:45:54 DEBUG wire:73 - http-outgoing-13 >> "User-Agent: Apache-HttpClient/4.5.3 (Java/1.8.0_121)[\r][\n]"
2017-09-02 19:45:54 DEBUG wire:73 - http-outgoing-13 >> "Accept-Encoding: gzip,deflate[\r][\n]"
2017-09-02 19:45:54 DEBUG wire:73 - http-outgoing-13 >> "[\r][\n]"
2017-09-02 19:45:54 DEBUG wire:87 - http-outgoing-13 >> "{"width":700,"height":1000,"windowHandle":"current","handle":"current"}"
2017-09-02 19:45:54 DEBUG wire:73 - http-outgoing-12 << "HTTP/1.1 200 OK[\r][\n]"
2017-09-02 19:45:54 DEBUG wire:73 - http-outgoing-12 << "Content-Length:102[\r][\n]"
2017-09-02 19:45:54 DEBUG wire:73 - http-outgoing-12 << "Content-Type:application/json; charset=utf-8[\r][\n]"
2017-09-02 19:45:54 DEBUG wire:73 - http-outgoing-12 << "Connection:close[\r][\n]"
2017-09-02 19:45:54 DEBUG wire:73 - http-outgoing-12 << "[\r][\n]"
2017-09-02 19:45:54 DEBUG wire:87 - http-outgoing-12 << "{"sessionId":"4a63d5e5785b00cada1966021cb7d50d","status":0,"value":{"ELEMENT":"0.6374813026808381-4"}}"
2017-09-02 19:45:54 DEBUG headers:122 - http-outgoing-12 << HTTP/1.1 200 OK
2017-09-02 19:45:54 DEBUG headers:125 - http-outgoing-12 << Content-Length:102
2017-09-02 19:45:54 DEBUG headers:125 - http-outgoing-12 << Content-Type:application/json; charset=utf-8
2017-09-02 19:45:54 DEBUG headers:125 - http-outgoing-12 << Connection:close
2017-09-02 19:45:54 DEBUG DefaultManagedHttpClientConnection:79 - http-outgoing-12: Close connection
2017-09-02 19:45:54 DEBUG MainClientExec:104 - Connection discarded
2017-09-02 19:45:54 DEBUG PoolingHttpClientConnectionManager:326 - Connection released: [id: 12][route: {}->http://localhost:41235][total kept alive: 0; route allocated: 0 of 2000; total allocated: 1 of 2000]
2017-09-02 19:45:54 DEBUG RequestAddCookies:123 - CookieSpec selected: default
2017-09-02 19:45:54 DEBUG RequestAuthCache:77 - Auth cache not set in the context
2017-09-02 19:45:54 DEBUG PoolingHttpClientConnectionManager:255 - Connection request: [route: {}->http://localhost:41235][total kept alive: 0; route allocated: 0 of 2000; total allocated: 1 of 2000]
2017-09-02 19:45:54 DEBUG PoolingHttpClientConnectionManager:288 - Connection leased: [id: 14][route: {}->http://localhost:41235][total kept alive: 0; route allocated: 1 of 2000; total allocated: 2 of 2000]
2017-09-02 19:45:54 DEBUG MainClientExec:235 - Opening connection {}->http://localhost:41235
2017-09-02 19:45:54 DEBUG DefaultHttpClientConnectionOperator:139 - Connecting to localhost/127.0.0.1:41235
2017-09-02 19:45:54 DEBUG DefaultHttpClientConnectionOperator:146 - Connection established 127.0.0.1:53620<->127.0.0.1:41235
2017-09-02 19:45:54 DEBUG DefaultManagedHttpClientConnection:88 - http-outgoing-14: set socket timeout to 10800000
2017-09-02 19:45:54 DEBUG MainClientExec:256 - Executing request GET /session/4a63d5e5785b00cada1966021cb7d50d/element/0.6374813026808381-4/displayed HTTP/1.1
2017-09-02 19:45:54 DEBUG MainClientExec:261 - Target auth state: UNCHALLENGED
2017-09-02 19:45:54 DEBUG MainClientExec:267 - Proxy auth state: UNCHALLENGED
2017-09-02 19:45:54 DEBUG headers:133 - http-outgoing-14 >> GET /session/4a63d5e5785b00cada1966021cb7d50d/element/0.6374813026808381-4/displayed HTTP/1.1
2017-09-02 19:45:54 DEBUG headers:136 - http-outgoing-14 >> Cache-Control: no-cache
2017-09-02 19:45:54 DEBUG headers:136 - http-outgoing-14 >> Host: localhost:41235
2017-09-02 19:45:54 DEBUG headers:136 - http-outgoing-14 >> Connection: Keep-Alive
2017-09-02 19:45:54 DEBUG headers:136 - http-outgoing-14 >> User-Agent: Apache-HttpClient/4.5.3 (Java/1.8.0_121)
2017-09-02 19:45:54 DEBUG headers:136 - http-outgoing-14 >> Accept-Encoding: gzip,deflate
2017-09-02 19:45:54 DEBUG wire:73 - http-outgoing-14 >> "GET /session/4a63d5e5785b00cada1966021cb7d50d/element/0.6374813026808381-4/displayed HTTP/1.1[\r][\n]"
2017-09-02 19:45:54 DEBUG wire:73 - http-outgoing-14 >> "Cache-Control: no-cache[\r][\n]"
2017-09-02 19:45:54 DEBUG wire:73 - http-outgoing-14 >> "Host: localhost:41235[\r][\n]"
2017-09-02 19:45:54 DEBUG wire:73 - http-outgoing-14 >> "Connection: Keep-Alive[\r][\n]"
2017-09-02 19:45:54 DEBUG wire:73 - http-outgoing-14 >> "User-Agent: Apache-HttpClient/4.5.3 (Java/1.8.0_121)[\r][\n]"
2017-09-02 19:45:54 DEBUG wire:73 - http-outgoing-14 >> "Accept-Encoding: gzip,deflate[\r][\n]"
2017-09-02 19:45:54 DEBUG wire:73 - http-outgoing-14 >> "[\r][\n]"
2017-09-02 19:45:54 DEBUG wire:73 - http-outgoing-14 << "HTTP/1.1 200 OK[\r][\n]"
2017-09-02 19:45:54 DEBUG wire:73 - http-outgoing-14 << "Content-Length:72[\r][\n]"
2017-09-02 19:45:54 DEBUG wire:73 - http-outgoing-14 << "Content-Type:application/json; charset=utf-8[\r][\n]"
2017-09-02 19:45:54 DEBUG wire:73 - http-outgoing-14 << "Connection:close[\r][\n]"
2017-09-02 19:45:54 DEBUG wire:73 - http-outgoing-14 << "[\r][\n]"
2017-09-02 19:45:54 DEBUG wire:87 - http-outgoing-14 << "{"sessionId":"4a63d5e5785b00cada1966021cb7d50d","status":0,"value":true}"
2017-09-02 19:45:54 DEBUG headers:122 - http-outgoing-14 << HTTP/1.1 200 OK
2017-09-02 19:45:54 DEBUG headers:125 - http-outgoing-14 << Content-Length:72
2017-09-02 19:45:54 DEBUG headers:125 - http-outgoing-14 << Content-Type:application/json; charset=utf-8
2017-09-02 19:45:54 DEBUG headers:125 - http-outgoing-14 << Connection:close
2017-09-02 19:45:54 DEBUG DefaultManagedHttpClientConnection:79 - http-outgoing-14: Close connection
2017-09-02 19:45:54 DEBUG MainClientExec:104 - Connection discarded
2017-09-02 19:45:54 DEBUG PoolingHttpClientConnectionManager:326 - Connection released: [id: 14][route: {}->http://localhost:41235][total kept alive: 0; route allocated: 0 of 2000; total allocated: 1 of 2000]
2017-09-02 19:45:54 DEBUG RequestAddCookies:123 - CookieSpec selected: default
2017-09-02 19:45:54 DEBUG RequestAuthCache:77 - Auth cache not set in the context
2017-09-02 19:45:54 DEBUG PoolingHttpClientConnectionManager:255 - Connection request: [route: {}->http://localhost:41235][total kept alive: 0; route allocated: 0 of 2000; total allocated: 1 of 2000]
2017-09-02 19:45:54 DEBUG PoolingHttpClientConnectionManager:288 - Connection leased: [id: 15][route: {}->http://localhost:41235][total kept alive: 0; route allocated: 1 of 2000; total allocated: 2 of 2000]
2017-09-02 19:45:54 DEBUG MainClientExec:235 - Opening connection {}->http://localhost:41235
2017-09-02 19:45:54 DEBUG DefaultHttpClientConnectionOperator:139 - Connecting to localhost/127.0.0.1:41235
2017-09-02 19:45:54 DEBUG DefaultHttpClientConnectionOperator:146 - Connection established 127.0.0.1:53621<->127.0.0.1:41235
2017-09-02 19:45:54 DEBUG DefaultManagedHttpClientConnection:88 - http-outgoing-15: set socket timeout to 10800000
2017-09-02 19:45:54 DEBUG MainClientExec:256 - Executing request POST /session/4a63d5e5785b00cada1966021cb7d50d/element HTTP/1.1
2017-09-02 19:45:54 DEBUG MainClientExec:261 - Target auth state: UNCHALLENGED
2017-09-02 19:45:54 DEBUG MainClientExec:267 - Proxy auth state: UNCHALLENGED
2017-09-02 19:45:54 DEBUG headers:133 - http-outgoing-15 >> POST /session/4a63d5e5785b00cada1966021cb7d50d/element HTTP/1.1
2017-09-02 19:45:54 DEBUG headers:136 - http-outgoing-15 >> Content-Type: application/json; charset=utf-8
2017-09-02 19:45:54 DEBUG headers:136 - http-outgoing-15 >> Content-Length: 38
2017-09-02 19:45:54 DEBUG headers:136 - http-outgoing-15 >> Host: localhost:41235
2017-09-02 19:45:54 DEBUG headers:136 - http-outgoing-15 >> Connection: Keep-Alive
2017-09-02 19:45:54 DEBUG headers:136 - http-outgoing-15 >> User-Agent: Apache-HttpClient/4.5.3 (Java/1.8.0_121)
2017-09-02 19:45:54 DEBUG headers:136 - http-outgoing-15 >> Accept-Encoding: gzip,deflate
2017-09-02 19:45:54 DEBUG wire:73 - http-outgoing-15 >> "POST /session/4a63d5e5785b00cada1966021cb7d50d/element HTTP/1.1[\r][\n]"
2017-09-02 19:45:54 DEBUG wire:73 - http-outgoing-15 >> "Content-Type: application/json; charset=utf-8[\r][\n]"
2017-09-02 19:45:54 DEBUG wire:73 - http-outgoing-15 >> "Content-Length: 38[\r][\n]"
2017-09-02 19:45:54 DEBUG wire:73 - http-outgoing-15 >> "Host: localhost:41235[\r][\n]"
2017-09-02 19:45:54 DEBUG wire:73 - http-outgoing-15 >> "Connection: Keep-Alive[\r][\n]"
2017-09-02 19:45:54 DEBUG wire:73 - http-outgoing-15 >> "User-Agent: Apache-HttpClient/4.5.3 (Java/1.8.0_121)[\r][\n]"
2017-09-02 19:45:54 DEBUG wire:73 - http-outgoing-15 >> "Accept-Encoding: gzip,deflate[\r][\n]"
2017-09-02 19:45:54 DEBUG wire:73 - http-outgoing-15 >> "[\r][\n]"
2017-09-02 19:45:54 DEBUG wire:87 - http-outgoing-15 >> "{"using":"id","value":"forgotPassBtn"}"
2017-09-02 19:45:54 DEBUG wire:73 - http-outgoing-13 << "HTTP/1.1 200 OK[\r][\n]"
2017-09-02 19:45:54 DEBUG wire:73 - http-outgoing-13 << "Content-Length:72[\r][\n]"
2017-09-02 19:45:54 DEBUG wire:73 - http-outgoing-13 << "Content-Type:application/json; charset=utf-8[\r][\n]"
2017-09-02 19:45:54 DEBUG wire:73 - http-outgoing-13 << "Connection:close[\r][\n]"
2017-09-02 19:45:54 DEBUG wire:73 - http-outgoing-13 << "[\r][\n]"
2017-09-02 19:45:54 DEBUG wire:87 - http-outgoing-13 << "{"sessionId":"42c123a71e96ff77d8a403feef0babb8","status":0,"value":null}"
2017-09-02 19:45:54 DEBUG headers:122 - http-outgoing-13 << HTTP/1.1 200 OK
2017-09-02 19:45:54 DEBUG headers:125 - http-outgoing-13 << Content-Length:72
2017-09-02 19:45:54 DEBUG headers:125 - http-outgoing-13 << Content-Type:application/json; charset=utf-8
2017-09-02 19:45:54 DEBUG headers:125 - http-outgoing-13 << Connection:close
2017-09-02 19:45:54 DEBUG DefaultManagedHttpClientConnection:79 - http-outgoing-13: Close connection
2017-09-02 19:45:54 DEBUG MainClientExec:104 - Connection discarded
2017-09-02 19:45:54 DEBUG PoolingHttpClientConnectionManager:326 - Connection released: [id: 13][route: {}->http://localhost:28058][total kept alive: 0; route allocated: 0 of 2000; total allocated: 1 of 2000]
2017-09-02 19:45:54 DEBUG RequestAddCookies:123 - CookieSpec selected: default
2017-09-02 19:45:54 DEBUG RequestAuthCache:77 - Auth cache not set in the context
2017-09-02 19:45:54 DEBUG PoolingHttpClientConnectionManager:255 - Connection request: [route: {}->http://localhost:28058][total kept alive: 0; route allocated: 0 of 2000; total allocated: 1 of 2000]
2017-09-02 19:45:54 DEBUG PoolingHttpClientConnectionManager:288 - Connection leased: [id: 16][route: {}->http://localhost:28058][total kept alive: 0; route allocated: 1 of 2000; total allocated: 2 of 2000]
2017-09-02 19:45:54 DEBUG MainClientExec:235 - Opening connection {}->http://localhost:28058
2017-09-02 19:45:54 DEBUG DefaultHttpClientConnectionOperator:139 - Connecting to localhost/127.0.0.1:28058
2017-09-02 19:45:54 DEBUG DefaultHttpClientConnectionOperator:146 - Connection established 127.0.0.1:53622<->127.0.0.1:28058
2017-09-02 19:45:54 DEBUG DefaultManagedHttpClientConnection:88 - http-outgoing-16: set socket timeout to 10800000
2017-09-02 19:45:54 DEBUG MainClientExec:256 - Executing request POST /session/42c123a71e96ff77d8a403feef0babb8/element HTTP/1.1
2017-09-02 19:45:54 DEBUG MainClientExec:261 - Target auth state: UNCHALLENGED
2017-09-02 19:45:54 DEBUG MainClientExec:267 - Proxy auth state: UNCHALLENGED
2017-09-02 19:45:54 DEBUG headers:133 - http-outgoing-16 >> POST /session/42c123a71e96ff77d8a403feef0babb8/element HTTP/1.1
2017-09-02 19:45:54 DEBUG headers:136 - http-outgoing-16 >> Content-Type: application/json; charset=utf-8
2017-09-02 19:45:54 DEBUG headers:136 - http-outgoing-16 >> Content-Length: 45
2017-09-02 19:45:54 DEBUG headers:136 - http-outgoing-16 >> Host: localhost:28058
2017-09-02 19:45:54 DEBUG headers:136 - http-outgoing-16 >> Connection: Keep-Alive
2017-09-02 19:45:54 DEBUG headers:136 - http-outgoing-16 >> User-Agent: Apache-HttpClient/4.5.3 (Java/1.8.0_121)
2017-09-02 19:45:54 DEBUG headers:136 - http-outgoing-16 >> Accept-Encoding: gzip,deflate
2017-09-02 19:45:54 DEBUG wire:73 - http-outgoing-16 >> "POST /session/42c123a71e96ff77d8a403feef0babb8/element HTTP/1.1[\r][\n]"
2017-09-02 19:45:54 DEBUG wire:73 - http-outgoing-16 >> "Content-Type: application/json; charset=utf-8[\r][\n]"
2017-09-02 19:45:54 DEBUG wire:73 - http-outgoing-16 >> "Content-Length: 45[\r][\n]"
2017-09-02 19:45:54 DEBUG wire:73 - http-outgoing-16 >> "Host: localhost:28058[\r][\n]"
2017-09-02 19:45:54 DEBUG wire:73 - http-outgoing-16 >> "Connection: Keep-Alive[\r][\n]"
2017-09-02 19:45:54 DEBUG wire:73 - http-outgoing-16 >> "User-Agent: Apache-HttpClient/4.5.3 (Java/1.8.0_121)[\r][\n]"
2017-09-02 19:45:54 DEBUG wire:73 - http-outgoing-16 >> "Accept-Encoding: gzip,deflate[\r][\n]"
2017-09-02 19:45:54 DEBUG wire:73 - http-outgoing-16 >> "[\r][\n]"
2017-09-02 19:45:54 DEBUG wire:87 - http-outgoing-16 >> "{"using":"id","value":"sidebar-collapse-btn"}"
2017-09-02 19:45:54 DEBUG wire:73 - http-outgoing-15 << "HTTP/1.1 200 OK[\r][\n]"
2017-09-02 19:45:54 DEBUG wire:73 - http-outgoing-15 << "Content-Length:102[\r][\n]"
2017-09-02 19:45:54 DEBUG wire:73 - http-outgoing-15 << "Content-Type:application/json; charset=utf-8[\r][\n]"
2017-09-02 19:45:54 DEBUG wire:73 - http-outgoing-15 << "Connection:close[\r][\n]"
2017-09-02 19:45:54 DEBUG wire:73 - http-outgoing-15 << "[\r][\n]"
2017-09-02 19:45:54 DEBUG wire:87 - http-outgoing-15 << "{"sessionId":"4a63d5e5785b00cada1966021cb7d50d","status":0,"value":{"ELEMENT":"0.6374813026808381-5"}}"
2017-09-02 19:45:54 DEBUG headers:122 - http-outgoing-15 << HTTP/1.1 200 OK
2017-09-02 19:45:54 DEBUG headers:125 - http-outgoing-15 << Content-Length:102
2017-09-02 19:45:54 DEBUG headers:125 - http-outgoing-15 << Content-Type:application/json; charset=utf-8
2017-09-02 19:45:54 DEBUG headers:125 - http-outgoing-15 << Connection:close
2017-09-02 19:45:54 DEBUG DefaultManagedHttpClientConnection:79 - http-outgoing-15: Close connection
2017-09-02 19:45:54 DEBUG MainClientExec:104 - Connection discarded
2017-09-02 19:45:54 DEBUG PoolingHttpClientConnectionManager:326 - Connection released: [id: 15][route: {}->http://localhost:41235][total kept alive: 0; route allocated: 0 of 2000; total allocated: 1 of 2000]
2017-09-02 19:45:54 DEBUG RequestAddCookies:123 - CookieSpec selected: default
2017-09-02 19:45:54 DEBUG RequestAuthCache:77 - Auth cache not set in the context
2017-09-02 19:45:54 DEBUG PoolingHttpClientConnectionManager:255 - Connection request: [route: {}->http://localhost:41235][total kept alive: 0; route allocated: 0 of 2000; total allocated: 1 of 2000]
2017-09-02 19:45:54 DEBUG PoolingHttpClientConnectionManager:288 - Connection leased: [id: 17][route: {}->http://localhost:41235][total kept alive: 0; route allocated: 1 of 2000; total allocated: 2 of 2000]
2017-09-02 19:45:54 DEBUG MainClientExec:235 - Opening connection {}->http://localhost:41235
2017-09-02 19:45:54 DEBUG DefaultHttpClientConnectionOperator:139 - Connecting to localhost/127.0.0.1:41235
2017-09-02 19:45:54 DEBUG DefaultHttpClientConnectionOperator:146 - Connection established 127.0.0.1:53623<->127.0.0.1:41235
2017-09-02 19:45:54 DEBUG DefaultManagedHttpClientConnection:88 - http-outgoing-17: set socket timeout to 10800000
2017-09-02 19:45:54 DEBUG MainClientExec:256 - Executing request GET /session/4a63d5e5785b00cada1966021cb7d50d/element/0.6374813026808381-5/displayed HTTP/1.1
2017-09-02 19:45:54 DEBUG MainClientExec:261 - Target auth state: UNCHALLENGED
2017-09-02 19:45:54 DEBUG MainClientExec:267 - Proxy auth state: UNCHALLENGED
2017-09-02 19:45:54 DEBUG headers:133 - http-outgoing-17 >> GET /session/4a63d5e5785b00cada1966021cb7d50d/element/0.6374813026808381-5/displayed HTTP/1.1
2017-09-02 19:45:54 DEBUG headers:136 - http-outgoing-17 >> Cache-Control: no-cache
2017-09-02 19:45:54 DEBUG headers:136 - http-outgoing-17 >> Host: localhost:41235
2017-09-02 19:45:54 DEBUG headers:136 - http-outgoing-17 >> Connection: Keep-Alive
2017-09-02 19:45:54 DEBUG headers:136 - http-outgoing-17 >> User-Agent: Apache-HttpClient/4.5.3 (Java/1.8.0_121)
2017-09-02 19:45:54 DEBUG headers:136 - http-outgoing-17 >> Accept-Encoding: gzip,deflate
2017-09-02 19:45:54 DEBUG wire:73 - http-outgoing-17 >> "GET /session/4a63d5e5785b00cada1966021cb7d50d/element/0.6374813026808381-5/displayed HTTP/1.1[\r][\n]"
2017-09-02 19:45:54 DEBUG wire:73 - http-outgoing-17 >> "Cache-Control: no-cache[\r][\n]"
2017-09-02 19:45:54 DEBUG wire:73 - http-outgoing-17 >> "Host: localhost:41235[\r][\n]"
2017-09-02 19:45:54 DEBUG wire:73 - http-outgoing-17 >> "Connection: Keep-Alive[\r][\n]"
2017-09-02 19:45:54 DEBUG wire:73 - http-outgoing-17 >> "User-Agent: Apache-HttpClient/4.5.3 (Java/1.8.0_121)[\r][\n]"
2017-09-02 19:45:54 DEBUG wire:73 - http-outgoing-17 >> "Accept-Encoding: gzip,deflate[\r][\n]"
2017-09-02 19:45:54 DEBUG wire:73 - http-outgoing-17 >> "[\r][\n]"
2017-09-02 19:45:55 DEBUG wire:73 - http-outgoing-16 << "HTTP/1.1 200 OK[\r][\n]"
2017-09-02 19:45:55 DEBUG wire:73 - http-outgoing-16 << "Content-Length:101[\r][\n]"
2017-09-02 19:45:55 DEBUG wire:73 - http-outgoing-16 << "Content-Type:application/json; charset=utf-8[\r][\n]"
2017-09-02 19:45:55 DEBUG wire:73 - http-outgoing-16 << "Connection:close[\r][\n]"
2017-09-02 19:45:55 DEBUG wire:73 - http-outgoing-16 << "[\r][\n]"
2017-09-02 19:45:55 DEBUG wire:87 - http-outgoing-16 << "{"sessionId":"42c123a71e96ff77d8a403feef0babb8","status":0,"value":{"ELEMENT":"0.680945397504835-1"}}"
2017-09-02 19:45:55 DEBUG headers:122 - http-outgoing-16 << HTTP/1.1 200 OK
2017-09-02 19:45:55 DEBUG headers:125 - http-outgoing-16 << Content-Length:101
2017-09-02 19:45:55 DEBUG headers:125 - http-outgoing-16 << Content-Type:application/json; charset=utf-8
2017-09-02 19:45:55 DEBUG headers:125 - http-outgoing-16 << Connection:close
2017-09-02 19:45:55 DEBUG DefaultManagedHttpClientConnection:79 - http-outgoing-16: Close connection
2017-09-02 19:45:55 DEBUG MainClientExec:104 - Connection discarded
2017-09-02 19:45:55 DEBUG PoolingHttpClientConnectionManager:326 - Connection released: [id: 16][route: {}->http://localhost:28058][total kept alive: 0; route allocated: 0 of 2000; total allocated: 1 of 2000]
2017-09-02 19:45:55 DEBUG RequestAddCookies:123 - CookieSpec selected: default
2017-09-02 19:45:55 DEBUG RequestAuthCache:77 - Auth cache not set in the context
2017-09-02 19:45:55 DEBUG PoolingHttpClientConnectionManager:255 - Connection request: [route: {}->http://localhost:28058][total kept alive: 0; route allocated: 0 of 2000; total allocated: 1 of 2000]
2017-09-02 19:45:55 DEBUG PoolingHttpClientConnectionManager:288 - Connection leased: [id: 18][route: {}->http://localhost:28058][total kept alive: 0; route allocated: 1 of 2000; total allocated: 2 of 2000]
2017-09-02 19:45:55 DEBUG MainClientExec:235 - Opening connection {}->http://localhost:28058
2017-09-02 19:45:55 DEBUG DefaultHttpClientConnectionOperator:139 - Connecting to localhost/127.0.0.1:28058
2017-09-02 19:45:55 DEBUG DefaultHttpClientConnectionOperator:146 - Connection established 127.0.0.1:53624<->127.0.0.1:28058
2017-09-02 19:45:55 DEBUG DefaultManagedHttpClientConnection:88 - http-outgoing-18: set socket timeout to 10800000
2017-09-02 19:45:55 DEBUG MainClientExec:256 - Executing request GET /session/42c123a71e96ff77d8a403feef0babb8/element/0.680945397504835-1/displayed HTTP/1.1
2017-09-02 19:45:55 DEBUG MainClientExec:261 - Target auth state: UNCHALLENGED
2017-09-02 19:45:55 DEBUG MainClientExec:267 - Proxy auth state: UNCHALLENGED
2017-09-02 19:45:55 DEBUG headers:133 - http-outgoing-18 >> GET /session/42c123a71e96ff77d8a403feef0babb8/element/0.680945397504835-1/displayed HTTP/1.1
2017-09-02 19:45:55 DEBUG headers:136 - http-outgoing-18 >> Cache-Control: no-cache
2017-09-02 19:45:55 DEBUG headers:136 - http-outgoing-18 >> Host: localhost:28058
2017-09-02 19:45:55 DEBUG headers:136 - http-outgoing-18 >> Connection: Keep-Alive
2017-09-02 19:45:55 DEBUG headers:136 - http-outgoing-18 >> User-Agent: Apache-HttpClient/4.5.3 (Java/1.8.0_121)
2017-09-02 19:45:55 DEBUG headers:136 - http-outgoing-18 >> Accept-Encoding: gzip,deflate
2017-09-02 19:45:55 DEBUG wire:73 - http-outgoing-18 >> "GET /session/42c123a71e96ff77d8a403feef0babb8/element/0.680945397504835-1/displayed HTTP/1.1[\r][\n]"
2017-09-02 19:45:55 DEBUG wire:73 - http-outgoing-18 >> "Cache-Control: no-cache[\r][\n]"
2017-09-02 19:45:55 DEBUG wire:73 - http-outgoing-18 >> "Host: localhost:28058[\r][\n]"
2017-09-02 19:45:55 DEBUG wire:73 - http-outgoing-18 >> "Connection: Keep-Alive[\r][\n]"
2017-09-02 19:45:55 DEBUG wire:73 - http-outgoing-18 >> "User-Agent: Apache-HttpClient/4.5.3 (Java/1.8.0_121)[\r][\n]"
2017-09-02 19:45:55 DEBUG wire:73 - http-outgoing-18 >> "Accept-Encoding: gzip,deflate[\r][\n]"
2017-09-02 19:45:55 DEBUG wire:73 - http-outgoing-18 >> "[\r][\n]"
2017-09-02 19:45:55 DEBUG wire:73 - http-outgoing-17 << "HTTP/1.1 200 OK[\r][\n]"
2017-09-02 19:45:55 DEBUG wire:73 - http-outgoing-17 << "Content-Length:72[\r][\n]"
2017-09-02 19:45:55 DEBUG wire:73 - http-outgoing-17 << "Content-Type:application/json; charset=utf-8[\r][\n]"
2017-09-02 19:45:55 DEBUG wire:73 - http-outgoing-17 << "Connection:close[\r][\n]"
2017-09-02 19:45:55 DEBUG wire:73 - http-outgoing-17 << "[\r][\n]"
2017-09-02 19:45:55 DEBUG wire:87 - http-outgoing-17 << "{"sessionId":"4a63d5e5785b00cada1966021cb7d50d","status":0,"value":true}"
2017-09-02 19:45:55 DEBUG headers:122 - http-outgoing-17 << HTTP/1.1 200 OK
2017-09-02 19:45:55 DEBUG headers:125 - http-outgoing-17 << Content-Length:72
2017-09-02 19:45:55 DEBUG headers:125 - http-outgoing-17 << Content-Type:application/json; charset=utf-8
2017-09-02 19:45:55 DEBUG headers:125 - http-outgoing-17 << Connection:close
2017-09-02 19:45:55 DEBUG DefaultManagedHttpClientConnection:79 - http-outgoing-17: Close connection
2017-09-02 19:45:55 DEBUG MainClientExec:104 - Connection discarded
2017-09-02 19:45:55 DEBUG PoolingHttpClientConnectionManager:326 - Connection released: [id: 17][route: {}->http://localhost:41235][total kept alive: 0; route allocated: 0 of 2000; total allocated: 1 of 2000]
2017-09-02 19:45:55 DEBUG RequestAddCookies:123 - CookieSpec selected: default
2017-09-02 19:45:55 DEBUG RequestAuthCache:77 - Auth cache not set in the context
2017-09-02 19:45:55 DEBUG PoolingHttpClientConnectionManager:255 - Connection request: [route: {}->http://localhost:41235][total kept alive: 0; route allocated: 0 of 2000; total allocated: 1 of 2000]
2017-09-02 19:45:55 DEBUG PoolingHttpClientConnectionManager:288 - Connection leased: [id: 19][route: {}->http://localhost:41235][total kept alive: 0; route allocated: 1 of 2000; total allocated: 2 of 2000]
2017-09-02 19:45:55 DEBUG MainClientExec:235 - Opening connection {}->http://localhost:41235
2017-09-02 19:45:55 DEBUG DefaultHttpClientConnectionOperator:139 - Connecting to localhost/127.0.0.1:41235
2017-09-02 19:45:55 DEBUG DefaultHttpClientConnectionOperator:146 - Connection established 127.0.0.1:53625<->127.0.0.1:41235
2017-09-02 19:45:55 DEBUG DefaultManagedHttpClientConnection:88 - http-outgoing-19: set socket timeout to 10800000
2017-09-02 19:45:55 DEBUG MainClientExec:256 - Executing request POST /session/4a63d5e5785b00cada1966021cb7d50d/element HTTP/1.1
2017-09-02 19:45:55 DEBUG MainClientExec:261 - Target auth state: UNCHALLENGED
2017-09-02 19:45:55 DEBUG MainClientExec:267 - Proxy auth state: UNCHALLENGED
2017-09-02 19:45:55 DEBUG headers:133 - http-outgoing-19 >> POST /session/4a63d5e5785b00cada1966021cb7d50d/element HTTP/1.1
2017-09-02 19:45:55 DEBUG headers:136 - http-outgoing-19 >> Content-Type: application/json; charset=utf-8
2017-09-02 19:45:55 DEBUG headers:136 - http-outgoing-19 >> Content-Length: 34
2017-09-02 19:45:55 DEBUG headers:136 - http-outgoing-19 >> Host: localhost:41235
2017-09-02 19:45:55 DEBUG headers:136 - http-outgoing-19 >> Connection: Keep-Alive
2017-09-02 19:45:55 DEBUG headers:136 - http-outgoing-19 >> User-Agent: Apache-HttpClient/4.5.3 (Java/1.8.0_121)
2017-09-02 19:45:55 DEBUG headers:136 - http-outgoing-19 >> Accept-Encoding: gzip,deflate
2017-09-02 19:45:55 DEBUG wire:73 - http-outgoing-19 >> "POST /session/4a63d5e5785b00cada1966021cb7d50d/element HTTP/1.1[\r][\n]"
2017-09-02 19:45:55 DEBUG wire:73 - http-outgoing-19 >> "Content-Type: application/json; charset=utf-8[\r][\n]"
2017-09-02 19:45:55 DEBUG wire:73 - http-outgoing-19 >> "Content-Length: 34[\r][\n]"
2017-09-02 19:45:55 DEBUG wire:73 - http-outgoing-19 >> "Host: localhost:41235[\r][\n]"
2017-09-02 19:45:55 DEBUG wire:73 - http-outgoing-19 >> "Connection: Keep-Alive[\r][\n]"
2017-09-02 19:45:55 DEBUG wire:73 - http-outgoing-19 >> "User-Agent: Apache-HttpClient/4.5.3 (Java/1.8.0_121)[\r][\n]"
2017-09-02 19:45:55 DEBUG wire:73 - http-outgoing-19 >> "Accept-Encoding: gzip,deflate[\r][\n]"
2017-09-02 19:45:55 DEBUG wire:73 - http-outgoing-19 >> "[\r][\n]"
2017-09-02 19:45:55 DEBUG wire:87 - http-outgoing-19 >> "{"using":"id","value":"noAccount"}"
2017-09-02 19:45:55 DEBUG wire:73 - http-outgoing-18 << "HTTP/1.1 200 OK[\r][\n]"
2017-09-02 19:45:55 DEBUG wire:73 - http-outgoing-18 << "Content-Length:73[\r][\n]"
2017-09-02 19:45:55 DEBUG wire:73 - http-outgoing-18 << "Content-Type:application/json; charset=utf-8[\r][\n]"
2017-09-02 19:45:55 DEBUG wire:73 - http-outgoing-18 << "Connection:close[\r][\n]"
2017-09-02 19:45:55 DEBUG wire:73 - http-outgoing-18 << "[\r][\n]"
2017-09-02 19:45:55 DEBUG wire:87 - http-outgoing-18 << "{"sessionId":"42c123a71e96ff77d8a403feef0babb8","status":0,"value":false}"
2017-09-02 19:45:55 DEBUG headers:122 - http-outgoing-18 << HTTP/1.1 200 OK
2017-09-02 19:45:55 DEBUG headers:125 - http-outgoing-18 << Content-Length:73
2017-09-02 19:45:55 DEBUG headers:125 - http-outgoing-18 << Content-Type:application/json; charset=utf-8
2017-09-02 19:45:55 DEBUG headers:125 - http-outgoing-18 << Connection:close
2017-09-02 19:45:55 DEBUG DefaultManagedHttpClientConnection:79 - http-outgoing-18: Close connection
2017-09-02 19:45:55 DEBUG MainClientExec:104 - Connection discarded
2017-09-02 19:45:55 DEBUG PoolingHttpClientConnectionManager:326 - Connection released: [id: 18][route: {}->http://localhost:28058][total kept alive: 0; route allocated: 0 of 2000; total allocated: 1 of 2000]
]]></system-out>
    <system-err><![CDATA[Starting ChromeDriver 2.29.461591 (62ebf098771772160f391d75e589dc567915b233) on port 28058
Only local connections are allowed.
Starting ChromeDriver 2.29.461591 (62ebf098771772160f391d75e589dc567915b233) on port 41235
Only local connections are allowed.
сен 02, 2017 7:45:47 PM org.openqa.selenium.remote.ProtocolHandshake createSession
INFO: Detected dialect: OSS
сен 02, 2017 7:45:48 PM org.openqa.selenium.remote.ProtocolHandshake createSession
INFO: Detected dialect: OSS
]]></system-err>
  </testcase>
  <testcase name="assertElementsOnPage" classname="Login" time="2.47"/>
  <testcase name="dontHaveAccount" classname="Login" time="3.633"/>
  <testcase name="asserItemLinks" classname="SideMenu" time="0.26"/>
  <testcase name="enterEmail" classname="Login" time="2.058"/>
  <testcase name="enterMaxEmail" classname="Login" time="0.951"/>
  <testcase name="enterMaxPassword" classname="Login" time="0.918"/>
  <testcase name="enterMinPassword" classname="Login" time="2.031"/>
  <testcase name="enterMinThenMinEmail" classname="Login" time="1.867"/>
  <testcase name="assertActiveItem" classname="SideMenu" time="0.679"/>
  <testcase name="enterMinThenMinPassword" classname="Login" time="1.753"/>
  <testcase name="enterWithEmptyPassword" classname="Login" time="2.495"/>
  <testcase name="enterWithWrongEmail" classname="Login" time="1.909"/>
  <testcase name="assertChangingTemplateItem" classname="SideMenu" time="1.353"/>
  <testcase name="enterWithWrongPassword" classname="Login" time="1.047"/>
  <testcase name="passwordHolder" classname="Login" time="1.551"/>
  <testcase name="assertIconsOfMenuItems" classname="SideMenu" time="0.518"/>
  <testcase name="passwordWithAsterisk" classname="Login" time="1.666"/>
</testsuite>