<?xml version="1.0" encoding="UTF-8"?>
<!-- Generated by org.testng.reporters.JUnitReportReporter -->
<testsuite skipped="0" hostname="DESKTOP-D6S82PI" name="Login" tests="13" failures="0" timestamp="01 сен 2017 15:04:03 GMT" time="32.374" errors="0">
  <testcase name="assertElementsOnPage" time="9.321" classname="Login"/>
  <testcase name="enterEmail" time="1.700" classname="Login"/>
  <testcase name="enterWithWrongEmail" time="1.631" classname="Login"/>
  <testcase name="enterMinThenMinEmail" time="1.674" classname="Login"/>
  <testcase name="enterWithWrongPassword" time="1.446" classname="Login"/>
  <testcase name="dontHaveAccount" time="3.765" classname="Login"/>
  <testcase name="enterMaxEmail" time="1.178" classname="Login"/>
  <testcase name="enterMaxPassword" time="1.294" classname="Login"/>
  <testcase name="passwordWithAsterisk" time="1.426" classname="Login"/>
  <testcase name="enterMinThenMinPassword" time="2.784" classname="Login"/>
  <testcase name="enterWithEmptyPassword" time="2.064" classname="Login"/>
  <testcase name="passwordHolder" time="1.170" classname="Login"/>
  <testcase name="enterMinPassword" time="2.921" classname="Login"/>
</testsuite> <!-- Login -->
