<?xml version="1.0" encoding="UTF-8"?>
<!-- Generated by org.testng.reporters.JUnitReportReporter -->
<testsuite skipped="0" hostname="OKSANA" name="ui.Login" tests="13" failures="0" timestamp="08 сен 2017 14:07:45 GMT" time="43.578" errors="0">
  <testcase name="enterMinPassword" time="2.729" classname="ui.Login"/>
  <testcase name="enterWithWrongEmail" time="2.786" classname="ui.Login"/>
  <testcase name="enterEmail" time="2.552" classname="ui.Login"/>
  <testcase name="passwordHolder" time="1.717" classname="ui.Login"/>
  <testcase name="assertElementsOnPage" time="13.372" classname="ui.Login"/>
  <testcase name="enterMaxPassword" time="0.974" classname="ui.Login"/>
  <testcase name="enterMinThenMinEmail" time="2.429" classname="ui.Login"/>
  <testcase name="dontHaveAccount" time="4.078" classname="ui.Login"/>
  <testcase name="enterMinThenMinPassword" time="3.215" classname="ui.Login"/>
  <testcase name="enterMaxEmail" time="1.809" classname="ui.Login"/>
  <testcase name="enterWithWrongPassword" time="2.734" classname="ui.Login"/>
  <testcase name="enterWithEmptyPassword" time="3.503" classname="ui.Login"/>
  <testcase name="passwordWithAsterisk" time="1.680" classname="ui.Login"/>
</testsuite> <!-- ui.Login -->
