<?xml version="1.0" encoding="UTF-8"?>
<!-- Generated by org.testng.reporters.JUnitReportReporter -->
<testsuite skipped="0" hostname="DESKTOP-II50ODI" name="Login" tests="13" failures="0" timestamp="03 сен 2017 12:51:25 GMT" time="71.296" errors="0">
  <testcase name="enterWithWrongPassword" time="3.066" classname="Login"/>
  <testcase name="enterMinThenMinPassword" time="2.785" classname="Login"/>
  <testcase name="assertElementsOnPage" time="39.919" classname="Login"/>
  <testcase name="passwordHolder" time="2.158" classname="Login"/>
  <testcase name="enterWithWrongEmail" time="2.643" classname="Login"/>
  <testcase name="enterEmail" time="3.184" classname="Login"/>
  <testcase name="dontHaveAccount" time="5.105" classname="Login"/>
  <testcase name="enterMinPassword" time="2.142" classname="Login"/>
  <testcase name="enterWithEmptyPassword" time="2.658" classname="Login"/>
  <testcase name="enterMaxPassword" time="1.601" classname="Login"/>
  <testcase name="enterMaxEmail" time="1.638" classname="Login"/>
  <testcase name="enterMinThenMinEmail" time="2.191" classname="Login"/>
  <testcase name="passwordWithAsterisk" time="2.206" classname="Login"/>
</testsuite> <!-- Login -->
