<?xml version="1.0" encoding="UTF-8"?>
<!-- Generated by org.testng.reporters.JUnitReportReporter -->
<testsuite skipped="0" hostname="DESKTOP-II50ODI" name="Login" tests="13" failures="0" timestamp="02 сен 2017 16:46:23 GMT" time="33.659" errors="0">
  <testcase name="enterMaxPassword" time="0.916" classname="Login"/>
  <testcase name="enterWithWrongPassword" time="2.399" classname="Login"/>
  <testcase name="passwordWithAsterisk" time="1.665" classname="Login"/>
  <testcase name="passwordHolder" time="1.551" classname="Login"/>
  <testcase name="assertElementsOnPage" time="9.481" classname="Login"/>
  <testcase name="enterMinPassword" time="2.037" classname="Login"/>
  <testcase name="enterMaxEmail" time="0.951" classname="Login"/>
  <testcase name="dontHaveAccount" time="3.635" classname="Login"/>
  <testcase name="enterMinThenMinPassword" time="2.436" classname="Login"/>
  <testcase name="enterWithWrongEmail" time="1.910" classname="Login"/>
  <testcase name="enterEmail" time="2.319" classname="Login"/>
  <testcase name="enterMinThenMinEmail" time="1.864" classname="Login"/>
  <testcase name="enterWithEmptyPassword" time="2.495" classname="Login"/>
</testsuite> <!-- Login -->
