<?xml version="1.0" encoding="UTF-8"?>
<!-- Generated by org.testng.reporters.JUnitReportReporter -->
<testsuite skipped="0" hostname="OKSANA" name="ui.SideMenu" tests="5" failures="0" timestamp="08 сен 2017 14:07:45 GMT" time="30.356" errors="0">
  <testcase name="assertIconsOfMenuItems" time="2.136" classname="ui.SideMenu"/>
  <testcase name="assertActiveItem" time="11.284" classname="ui.SideMenu"/>
  <testcase name="asserHideMenu" time="4.213" classname="ui.SideMenu"/>
  <testcase name="asserItemLinks" time="6.380" classname="ui.SideMenu"/>
  <testcase name="assertChangingTemplateItem" time="6.343" classname="ui.SideMenu"/>
</testsuite> <!-- ui.SideMenu -->
